
-------------------------------------------------------------------------------------------------------------

Processing CONFIRMED [DataImportTeamAnalysisResult: data_import_session_id=1, 'A.R.C.A. SSD. RL', season_id=132 - team match: 'A.R.C.A. S.S.D. a RL' (ID:138) score: 0.9563, best match: '' score: 0.9563]...
Using team_id alias override = 138 for 'A.R.C.A. SSD. RL'...

-------------------------------------------------------------------------------------------------------------
                    [[[ 'A.R.C.A. SSD. RL' ]]]  -- season_id: 132, best-match search:

   - (Team            ) 'A.R.C.A. S.S.D. a RL', score 0.9563, ID:  138
   - (TeamAffiliation ) 'A.R.C.A. S.S.D. a RL', score 0.9563, ID:  333, season_id:  132	=> Team ID:  138 (SEASON OK)

   ==> 2 results tot., min. bias: 0.9500
   Team   BEST...: (Team            ) 'A.R.C.A. S.S.D. a RL', score 0.9563, ID:  138
   Affil. BEST...: (TeamAffiliation ) 'A.R.C.A. S.S.D. a RL', score 0.9563, ID:  333, season_id:  132	=> Team ID:  138
   Hi-scoring....: (TeamAffiliation ) 'A.R.C.A. S.S.D. a RL', score 0.9563, ID:  333, season_id:  132	=> Team ID:  138
   - Preferred - : (TeamAffiliation ) 'A.R.C.A. S.S.D. a RL', score 0.9563, ID:  333, season_id:  132	=> Team ID:  138
   Chosen team_id = 138, season_id = 132
   --- MULTIPLE CHOICES ---

----8<---- (Original suggested statements:) ----
INSERT INTO data_import_team_aliases (name,team_id,created_at,updated_at) VALUES
    ('A.R.C.A. SSD. RL',138,CURDATE(),CURDATE());
----8<----

-------------------------------------------------------------------------------------------------------------

Processing CONFIRMED [DataImportTeamAnalysisResult: data_import_session_id=1, 'ACQUA TIME SSD', season_id=132 - team match: 'ACQUA TIME' (ID:6) score: 0.9728, best match: '' score: 0.9728]...
Using team_id alias override = 6 for 'ACQUA TIME SSD'...

-------------------------------------------------------------------------------------------------------------
                    [[[ 'ACQUA TIME SSD' ]]]  -- season_id: 132, best-match search:

   - (Team            ) 'ACQUA TIME', score 0.9728, ID:    6
   - (TeamAffiliation ) 'Acqua Time', score 0.9728, ID:    5, season_id:    1	=> Team ID:    6
   - (TeamAffiliation ) 'Acqua Time', score 0.9728, ID:   20, season_id:    2	=> Team ID:    6
   - (TeamAffiliation ) 'Acqua Time', score 0.9728, ID:   30, season_id:    3	=> Team ID:    6
   - (TeamAffiliation ) 'Acqua Time', score 0.9728, ID:   73, season_id:    8	=> Team ID:    6
   - (TeamAffiliation ) 'Acqua Time', score 0.9728, ID:   88, season_id:   10	=> Team ID:    6
   - (TeamAffiliation ) 'Acqua Time', score 0.9728, ID:  105, season_id:   12	=> Team ID:    6
   - (TeamAffiliation ) 'Acqua Time', score 0.9728, ID:  121, season_id:   14	=> Team ID:    6
   - (TeamAffiliation ) 'Acqua Time', score 0.9728, ID:  152, season_id:  101	=> Team ID:    6

   ==> 9 results tot., min. bias: 0.9700
   Team   BEST...: (Team            ) 'ACQUA TIME', score 0.9728, ID:    6
   Affil. BEST...: (TeamAffiliation ) 'Acqua Time', score 0.9728, ID:    5, season_id:    1	=> Team ID:    6
   Hi-scoring....: (Team            ) 'ACQUA TIME', score 0.9728, ID:    6
   Chosen team_id = 6, season_id = 132
   --- MULTIPLE CHOICES ---

----8<---- (Original suggested statements:) ----
INSERT INTO data_import_team_aliases (name,team_id,created_at,updated_at) VALUES
    ('ACQUA TIME SSD',6,CURDATE(),CURDATE());
----8<----

-------------------------------------------------------------------------------------------------------------

Processing CONFIRMED [DataImportTeamAnalysisResult: data_import_session_id=1, 'ACQUAMBIENTE SSD -', season_id=132 - team match: 'ACQUAMBIENTE SRL SSD' (ID:151) score: 0.9736, best match: '' score: 0.9736]...
Using team_id alias override = 151 for 'ACQUAMBIENTE SSD -'...

-------------------------------------------------------------------------------------------------------------
                    [[[ 'ACQUAMBIENTE SSD -' ]]]  -- season_id: 132, best-match search:

   - (Team            ) 'ACQUAMBIENTE SRL SSD', score 0.9736, ID:  151
   - (TeamAffiliation ) 'ACQUAMBIENTE SRL SSD', score 0.9736, ID:  346, season_id:  132	=> Team ID:  151 (SEASON OK)

   ==> 2 results tot., min. bias: 0.9700
   Team   BEST...: (Team            ) 'ACQUAMBIENTE SRL SSD', score 0.9736, ID:  151
   Affil. BEST...: (TeamAffiliation ) 'ACQUAMBIENTE SRL SSD', score 0.9736, ID:  346, season_id:  132	=> Team ID:  151
   Hi-scoring....: (TeamAffiliation ) 'ACQUAMBIENTE SRL SSD', score 0.9736, ID:  346, season_id:  132	=> Team ID:  151
   - Preferred - : (TeamAffiliation ) 'ACQUAMBIENTE SRL SSD', score 0.9736, ID:  346, season_id:  132	=> Team ID:  151
   Chosen team_id = 151, season_id = 132
   --- MULTIPLE CHOICES ---

----8<---- (Original suggested statements:) ----
INSERT INTO data_import_team_aliases (name,team_id,created_at,updated_at) VALUES
    ('ACQUAMBIENTE SSD -',151,CURDATE(),CURDATE());
----8<----

-------------------------------------------------------------------------------------------------------------

Processing CONFIRMED [DataImportTeamAnalysisResult: data_import_session_id=1, 'ALBATROS', season_id=132 - team match: '' (ID:) score: , best match: '' score: ]...
Created new DataImportTeam, ID: 1.

-------------------------------------------------------------------------------------------------------------
                    [[[ 'ALBATROS' ]]]  -- season_id: 132, best-match search:

   (no results)
   => NOT FOUND.

----8<---- (Original suggested statements:) ----
INSERT INTO teams (name,editable_name,address,e_mail,contact_name,user_id,created_at,updated_at) VALUES
    ('ALBATROS','ALBATROS','','','',1,CURDATE(),CURDATE());
INSERT INTO team_affiliations (season_id,team_id,name,number,must_calculate_goggle_cup,user_id,created_at,updated_at) VALUES
    (132,(select t.id from teams t where t.name = 'ALBATROS'),'ALBATROS','',0,1,CURDATE(),CURDATE());
----8<----

-------------------------------------------------------------------------------------------------------------

Processing CONFIRMED [DataImportTeamAnalysisResult: data_import_session_id=1, 'AM.NUOTO CASALE SCO', season_id=132 - team match: '' (ID:) score: , best match: '' score: ]...
Created new DataImportTeam, ID: 2.

-------------------------------------------------------------------------------------------------------------
                    [[[ 'AM.NUOTO CASALE SCO' ]]]  -- season_id: 132, best-match search:

   (no results)
   => NOT FOUND.

----8<---- (Original suggested statements:) ----
INSERT INTO teams (name,editable_name,address,e_mail,contact_name,user_id,created_at,updated_at) VALUES
    ('AM.NUOTO CASALE SCO','AM.NUOTO CASALE SCO','','','',1,CURDATE(),CURDATE());
INSERT INTO team_affiliations (season_id,team_id,name,number,must_calculate_goggle_cup,user_id,created_at,updated_at) VALUES
    (132,(select t.id from teams t where t.name = 'AM.NUOTO CASALE SCO'),'AM.NUOTO CASALE SCO','',0,1,CURDATE(),CURDATE());
----8<----

-------------------------------------------------------------------------------------------------------------

Processing unconfirmed [DataImportTeamAnalysisResult: data_import_session_id=1, 'AMATORI NUOTO LIB', season_id=132 - team match: 'AMATORI N SAVONA SC' (ID:279) score: 0.8483, best match: '' score: 0.8483]...
Using team_id alias override = 279 for 'AMATORI NUOTO LIB'...
Created new DataImportTeam, ID: 3.

                    [[[ 'AMATORI NUOTO LIB' ]]]  -- search overridden:

   => NOT FOUND.

----8<---- (Original suggested statements:) ----
INSERT INTO data_import_team_aliases (name,team_id,created_at,updated_at) VALUES
    ('AMATORI NUOTO LIB',279,CURDATE(),CURDATE());
----8<----

-------------------------------------------------------------------------------------------------------------

Processing CONFIRMED [DataImportTeamAnalysisResult: data_import_session_id=1, 'AN VALDINIEVOLE', season_id=132 - team match: '' (ID:) score: , best match: '' score: ]...
Created new DataImportTeam, ID: 4.

-------------------------------------------------------------------------------------------------------------
                    [[[ 'AN VALDINIEVOLE' ]]]  -- season_id: 132, best-match search:

   (no results)
   => NOT FOUND.

----8<---- (Original suggested statements:) ----
INSERT INTO teams (name,editable_name,address,e_mail,contact_name,user_id,created_at,updated_at) VALUES
    ('AN VALDINIEVOLE','AN VALDINIEVOLE','','','',1,CURDATE(),CURDATE());
INSERT INTO team_affiliations (season_id,team_id,name,number,must_calculate_goggle_cup,user_id,created_at,updated_at) VALUES
    (132,(select t.id from teams t where t.name = 'AN VALDINIEVOLE'),'AN VALDINIEVOLE','',0,1,CURDATE(),CURDATE());
----8<----

-------------------------------------------------------------------------------------------------------------

Processing unconfirmed [DataImportTeamAnalysisResult: data_import_session_id=1, 'AQUATIKA ASD - CRIS', season_id=132 - team match: 'AQUATICA TORINO SSD' (ID:215) score: 0.8474, best match: '' score: 0.8474]...
Using team_id alias override = 215 for 'AQUATIKA ASD - CRIS'...
Created new DataImportTeam, ID: 5.

                    [[[ 'AQUATIKA ASD - CRIS' ]]]  -- search overridden:

   => NOT FOUND.

----8<---- (Original suggested statements:) ----
INSERT INTO data_import_team_aliases (name,team_id,created_at,updated_at) VALUES
    ('AQUATIKA ASD - CRIS',215,CURDATE(),CURDATE());
----8<----

-------------------------------------------------------------------------------------------------------------

Processing unconfirmed [DataImportTeamAnalysisResult: data_import_session_id=1, 'AREZZO NUOTO ASD', season_id=132 - team match: 'BERGAMO NUOTO ASD' (ID:70) score: 0.8757, best match: '' score: 0.8757]...
Using team_id alias override = 70 for 'AREZZO NUOTO ASD'...
Created new DataImportTeam, ID: 6.

                    [[[ 'AREZZO NUOTO ASD' ]]]  -- search overridden:

   => NOT FOUND.

----8<---- (Original suggested statements:) ----
INSERT INTO data_import_team_aliases (name,team_id,created_at,updated_at) VALUES
    ('AREZZO NUOTO ASD',70,CURDATE(),CURDATE());
----8<----

-------------------------------------------------------------------------------------------------------------

Processing CONFIRMED [DataImportTeamAnalysisResult: data_import_session_id=1, 'AS.D.VILLAGGIO FANCIULLO', season_id=132 - team match: '' (ID:) score: , best match: '' score: ]...
Using team_id alias override = 25 for 'AS.D.VILLAGGIO FANCIULLO'...

-------------------------------------------------------------------------------------------------------------
                    [[[ 'AS.D.VILLAGGIO FANCIULLO' ]]]  -- season_id: 132, best-match search:

   (no results)
   => NOT FOUND.

----8<---- (Original suggested statements:) ----
INSERT INTO data_import_team_aliases (name,team_id,created_at,updated_at) VALUES
    ('AS.D.VILLAGGIO FANCIULLO',25,CURDATE(),CURDATE());
----8<----

-------------------------------------------------------------------------------------------------------------

Processing unconfirmed [DataImportTeamAnalysisResult: data_import_session_id=1, 'ASD BLU WATER', season_id=132 - team match: 'ASD ALBA ORIENS' (ID:180) score: 0.8132, best match: '' score: 0.8132]...
Using team_id alias override = 180 for 'ASD BLU WATER'...
Created new DataImportTeam, ID: 7.

                    [[[ 'ASD BLU WATER' ]]]  -- search overridden:

   => NOT FOUND.

----8<---- (Original suggested statements:) ----
INSERT INTO data_import_team_aliases (name,team_id,created_at,updated_at) VALUES
    ('ASD BLU WATER',180,CURDATE(),CURDATE());
----8<----

-------------------------------------------------------------------------------------------------------------

Processing CONFIRMED [DataImportTeamAnalysisResult: data_import_session_id=1, 'BONDENO NUOTO 2012', season_id=132 - team match: '' (ID:) score: , best match: '' score: ]...
Created new DataImportTeam, ID: 8.

-------------------------------------------------------------------------------------------------------------
                    [[[ 'BONDENO NUOTO 2012' ]]]  -- season_id: 132, best-match search:

   (no results)
   => NOT FOUND.

----8<---- (Original suggested statements:) ----
INSERT INTO teams (name,editable_name,address,e_mail,contact_name,user_id,created_at,updated_at) VALUES
    ('BONDENO NUOTO 2012','BONDENO NUOTO 2012','','','',1,CURDATE(),CURDATE());
INSERT INTO team_affiliations (season_id,team_id,name,number,must_calculate_goggle_cup,user_id,created_at,updated_at) VALUES
    (132,(select t.id from teams t where t.name = 'BONDENO NUOTO 2012'),'BONDENO NUOTO 2012','',0,1,CURDATE(),CURDATE());
----8<----

-------------------------------------------------------------------------------------------------------------

Processing CONFIRMED [DataImportTeamAnalysisResult: data_import_session_id=1, 'C.S. TEAM PADOVA', season_id=132 - team match: '' (ID:) score: , best match: '' score: ]...
Created new DataImportTeam, ID: 9.

-------------------------------------------------------------------------------------------------------------
                    [[[ 'C.S. TEAM PADOVA' ]]]  -- season_id: 132, best-match search:

   (no results)
   => NOT FOUND.

----8<---- (Original suggested statements:) ----
INSERT INTO teams (name,editable_name,address,e_mail,contact_name,user_id,created_at,updated_at) VALUES
    ('C.S. TEAM PADOVA','C.S. TEAM PADOVA','','','',1,CURDATE(),CURDATE());
INSERT INTO team_affiliations (season_id,team_id,name,number,must_calculate_goggle_cup,user_id,created_at,updated_at) VALUES
    (132,(select t.id from teams t where t.name = 'C.S. TEAM PADOVA'),'C.S. TEAM PADOVA','',0,1,CURDATE(),CURDATE());
----8<----

-------------------------------------------------------------------------------------------------------------

Processing unconfirmed [DataImportTeamAnalysisResult: data_import_session_id=1, 'CENTRO NUOTO CEPAGA', season_id=132 - team match: 'CENTRO NUOTO COPPAR' (ID:254) score: 0.9723, best match: '' score: 0.9723]...
Using team_id alias override = 254 for 'CENTRO NUOTO CEPAGA'...
Created new DataImportTeam, ID: 10.

                    [[[ 'CENTRO NUOTO CEPAGA' ]]]  -- search overridden:

   => NOT FOUND.

----8<---- (Original suggested statements:) ----
INSERT INTO data_import_team_aliases (name,team_id,created_at,updated_at) VALUES
    ('CENTRO NUOTO CEPAGA',254,CURDATE(),CURDATE());
----8<----

-------------------------------------------------------------------------------------------------------------

Processing unconfirmed [DataImportTeamAnalysisResult: data_import_session_id=1, 'CENTRO NUOTO CORTON', season_id=132 - team match: 'CENTRO NUOTO COPPAR' (ID:254) score: 0.9778, best match: '' score: 0.9778]...
Using team_id alias override = 254 for 'CENTRO NUOTO CORTON'...
Created new DataImportTeam, ID: 11.

                    [[[ 'CENTRO NUOTO CORTON' ]]]  -- search overridden:

   => NOT FOUND.

----8<---- (Original suggested statements:) ----
INSERT INTO data_import_team_aliases (name,team_id,created_at,updated_at) VALUES
    ('CENTRO NUOTO CORTON',254,CURDATE(),CURDATE());
----8<----

-------------------------------------------------------------------------------------------------------------

Processing CONFIRMED [DataImportTeamAnalysisResult: data_import_session_id=1, 'CLODIA PISCINA FITN', season_id=132 - team match: '' (ID:) score: , best match: '' score: ]...
Created new DataImportTeam, ID: 12.

-------------------------------------------------------------------------------------------------------------
                    [[[ 'CLODIA PISCINA FITN' ]]]  -- season_id: 132, best-match search:

   (no results)
   => NOT FOUND.

----8<---- (Original suggested statements:) ----
INSERT INTO teams (name,editable_name,address,e_mail,contact_name,user_id,created_at,updated_at) VALUES
    ('CLODIA PISCINA FITN','CLODIA PISCINA FITN','','','',1,CURDATE(),CURDATE());
INSERT INTO team_affiliations (season_id,team_id,name,number,must_calculate_goggle_cup,user_id,created_at,updated_at) VALUES
    (132,(select t.id from teams t where t.name = 'CLODIA PISCINA FITN'),'CLODIA PISCINA FITN','',0,1,CURDATE(),CURDATE());
----8<----

-------------------------------------------------------------------------------------------------------------

Processing CONFIRMED [DataImportTeamAnalysisResult: data_import_session_id=1, 'CONERO WELLNESS SSD', season_id=132 - team match: '' (ID:) score: , best match: '' score: ]...
Created new DataImportTeam, ID: 13.

-------------------------------------------------------------------------------------------------------------
                    [[[ 'CONERO WELLNESS SSD' ]]]  -- season_id: 132, best-match search:

   (no results)
   => NOT FOUND.

----8<---- (Original suggested statements:) ----
INSERT INTO teams (name,editable_name,address,e_mail,contact_name,user_id,created_at,updated_at) VALUES
    ('CONERO WELLNESS SSD','CONERO WELLNESS SSD','','','',1,CURDATE(),CURDATE());
INSERT INTO team_affiliations (season_id,team_id,name,number,must_calculate_goggle_cup,user_id,created_at,updated_at) VALUES
    (132,(select t.id from teams t where t.name = 'CONERO WELLNESS SSD'),'CONERO WELLNESS SSD','',0,1,CURDATE(),CURDATE());
----8<----

-------------------------------------------------------------------------------------------------------------

Processing CONFIRMED [DataImportTeamAnalysisResult: data_import_session_id=1, 'DLF NUOTO RIMINI', season_id=132 - team match: '' (ID:) score: , best match: '' score: ]...
Created new DataImportTeam, ID: 14.

-------------------------------------------------------------------------------------------------------------
                    [[[ 'DLF NUOTO RIMINI' ]]]  -- season_id: 132, best-match search:

   (no results)
   => NOT FOUND.

----8<---- (Original suggested statements:) ----
INSERT INTO teams (name,editable_name,address,e_mail,contact_name,user_id,created_at,updated_at) VALUES
    ('DLF NUOTO RIMINI','DLF NUOTO RIMINI','','','',1,CURDATE(),CURDATE());
INSERT INTO team_affiliations (season_id,team_id,name,number,must_calculate_goggle_cup,user_id,created_at,updated_at) VALUES
    (132,(select t.id from teams t where t.name = 'DLF NUOTO RIMINI'),'DLF NUOTO RIMINI','',0,1,CURDATE(),CURDATE());
----8<----

-------------------------------------------------------------------------------------------------------------

Processing CONFIRMED [DataImportTeamAnalysisResult: data_import_session_id=1, 'FANO +SPORT ASD POL', season_id=132 - team match: '' (ID:) score: , best match: '' score: ]...
Created new DataImportTeam, ID: 15.

-------------------------------------------------------------------------------------------------------------
                    [[[ 'FANO +SPORT ASD POL' ]]]  -- season_id: 132, best-match search:

   (no results)
   => NOT FOUND.

----8<---- (Original suggested statements:) ----
INSERT INTO teams (name,editable_name,address,e_mail,contact_name,user_id,created_at,updated_at) VALUES
    ('FANO +SPORT ASD POL','FANO +SPORT ASD POL','','','',1,CURDATE(),CURDATE());
INSERT INTO team_affiliations (season_id,team_id,name,number,must_calculate_goggle_cup,user_id,created_at,updated_at) VALUES
    (132,(select t.id from teams t where t.name = 'FANO +SPORT ASD POL'),'FANO +SPORT ASD POL','',0,1,CURDATE(),CURDATE());
----8<----

-------------------------------------------------------------------------------------------------------------

Processing CONFIRMED [DataImportTeamAnalysisResult: data_import_session_id=1, 'FONDAZIONE M.BENTEG', season_id=132 - team match: '' (ID:) score: , best match: '' score: ]...
Created new DataImportTeam, ID: 16.

-------------------------------------------------------------------------------------------------------------
                    [[[ 'FONDAZIONE M.BENTEG' ]]]  -- season_id: 132, best-match search:

   (no results)
   => NOT FOUND.

----8<---- (Original suggested statements:) ----
INSERT INTO teams (name,editable_name,address,e_mail,contact_name,user_id,created_at,updated_at) VALUES
    ('FONDAZIONE M.BENTEG','FONDAZIONE M.BENTEG','','','',1,CURDATE(),CURDATE());
INSERT INTO team_affiliations (season_id,team_id,name,number,must_calculate_goggle_cup,user_id,created_at,updated_at) VALUES
    (132,(select t.id from teams t where t.name = 'FONDAZIONE M.BENTEG'),'FONDAZIONE M.BENTEG','',0,1,CURDATE(),CURDATE());
----8<----

-------------------------------------------------------------------------------------------------------------

Processing unconfirmed [DataImportTeamAnalysisResult: data_import_session_id=1, 'GYMNASIUM SPILIMBER', season_id=132 - team match: 'GYMNASIUM SSD' (ID:187) score: 0.9193, best match: '' score: 0.9193]...
Using team_id alias override = 187 for 'GYMNASIUM SPILIMBER'...
Created new DataImportTeam, ID: 17.

                    [[[ 'GYMNASIUM SPILIMBER' ]]]  -- search overridden:

   => NOT FOUND.

----8<---- (Original suggested statements:) ----
INSERT INTO data_import_team_aliases (name,team_id,created_at,updated_at) VALUES
    ('GYMNASIUM SPILIMBER',187,CURDATE(),CURDATE());
----8<----

-------------------------------------------------------------------------------------------------------------

Processing CONFIRMED [DataImportTeamAnalysisResult: data_import_session_id=1, 'H. SPORT SSD - PRAT', season_id=132 - team match: '' (ID:) score: , best match: '' score: ]...
Using team_id alias override = 16 for 'H. SPORT SSD - PRAT'...

-------------------------------------------------------------------------------------------------------------
                    [[[ 'H. SPORT SSD - PRAT' ]]]  -- season_id: 132, best-match search:

   (no results)
   => NOT FOUND.

----8<---- (Original suggested statements:) ----
INSERT INTO data_import_team_aliases (name,team_id,created_at,updated_at) VALUES
    ('H. SPORT SSD - PRAT',16,CURDATE(),CURDATE());
----8<----

-------------------------------------------------------------------------------------------------------------

Processing CONFIRMED [DataImportTeamAnalysisResult: data_import_session_id=1, 'LEOSPORT S.C. A R.L', season_id=132 - team match: '' (ID:) score: , best match: '' score: ]...
Created new DataImportTeam, ID: 18.

-------------------------------------------------------------------------------------------------------------
                    [[[ 'LEOSPORT S.C. A R.L' ]]]  -- season_id: 132, best-match search:

   (no results)
   => NOT FOUND.

----8<---- (Original suggested statements:) ----
INSERT INTO teams (name,editable_name,address,e_mail,contact_name,user_id,created_at,updated_at) VALUES
    ('LEOSPORT S.C. A R.L','LEOSPORT S.C. A R.L','','','',1,CURDATE(),CURDATE());
INSERT INTO team_affiliations (season_id,team_id,name,number,must_calculate_goggle_cup,user_id,created_at,updated_at) VALUES
    (132,(select t.id from teams t where t.name = 'LEOSPORT S.C. A R.L'),'LEOSPORT S.C. A R.L','',0,1,CURDATE(),CURDATE());
----8<----

-------------------------------------------------------------------------------------------------------------

Processing CONFIRMED [DataImportTeamAnalysisResult: data_import_session_id=1, 'MARCHE NUOTO', season_id=132 - team match: '' (ID:) score: , best match: '' score: ]...
Created new DataImportTeam, ID: 19.

-------------------------------------------------------------------------------------------------------------
                    [[[ 'MARCHE NUOTO' ]]]  -- season_id: 132, best-match search:

   (no results)
   => NOT FOUND.

----8<---- (Original suggested statements:) ----
INSERT INTO teams (name,editable_name,address,e_mail,contact_name,user_id,created_at,updated_at) VALUES
    ('MARCHE NUOTO','MARCHE NUOTO','','','',1,CURDATE(),CURDATE());
INSERT INTO team_affiliations (season_id,team_id,name,number,must_calculate_goggle_cup,user_id,created_at,updated_at) VALUES
    (132,(select t.id from teams t where t.name = 'MARCHE NUOTO'),'MARCHE NUOTO','',0,1,CURDATE(),CURDATE());
----8<----

-------------------------------------------------------------------------------------------------------------

Processing CONFIRMED [DataImportTeamAnalysisResult: data_import_session_id=1, 'MEDITERRANEO SPORT', season_id=132 - team match: '' (ID:) score: , best match: '' score: ]...
Created new DataImportTeam, ID: 20.

-------------------------------------------------------------------------------------------------------------
                    [[[ 'MEDITERRANEO SPORT' ]]]  -- season_id: 132, best-match search:

   (no results)
   => NOT FOUND.

----8<---- (Original suggested statements:) ----
INSERT INTO teams (name,editable_name,address,e_mail,contact_name,user_id,created_at,updated_at) VALUES
    ('MEDITERRANEO SPORT','MEDITERRANEO SPORT','','','',1,CURDATE(),CURDATE());
INSERT INTO team_affiliations (season_id,team_id,name,number,must_calculate_goggle_cup,user_id,created_at,updated_at) VALUES
    (132,(select t.id from teams t where t.name = 'MEDITERRANEO SPORT'),'MEDITERRANEO SPORT','',0,1,CURDATE(),CURDATE());
----8<----

-------------------------------------------------------------------------------------------------------------

Processing CONFIRMED [DataImportTeamAnalysisResult: data_import_session_id=1, 'MONTENUOTO S.S.D RL', season_id=132 - team match: 'MONTENUOTO S.S.D. A R.L.' (ID:161) score: 0.9769, best match: '' score: 0.9769]...
Using team_id alias override = 161 for 'MONTENUOTO S.S.D RL'...

-------------------------------------------------------------------------------------------------------------
                    [[[ 'MONTENUOTO S.S.D RL' ]]]  -- season_id: 132, best-match search:

   - (Team            ) 'MONTENUOTO S.S.D. A R.L.', score 0.9769, ID:  161
   - (TeamAffiliation ) 'MONTENUOTO S.S.D. A R.L.', score 0.9769, ID:  356, season_id:  132	=> Team ID:  161 (SEASON OK)

   ==> 2 results tot., min. bias: 0.9700
   Team   BEST...: (Team            ) 'MONTENUOTO S.S.D. A R.L.', score 0.9769, ID:  161
   Affil. BEST...: (TeamAffiliation ) 'MONTENUOTO S.S.D. A R.L.', score 0.9769, ID:  356, season_id:  132	=> Team ID:  161
   Hi-scoring....: (TeamAffiliation ) 'MONTENUOTO S.S.D. A R.L.', score 0.9769, ID:  356, season_id:  132	=> Team ID:  161
   - Preferred - : (TeamAffiliation ) 'MONTENUOTO S.S.D. A R.L.', score 0.9769, ID:  356, season_id:  132	=> Team ID:  161
   Chosen team_id = 161, season_id = 132
   --- MULTIPLE CHOICES ---

----8<---- (Original suggested statements:) ----
INSERT INTO data_import_team_aliases (name,team_id,created_at,updated_at) VALUES
    ('MONTENUOTO S.S.D RL',161,CURDATE(),CURDATE());
----8<----

-------------------------------------------------------------------------------------------------------------

Processing unconfirmed [DataImportTeamAnalysisResult: data_import_session_id=1, 'NUOTATORI RAVENNATI', season_id=132 - team match: 'NUOTATORI RIVAROLES' (ID:109) score: 0.9315, best match: '' score: 0.9315]...
Using team_id alias override = 109 for 'NUOTATORI RAVENNATI'...
Created new DataImportTeam, ID: 21.

                    [[[ 'NUOTATORI RAVENNATI' ]]]  -- search overridden:

   => NOT FOUND.

----8<---- (Original suggested statements:) ----
INSERT INTO data_import_team_aliases (name,team_id,created_at,updated_at) VALUES
    ('NUOTATORI RAVENNATI',109,CURDATE(),CURDATE());
----8<----

-------------------------------------------------------------------------------------------------------------

Processing unconfirmed [DataImportTeamAnalysisResult: data_import_session_id=1, 'NUOTO AICS BOLOGNA', season_id=132 - team match: 'NUOTO CLUB MONTECAR' (ID:272) score: 0.8471, best match: '' score: 0.8471]...
Using team_id alias override = 272 for 'NUOTO AICS BOLOGNA'...
Created new DataImportTeam, ID: 22.

                    [[[ 'NUOTO AICS BOLOGNA' ]]]  -- search overridden:

   => NOT FOUND.

----8<---- (Original suggested statements:) ----
INSERT INTO data_import_team_aliases (name,team_id,created_at,updated_at) VALUES
    ('NUOTO AICS BOLOGNA',272,CURDATE(),CURDATE());
----8<----

-------------------------------------------------------------------------------------------------------------

Processing unconfirmed [DataImportTeamAnalysisResult: data_import_session_id=1, 'NUOTO UISP 2003', season_id=132 - team match: 'NUOTO CLUB 2000' (ID:125) score: 0.8933, best match: '' score: 0.8933]...
Using team_id alias override = 125 for 'NUOTO UISP 2003'...
Created new DataImportTeam, ID: 23.

                    [[[ 'NUOTO UISP 2003' ]]]  -- search overridden:

   => NOT FOUND.

----8<---- (Original suggested statements:) ----
INSERT INTO data_import_team_aliases (name,team_id,created_at,updated_at) VALUES
    ('NUOTO UISP 2003',125,CURDATE(),CURDATE());
----8<----

-------------------------------------------------------------------------------------------------------------

Processing unconfirmed [DataImportTeamAnalysisResult: data_import_session_id=1, 'RARI MASTER PESARO', season_id=132 - team match: 'RARI NANTES SAVONA' (ID:55) score: 0.8477, best match: '' score: 0.8477]...
Using team_id alias override = 55 for 'RARI MASTER PESARO'...
Created new DataImportTeam, ID: 24.

                    [[[ 'RARI MASTER PESARO' ]]]  -- search overridden:

   => NOT FOUND.

----8<---- (Original suggested statements:) ----
INSERT INTO data_import_team_aliases (name,team_id,created_at,updated_at) VALUES
    ('RARI MASTER PESARO',55,CURDATE(),CURDATE());
----8<----

-------------------------------------------------------------------------------------------------------------

Processing unconfirmed [DataImportTeamAnalysisResult: data_import_session_id=1, 'RARI NANTES U.O.E.I', season_id=132 - team match: 'RARI NANTES SORI' (ID:285) score: 0.9523, best match: '' score: 0.9523]...
Using team_id alias override = 285 for 'RARI NANTES U.O.E.I'...
Created new DataImportTeam, ID: 25.

                    [[[ 'RARI NANTES U.O.E.I' ]]]  -- search overridden:

   => NOT FOUND.

----8<---- (Original suggested statements:) ----
INSERT INTO data_import_team_aliases (name,team_id,created_at,updated_at) VALUES
    ('RARI NANTES U.O.E.I',285,CURDATE(),CURDATE());
----8<----

-------------------------------------------------------------------------------------------------------------

Processing CONFIRMED [DataImportTeamAnalysisResult: data_import_session_id=1, 'RIVIERA NUOTO VENET', season_id=132 - team match: '' (ID:) score: , best match: '' score: ]...
Using team_id alias override = 175 for 'RIVIERA NUOTO VENET'...

-------------------------------------------------------------------------------------------------------------
                    [[[ 'RIVIERA NUOTO VENET' ]]]  -- season_id: 132, best-match search:

   (no results)
   => NOT FOUND.

----8<---- (Original suggested statements:) ----
INSERT INTO data_import_team_aliases (name,team_id,created_at,updated_at) VALUES
    ('RIVIERA NUOTO VENET',175,CURDATE(),CURDATE());
----8<----

-------------------------------------------------------------------------------------------------------------

Processing CONFIRMED [DataImportTeamAnalysisResult: data_import_session_id=1, 'SAVENA NUOTO TEAM A', season_id=132 - team match: 'SAVENA NUOTO' (ID:11) score: 0.9548, best match: '' score: 0.9548]...
Using team_id alias override = 11 for 'SAVENA NUOTO TEAM A'...

-------------------------------------------------------------------------------------------------------------
                    [[[ 'SAVENA NUOTO TEAM A' ]]]  -- season_id: 132, best-match search:

   - (Team            ) 'SAVENA NUOTO', score 0.9548, ID:   11
   - (TeamAffiliation ) 'Savena Nuoto Team', score 0.9963, ID:  154, season_id:  101	=> Team ID:   11 >> ~100% ! <<
   - (TeamAffiliation ) 'Savena Nuoto Team', score 0.9963, ID:  123, season_id:   14	=> Team ID:   11 >> ~100% ! <<
   - (TeamAffiliation ) 'Savena Nuoto Team', score 0.9963, ID:  139, season_id:   91	=> Team ID:   11 >> ~100% ! <<
   - (TeamAffiliation ) 'Savena Nuoto Team', score 0.9963, ID:  107, season_id:   12	=> Team ID:   11 >> ~100% ! <<
   - (TeamAffiliation ) 'Savena Nuoto Team', score 0.9963, ID:  174, season_id:  111	=> Team ID:   11 >> ~100% ! <<
   - (TeamAffiliation ) 'Savena Nuoto Team', score 0.9963, ID:  189, season_id:  121	=> Team ID:   11 >> ~100% ! <<
   - (TeamAffiliation ) 'Savena Nuoto Team', score 0.9963, ID:  206, season_id:  131	=> Team ID:   11 >> ~100% ! <<
   - (TeamAffiliation ) 'Savena Nuoto Team', score 0.9963, ID:  491, season_id:  141	=> Team ID:   11 >> ~100% ! <<

   ==> 9 results tot., min. bias: 0.9500
   Team   BEST...: (Team            ) 'SAVENA NUOTO', score 0.9548, ID:   11
   Affil. BEST...: (TeamAffiliation ) 'Savena Nuoto Team', score 0.9963, ID:  154, season_id:  101	=> Team ID:   11 >> ~100% ! <<
   Hi-scoring....: (TeamAffiliation ) 'Savena Nuoto Team', score 0.9963, ID:  154, season_id:  101	=> Team ID:   11 >> ~100% ! <<
   Chosen team_id = 11, season_id = 132
   --- MULTIPLE CHOICES ---

----8<---- (Original suggested statements:) ----
INSERT INTO data_import_team_aliases (name,team_id,created_at,updated_at) VALUES
    ('SAVENA NUOTO TEAM A',11,CURDATE(),CURDATE());
----8<----

-------------------------------------------------------------------------------------------------------------

Processing unconfirmed [DataImportTeamAnalysisResult: data_import_session_id=1, 'SEVEN MASTER NUOTO', season_id=132 - team match: 'ESTENSE NUOTO' (ID:28) score: 0.8305, best match: '' score: 0.8305]...
Using team_id alias override = 28 for 'SEVEN MASTER NUOTO'...
Created new DataImportTeam, ID: 26.

                    [[[ 'SEVEN MASTER NUOTO' ]]]  -- search overridden:

   => NOT FOUND.

----8<---- (Original suggested statements:) ----
INSERT INTO data_import_team_aliases (name,team_id,created_at,updated_at) VALUES
    ('SEVEN MASTER NUOTO',28,CURDATE(),CURDATE());
----8<----

-------------------------------------------------------------------------------------------------------------

Processing CONFIRMED [DataImportTeamAnalysisResult: data_import_session_id=1, 'SIENA NUOTO UISP', season_id=132 - team match: '' (ID:) score: , best match: '' score: ]...
Created new DataImportTeam, ID: 27.

-------------------------------------------------------------------------------------------------------------
                    [[[ 'SIENA NUOTO UISP' ]]]  -- season_id: 132, best-match search:

   (no results)
   => NOT FOUND.

----8<---- (Original suggested statements:) ----
INSERT INTO teams (name,editable_name,address,e_mail,contact_name,user_id,created_at,updated_at) VALUES
    ('SIENA NUOTO UISP','SIENA NUOTO UISP','','','',1,CURDATE(),CURDATE());
INSERT INTO team_affiliations (season_id,team_id,name,number,must_calculate_goggle_cup,user_id,created_at,updated_at) VALUES
    (132,(select t.id from teams t where t.name = 'SIENA NUOTO UISP'),'SIENA NUOTO UISP','',0,1,CURDATE(),CURDATE());
----8<----

-------------------------------------------------------------------------------------------------------------

Processing CONFIRMED [DataImportTeamAnalysisResult: data_import_session_id=1, 'SIMPLY SPORT', season_id=132 - team match: '' (ID:) score: , best match: '' score: ]...
Created new DataImportTeam, ID: 28.

-------------------------------------------------------------------------------------------------------------
                    [[[ 'SIMPLY SPORT' ]]]  -- season_id: 132, best-match search:

   (no results)
   => NOT FOUND.

----8<---- (Original suggested statements:) ----
INSERT INTO teams (name,editable_name,address,e_mail,contact_name,user_id,created_at,updated_at) VALUES
    ('SIMPLY SPORT','SIMPLY SPORT','','','',1,CURDATE(),CURDATE());
INSERT INTO team_affiliations (season_id,team_id,name,number,must_calculate_goggle_cup,user_id,created_at,updated_at) VALUES
    (132,(select t.id from teams t where t.name = 'SIMPLY SPORT'),'SIMPLY SPORT','',0,1,CURDATE(),CURDATE());
----8<----

-------------------------------------------------------------------------------------------------------------

Processing CONFIRMED [DataImportTeamAnalysisResult: data_import_session_id=1, 'TEAM EUGANEO', season_id=132 - team match: '' (ID:) score: , best match: '' score: ]...
Using team_id alias override = 176 for 'TEAM EUGANEO'...

-------------------------------------------------------------------------------------------------------------
                    [[[ 'TEAM EUGANEO' ]]]  -- season_id: 132, best-match search:

   (no results)
   => NOT FOUND.

----8<---- (Original suggested statements:) ----
INSERT INTO data_import_team_aliases (name,team_id,created_at,updated_at) VALUES
    ('TEAM EUGANEO',176,CURDATE(),CURDATE());
----8<----

-------------------------------------------------------------------------------------------------------------

Processing unconfirmed [DataImportTeamAnalysisResult: data_import_session_id=1, 'VERSILIANUOTO', season_id=132 - team match: 'VEROLANUOTO' (ID:80) score: 0.9175, best match: '' score: 0.9175]...
Using team_id alias override = 80 for 'VERSILIANUOTO'...
Created new DataImportTeam, ID: 29.

                    [[[ 'VERSILIANUOTO' ]]]  -- search overridden:

   => NOT FOUND.

----8<---- (Original suggested statements:) ----
INSERT INTO data_import_team_aliases (name,team_id,created_at,updated_at) VALUES
    ('VERSILIANUOTO',80,CURDATE(),CURDATE());
----8<----

-------------------------------------------------------------------------------------------------------------

Processing CONFIRMED [DataImportTeamAnalysisResult: data_import_session_id=1, 'VIRTUS BUONCONVENTO', season_id=132 - team match: '' (ID:) score: , best match: '' score: ]...
Created new DataImportTeam, ID: 30.

-------------------------------------------------------------------------------------------------------------
                    [[[ 'VIRTUS BUONCONVENTO' ]]]  -- season_id: 132, best-match search:

   (no results)
   => NOT FOUND.

----8<---- (Original suggested statements:) ----
INSERT INTO teams (name,editable_name,address,e_mail,contact_name,user_id,created_at,updated_at) VALUES
    ('VIRTUS BUONCONVENTO','VIRTUS BUONCONVENTO','','','',1,CURDATE(),CURDATE());
INSERT INTO team_affiliations (season_id,team_id,name,number,must_calculate_goggle_cup,user_id,created_at,updated_at) VALUES
    (132,(select t.id from teams t where t.name = 'VIRTUS BUONCONVENTO'),'VIRTUS BUONCONVENTO','',0,1,CURDATE(),CURDATE());
----8<----
