

--------------------[Phase #3 - COMMIT]--------------------

-- phase_3_commit: session ID:2, season ID: 132...

Importing data @ 16-02-2015 13:38.
Committing data_import_session ID:2, season ID: 132...
Committed MeetingProgram, id: 7484.
Committed MeetingProgram, id: 7485.
Committed MeetingProgram, id: 7486.
Committed MeetingProgram, id: 7487.
Committed MeetingProgram, id: 7488.
Committed MeetingProgram, id: 7489.
Committed MeetingProgram, id: 7490.
Committed MeetingProgram, id: 7491.
Committed MeetingProgram, id: 7492.
Committed MeetingProgram, id: 7493.
Committed MeetingProgram, id: 7494.
Committed MeetingProgram, id: 7495.
Committed MeetingProgram, id: 7496.
Committed MeetingProgram, id: 7497.
Committed MeetingProgram, id: 7498.
Committed MeetingProgram, id: 7499.
Committed MeetingProgram, id: 7500.
Committed MeetingProgram, id: 7501.
Committed MeetingProgram, id: 7502.
Committed MeetingProgram, id: 7503.
Committed MeetingProgram, id: 7504.
Committed MeetingProgram, id: 7505.
Committed MeetingProgram, id: 7506.
Committed MeetingProgram, id: 7507.
Committed MeetingProgram, id: 7508.
Committed MeetingProgram, id: 7509.
Committed MeetingProgram, id: 7510.
Committed MeetingProgram, id: 7511.
Committed MeetingProgram, id: 7512.
Committed MeetingProgram, id: 7513.
Committed MeetingProgram, id: 7514.
Committed MeetingProgram, id: 7515.
Committed MeetingProgram, id: 7516.
Committed MeetingProgram, id: 7517.
Committed MeetingProgram, id: 7518.
Committed MeetingProgram, id: 7519.
Committed MeetingProgram, id: 7520.
Committed MeetingProgram, id: 7521.
Committed MeetingProgram, id: 7522.
Committed MeetingProgram, id: 7523.
Committed MeetingProgram, id: 7524.
Committed MeetingProgram, id: 7525.
Committed MeetingProgram, id: 7526.
Committed MeetingProgram, id: 7527.
Committed MeetingProgram, id: 7528.
Committed MeetingProgram, id: 7529.
Committed MeetingProgram, id: 7530.
Committed MeetingProgram, id: 7531.
Committed MeetingProgram, id: 7532.
Committed MeetingProgram, id: 7533.
Committed MeetingProgram, id: 7534.
Committed MeetingProgram, id: 7535.
Committed MeetingProgram, id: 7536.
Committed MeetingProgram, id: 7537.
Committed MeetingProgram, id: 7538.
Committed MeetingProgram, id: 7539.
Committed MeetingProgram, id: 7540.
Committed MeetingProgram, id: 7541.
Committed MeetingProgram, id: 7542.
Committed MeetingProgram, id: 7543.
Committed MeetingProgram, id: 7544.
Committed MeetingProgram, id: 7545.
Committed MeetingProgram, id: 7546.
Committed MeetingProgram, id: 7547.
Committed MeetingProgram, id: 7548.
Committed MeetingProgram, id: 7549.
Committed MeetingProgram, id: 7550.
Committed MeetingProgram, id: 7551.
Committed MeetingProgram, id: 7552.
Committed MeetingProgram, id: 7553.
Committed MeetingProgram, id: 7554.
Committed MeetingProgram, id: 7555.
Committed MeetingProgram, id: 7556.
Committed MeetingProgram, id: 7557.
Committed MeetingProgram, id: 7558.
Committed MeetingProgram, id: 7559.
Committed MeetingProgram, id: 7560.
Committed MeetingProgram, id: 7561.
Committed MeetingProgram, id: 7562.
Committed MeetingProgram, id: 7563.
Committed MeetingProgram, id: 7564.
Committed MeetingProgram, id: 7565.
Committed MeetingProgram, id: 7566.
Committed MeetingProgram, id: 7567.
Committed MeetingProgram, id: 7568.
Committed MeetingProgram, id: 7569.
Committed MeetingProgram, id: 7570.
Committed MeetingProgram, id: 7571.
Committed MeetingProgram, id: 7572.
Committed MeetingProgram, id: 7573.
Committed MeetingProgram, id: 7574.
Committed MeetingProgram, id: 7575.
Committed MeetingProgram, id: 7576.
Committed MeetingProgram, id: 7577.
Committed MeetingProgram, id: 7578.
Committed MeetingProgram, id: 7579.
Committed MeetingProgram, id: 7580.
Committed MeetingProgram, id: 7581.
Committed MeetingProgram, id: 7582.
Committed MeetingProgram, id: 7583.
Committed MeetingProgram, id: 7584.
Committed MeetingProgram, id: 7585.
Committed MeetingProgram, id: 7586.
Committed MeetingProgram, id: 7587.
Committed MeetingProgram, id: 7588.
Committed MeetingProgram, id: 7589.
Committed MeetingProgram, id: 7590.
Committed MeetingProgram, id: 7591.
Committed MeetingProgram, id: 7592.
Committed MeetingProgram, id: 7593.
Committed MeetingProgram, id: 7594.
Committed MeetingProgram, id: 7595.
Committed MeetingProgram, id: 7596.
Committed MeetingProgram, id: 7597.
Committed MeetingProgram, id: 7598.
Committed MeetingProgram, id: 7599.
Committed MeetingProgram, id: 7600.
Committed MeetingProgram, id: 7601.
Committed MeetingProgram, id: 7602.
Committed MeetingProgram, id: 7603.
Committed MeetingProgram, id: 7604.
Committed MeetingProgram, id: 7605.
Committed MeetingProgram, id: 7606.
Committed MeetingProgram, id: 7607.
Committed MeetingProgram, id: 7608.
Committed MeetingProgram, id: 7609.
Committed MeetingProgram, id: 7610.
Committed MeetingProgram, id: 7611.
Committed MeetingProgram, id: 7612.
Committed MeetingProgram, id: 7613.
Committed MeetingProgram, id: 7614.
Committed MeetingProgram, id: 7615.
Committed MeetingProgram, id: 7616.
Committed MeetingProgram, id: 7617.
Committed MeetingProgram, id: 7618.
Committed MeetingProgram, id: 7619.
Committed MeetingProgram, id: 7620.
Committed MeetingProgram, id: 7621.
Committed MeetingProgram, id: 7622.
Committed MeetingProgram, id: 7623.
Committed MeetingProgram, id: 7624.
Committed MeetingProgram, id: 7625.
Committed MeetingProgram, id: 7626.
Committed MeetingProgram, id: 7627.
Committed MeetingProgram, id: 7628.
Committed MeetingProgram, id: 7629.
Committed MeetingProgram, id: 7630.
Committed MeetingProgram, id: 7631.
Committed MeetingProgram, id: 7632.
Committed MeetingProgram, id: 7633.
Committed MeetingProgram, id: 7634.
Committed MeetingProgram, id: 7635.
Committed MeetingProgram, id: 7636.
Committed MeetingProgram, id: 7637.
Committed MeetingProgram, id: 7638.
Committed MeetingProgram, id: 7639.
Committed MeetingProgram, id: 7640.
Committed MeetingProgram, id: 7641.
Committed MeetingProgram, id: 7642.
Committed MeetingProgram, id: 7643.
Committed MeetingProgram, id: 7644.
Committed MeetingProgram, id: 7645.
Committed MeetingProgram, id: 7646.
Committed MeetingProgram, id: 7647.
Committed MeetingProgram, id: 7648.
Committed MeetingProgram, id: 7649.
Committed MeetingProgram, id: 7650.
Committed MeetingProgram, id: 7651.
Committed MeetingProgram, id: 7652.
Committed MeetingProgram, id: 7653.
Committed MeetingProgram, id: 7654.
Committed MeetingProgram, id: 7655.
Added new TeamAffiliation, ID:539.
Committed Team, id: 322.
Committed TeamAffiliation, id: 539.
Added new TeamAffiliation, ID:540.
Committed Team, id: 323.
Committed TeamAffiliation, id: 540.
Added new TeamAffiliation, ID:541.
Committed Team, id: 324.
Committed TeamAffiliation, id: 541.
Added new TeamAffiliation, ID:542.
Committed Team, id: 325.
Committed TeamAffiliation, id: 542.
Added new TeamAffiliation, ID:543.
Committed Team, id: 326.
Committed TeamAffiliation, id: 543.
Added new TeamAffiliation, ID:544.
Committed Team, id: 327.
Committed TeamAffiliation, id: 544.
Added new TeamAffiliation, ID:545.
Committed Team, id: 328.
Committed TeamAffiliation, id: 545.
Added new TeamAffiliation, ID:546.
Committed Team, id: 329.
Committed TeamAffiliation, id: 546.
Added new TeamAffiliation, ID:547.
Committed Team, id: 330.
Committed TeamAffiliation, id: 547.
Added new TeamAffiliation, ID:548.
Committed Team, id: 331.
Committed TeamAffiliation, id: 548.
Added new TeamAffiliation, ID:549.
Committed Team, id: 332.
Committed TeamAffiliation, id: 549.
Added new TeamAffiliation, ID:550.
Committed Team, id: 333.
Committed TeamAffiliation, id: 550.
Added new TeamAffiliation, ID:551.
Committed Team, id: 334.
Committed TeamAffiliation, id: 551.
Added new TeamAffiliation, ID:552.
Committed Team, id: 335.
Committed TeamAffiliation, id: 552.
Added new TeamAffiliation, ID:553.
Committed Team, id: 336.
Committed TeamAffiliation, id: 553.
Added new TeamAffiliation, ID:554.
Committed Team, id: 337.
Committed TeamAffiliation, id: 554.
Committed Swimmer, id: 5603.
Committed Swimmer, id: 5604.
Committed Swimmer, id: 5605.
Committed Swimmer, id: 5606.
Committed Swimmer, id: 5607.
Committed Swimmer, id: 5608.
Committed Swimmer, id: 5609.
Committed Swimmer, id: 5610.
Committed Swimmer, id: 5611.
Committed Swimmer, id: 5612.
Committed Swimmer, id: 5613.
Committed Swimmer, id: 5614.
Committed Swimmer, id: 5615.
Committed Swimmer, id: 5616.
Committed Swimmer, id: 5617.
Committed Swimmer, id: 5618.
Committed Swimmer, id: 5619.
Committed Swimmer, id: 5620.
Committed Swimmer, id: 5621.
Committed Swimmer, id: 5622.
Committed Swimmer, id: 5623.
Committed Swimmer, id: 5624.
Committed Swimmer, id: 5625.
Committed Swimmer, id: 5626.
Committed Swimmer, id: 5627.
Committed Swimmer, id: 5628.
Committed Swimmer, id: 5629.
Committed Swimmer, id: 5630.
Committed Swimmer, id: 5631.
Committed Swimmer, id: 5632.
Committed Swimmer, id: 5633.
Committed Swimmer, id: 5634.
Committed Swimmer, id: 5635.
Committed Swimmer, id: 5636.
Committed Swimmer, id: 5637.
Committed Swimmer, id: 5638.
Committed Swimmer, id: 5639.
Committed Swimmer, id: 5640.
Committed Swimmer, id: 5641.
Committed Swimmer, id: 5642.
Committed Swimmer, id: 5643.
Committed Swimmer, id: 5644.
Committed Swimmer, id: 5645.
Committed Swimmer, id: 5646.
Committed Swimmer, id: 5647.
Committed Swimmer, id: 5648.
Committed Swimmer, id: 5649.
Committed Swimmer, id: 5650.
Committed Swimmer, id: 5651.
Committed Swimmer, id: 5652.
Committed Swimmer, id: 5653.
Committed Swimmer, id: 5654.
Committed Swimmer, id: 5655.
Committed Swimmer, id: 5656.
Committed Swimmer, id: 5657.
Committed Swimmer, id: 5658.
Committed Swimmer, id: 5659.
Committed Swimmer, id: 5660.
Committed Swimmer, id: 5661.
Committed Swimmer, id: 5662.
Committed Swimmer, id: 5663.
Committed Swimmer, id: 5664.
Committed Swimmer, id: 5665.
Committed Swimmer, id: 5666.
Committed Swimmer, id: 5667.
Committed Swimmer, id: 5668.
Committed Swimmer, id: 5669.
Committed Swimmer, id: 5670.
Committed Swimmer, id: 5671.
Committed Swimmer, id: 5672.
Committed Swimmer, id: 5673.
Committed Swimmer, id: 5674.
Committed Swimmer, id: 5675.
Committed Swimmer, id: 5676.
Committed Swimmer, id: 5677.
Committed Swimmer, id: 5678.
Committed Swimmer, id: 5679.
Committed Swimmer, id: 5680.
Committed Swimmer, id: 5681.
Committed Swimmer, id: 5682.
Committed Swimmer, id: 5683.
Committed Swimmer, id: 5684.
Committed Swimmer, id: 5685.
Committed Swimmer, id: 5686.
Committed Swimmer, id: 5687.
Committed Swimmer, id: 5688.
Committed Swimmer, id: 5689.
Committed Swimmer, id: 5690.
Committed Swimmer, id: 5691.
Committed Swimmer, id: 5692.
Committed Swimmer, id: 5693.
Committed Swimmer, id: 5694.
Committed Swimmer, id: 5695.
Committed Swimmer, id: 5696.
Committed Swimmer, id: 5697.
Committed Swimmer, id: 5698.
Committed Swimmer, id: 5699.
Committed Swimmer, id: 5700.
Committed Swimmer, id: 5701.
Committed Swimmer, id: 5702.
Committed Swimmer, id: 5703.
Committed Swimmer, id: 5704.
Committed Swimmer, id: 5705.
Committed Swimmer, id: 5706.
Committed Swimmer, id: 5707.
Committed Swimmer, id: 5708.
Committed Swimmer, id: 5709.
Committed Swimmer, id: 5710.
Committed Swimmer, id: 5711.
Committed Swimmer, id: 5712.
Committed Swimmer, id: 5713.
Committed Swimmer, id: 5714.
Committed Swimmer, id: 5715.
Committed Swimmer, id: 5716.
Committed Swimmer, id: 5717.
Committed Swimmer, id: 5718.
Committed Swimmer, id: 5719.
Committed Swimmer, id: 5720.
Committed Swimmer, id: 5721.
Committed Swimmer, id: 5722.
Committed Swimmer, id: 5723.
Committed Swimmer, id: 5724.
Committed Swimmer, id: 5725.
Committed Swimmer, id: 5726.
Committed Swimmer, id: 5727.
Committed Swimmer, id: 5728.
Committed Swimmer, id: 5729.
Committed Swimmer, id: 5730.
Committed Swimmer, id: 5731.
Committed Swimmer, id: 5732.
Committed Swimmer, id: 5733.
Committed Swimmer, id: 5734.
Committed Swimmer, id: 5735.
Committed Swimmer, id: 5736.
Committed Swimmer, id: 5737.
Committed Swimmer, id: 5738.
Committed Swimmer, id: 5739.
Committed Swimmer, id: 5740.
Committed Swimmer, id: 5741.
Committed Swimmer, id: 5742.
Committed Swimmer, id: 5743.
Committed Swimmer, id: 5744.
Committed Swimmer, id: 5745.
Committed Swimmer, id: 5746.
Committed Swimmer, id: 5747.
Committed Swimmer, id: 5748.
Committed Swimmer, id: 5749.
Committed Swimmer, id: 5750.
Committed Swimmer, id: 5751.
Committed Swimmer, id: 5752.
Committed Swimmer, id: 5753.
Committed Swimmer, id: 5754.
Committed Swimmer, id: 5755.
Committed Swimmer, id: 5756.
Committed Swimmer, id: 5757.
Committed Swimmer, id: 5758.
Committed Swimmer, id: 5759.
Committed Swimmer, id: 5760.
Committed Swimmer, id: 5761.
Committed Swimmer, id: 5762.
Committed Swimmer, id: 5763.
Committed Swimmer, id: 5764.
Committed Swimmer, id: 5765.
Committed Swimmer, id: 5766.
Committed Swimmer, id: 5767.
Committed Swimmer, id: 5768.
Committed Swimmer, id: 5769.
Committed Swimmer, id: 5770.
Committed Swimmer, id: 5771.
Committed Swimmer, id: 5772.
Committed Swimmer, id: 5773.
Committed Swimmer, id: 5774.
Committed Swimmer, id: 5775.
Committed Swimmer, id: 5776.
Committed Swimmer, id: 5777.
Committed Swimmer, id: 5778.
Committed Swimmer, id: 5779.
Committed Swimmer, id: 5780.
Committed Swimmer, id: 5781.
Committed Swimmer, id: 5782.
Committed Swimmer, id: 5783.
Committed Swimmer, id: 5784.
Committed Swimmer, id: 5785.
Committed Swimmer, id: 5786.
Committed Swimmer, id: 5787.
Committed Swimmer, id: 5788.
Committed Swimmer, id: 5789.
Committed Swimmer, id: 5790.
Committed Swimmer, id: 5791.
Committed Swimmer, id: 5792.
Committed Swimmer, id: 5793.
Committed Swimmer, id: 5794.
Committed Swimmer, id: 5795.
Committed Swimmer, id: 5796.
Committed Swimmer, id: 5797.
Committed Swimmer, id: 5798.
Committed Swimmer, id: 5799.
Committed Swimmer, id: 5800.
Committed Swimmer, id: 5801.
Committed Swimmer, id: 5802.
Committed Swimmer, id: 5803.
Committed Swimmer, id: 5804.
Committed Swimmer, id: 5805.
Committed Swimmer, id: 5806.
Committed Swimmer, id: 5807.
Committed Swimmer, id: 5808.
Committed Swimmer, id: 5809.
Committed Swimmer, id: 5810.
Committed Swimmer, id: 5811.
Committed Swimmer, id: 5812.
Committed Swimmer, id: 5813.
Committed Swimmer, id: 5814.
Committed Swimmer, id: 5815.
Committed Swimmer, id: 5816.
Committed Swimmer, id: 5817.
Committed Swimmer, id: 5818.
Committed Swimmer, id: 5819.
Committed Swimmer, id: 5820.
Committed Swimmer, id: 5821.
Committed Swimmer, id: 5822.
Committed Swimmer, id: 5823.
Committed Swimmer, id: 5824.
Committed Swimmer, id: 5825.
Committed Swimmer, id: 5826.
Committed Swimmer, id: 5827.
Committed Swimmer, id: 5828.
Committed Swimmer, id: 5829.
Committed Swimmer, id: 5830.
Committed Swimmer, id: 5831.
Committed Swimmer, id: 5832.
Committed Swimmer, id: 5833.
Committed Swimmer, id: 5834.
Committed Swimmer, id: 5835.
Committed Swimmer, id: 5836.
Committed Swimmer, id: 5837.
Committed Swimmer, id: 5838.
Committed Swimmer, id: 5839.
Committed Swimmer, id: 5840.
Committed Swimmer, id: 5841.
Committed Swimmer, id: 5842.
Committed Swimmer, id: 5843.
Committed Swimmer, id: 5844.
Committed Swimmer, id: 5845.
Committed Swimmer, id: 5846.
Committed Swimmer, id: 5847.
Committed Swimmer, id: 5848.
Committed Swimmer, id: 5849.
Committed Swimmer, id: 5850.
Committed Swimmer, id: 5851.
Committed Swimmer, id: 5852.
Committed Swimmer, id: 5853.
Committed Swimmer, id: 5854.
Committed Swimmer, id: 5855.
Committed Swimmer, id: 5856.
Committed Swimmer, id: 5857.
Committed Swimmer, id: 5858.
Committed Swimmer, id: 5859.
Committed Swimmer, id: 5860.
Committed Swimmer, id: 5861.
Committed Swimmer, id: 5862.
Committed Swimmer, id: 5863.
Committed Swimmer, id: 5864.
Committed Swimmer, id: 5865.
Committed Swimmer, id: 5866.
Committed Swimmer, id: 5867.
Committed Swimmer, id: 5868.
Committed Swimmer, id: 5869.
Committed Badge, id: 9257.
Committed Badge, id: 9258.
Committed Badge, id: 9259.
Committed Badge, id: 9260.
Committed Badge, id: 9261.
Committed Badge, id: 9262.
Committed Badge, id: 9263.
Committed Badge, id: 9264.
Committed Badge, id: 9265.
Committed Badge, id: 9266.
Committed Badge, id: 9267.
Committed Badge, id: 9268.
Committed Badge, id: 9269.
Committed Badge, id: 9270.
Committed Badge, id: 9271.
Committed Badge, id: 9272.
Committed Badge, id: 9273.
Committed Badge, id: 9274.
Committed Badge, id: 9275.
Committed Badge, id: 9276.
Committed Badge, id: 9277.
Committed Badge, id: 9278.
Committed Badge, id: 9279.
Committed Badge, id: 9280.
Committed Badge, id: 9281.
Committed Badge, id: 9282.
Committed Badge, id: 9283.
Committed Badge, id: 9284.
Committed Badge, id: 9285.
Committed Badge, id: 9286.
Committed Badge, id: 9287.
Committed Badge, id: 9288.
Committed Badge, id: 9289.
Committed Badge, id: 9290.
Committed Badge, id: 9291.
Committed Badge, id: 9292.
Committed Badge, id: 9293.
Committed Badge, id: 9294.
Committed Badge, id: 9295.
Committed Badge, id: 9296.
Committed Badge, id: 9297.
Committed Badge, id: 9298.
Committed Badge, id: 9299.
Committed Badge, id: 9300.
Committed Badge, id: 9301.
Committed Badge, id: 9302.
Committed Badge, id: 9303.
Committed Badge, id: 9304.
Committed Badge, id: 9305.
Committed Badge, id: 9306.
Committed Badge, id: 9307.
Committed Badge, id: 9308.
Committed Badge, id: 9309.
Committed Badge, id: 9310.
Committed Badge, id: 9311.
Committed Badge, id: 9312.
Committed Badge, id: 9313.
Committed Badge, id: 9314.
Committed Badge, id: 9315.
Committed Badge, id: 9316.
Committed Badge, id: 9317.
Committed Badge, id: 9318.
Committed Badge, id: 9319.
Committed Badge, id: 9320.
Committed Badge, id: 9321.
Committed Badge, id: 9322.
Committed Badge, id: 9323.
Committed Badge, id: 9324.
Committed Badge, id: 9325.
Committed Badge, id: 9326.
Committed Badge, id: 9327.
Committed Badge, id: 9328.
Committed Badge, id: 9329.
Committed Badge, id: 9330.
Committed Badge, id: 9331.
Committed Badge, id: 9332.
Committed Badge, id: 9333.
Committed Badge, id: 9334.
Committed Badge, id: 9335.
Committed Badge, id: 9336.
Committed Badge, id: 9337.
Committed Badge, id: 9338.
Committed Badge, id: 9339.
Committed Badge, id: 9340.
Committed Badge, id: 9341.
Committed Badge, id: 9342.
Committed Badge, id: 9343.
Committed Badge, id: 9344.
Committed Badge, id: 9345.
Committed Badge, id: 9346.
Committed Badge, id: 9347.
Committed Badge, id: 9348.
Committed Badge, id: 9349.
Committed Badge, id: 9350.
Committed Badge, id: 9351.
Committed Badge, id: 9352.
Committed Badge, id: 9353.
Committed Badge, id: 9354.
Committed Badge, id: 9355.
Committed Badge, id: 9356.
Committed Badge, id: 9357.
Committed Badge, id: 9358.
Committed Badge, id: 9359.
Committed Badge, id: 9360.
Committed Badge, id: 9361.
Committed Badge, id: 9362.
Committed Badge, id: 9363.
Committed Badge, id: 9364.
Committed Badge, id: 9365.
Committed Badge, id: 9366.
Committed Badge, id: 9367.
Committed Badge, id: 9368.
Committed Badge, id: 9369.
Committed Badge, id: 9370.
Committed Badge, id: 9371.
Committed Badge, id: 9372.
Committed Badge, id: 9373.
Committed Badge, id: 9374.
Committed Badge, id: 9375.
Committed Badge, id: 9376.
Committed Badge, id: 9377.
Committed Badge, id: 9378.
Committed Badge, id: 9379.
Committed Badge, id: 9380.
Committed Badge, id: 9381.
Committed Badge, id: 9382.
Committed Badge, id: 9383.
Committed Badge, id: 9384.
Committed Badge, id: 9385.
Committed Badge, id: 9386.
Committed Badge, id: 9387.
Committed Badge, id: 9388.
Committed Badge, id: 9389.
Committed Badge, id: 9390.
Committed Badge, id: 9391.
Committed Badge, id: 9392.
Committed Badge, id: 9393.
Committed Badge, id: 9394.
Committed Badge, id: 9395.
Committed Badge, id: 9396.
Committed Badge, id: 9397.
Committed Badge, id: 9398.
Committed Badge, id: 9399.
Committed Badge, id: 9400.
Committed Badge, id: 9401.
Committed Badge, id: 9402.
Committed Badge, id: 9403.
Committed Badge, id: 9404.
Committed Badge, id: 9405.
Committed Badge, id: 9406.
Committed Badge, id: 9407.
Committed Badge, id: 9408.
Committed Badge, id: 9409.
Committed Badge, id: 9410.
Committed Badge, id: 9411.
Committed Badge, id: 9412.
Committed Badge, id: 9413.
Committed Badge, id: 9414.
Committed Badge, id: 9415.
Committed Badge, id: 9416.
Committed Badge, id: 9417.
Committed Badge, id: 9418.
Committed Badge, id: 9419.
Committed Badge, id: 9420.
Committed Badge, id: 9421.
Committed Badge, id: 9422.
Committed Badge, id: 9423.
Committed Badge, id: 9424.
Committed Badge, id: 9425.
Committed Badge, id: 9426.
Committed Badge, id: 9427.
Committed Badge, id: 9428.
Committed Badge, id: 9429.
Committed Badge, id: 9430.
Committed Badge, id: 9431.
Committed Badge, id: 9432.
Committed Badge, id: 9433.
Committed Badge, id: 9434.
Committed Badge, id: 9435.
Committed Badge, id: 9436.
Committed Badge, id: 9437.
Committed Badge, id: 9438.
Committed Badge, id: 9439.
Committed Badge, id: 9440.
Committed Badge, id: 9441.
Committed Badge, id: 9442.
Committed Badge, id: 9443.
Committed Badge, id: 9444.
Committed Badge, id: 9445.
Committed Badge, id: 9446.
Committed Badge, id: 9447.
Committed Badge, id: 9448.
Committed Badge, id: 9449.
Committed Badge, id: 9450.
Committed Badge, id: 9451.
Committed Badge, id: 9452.
Committed Badge, id: 9453.
Committed Badge, id: 9454.
Committed Badge, id: 9455.
Committed Badge, id: 9456.
Committed Badge, id: 9457.
Committed Badge, id: 9458.
Committed Badge, id: 9459.
Committed Badge, id: 9460.
Committed Badge, id: 9461.
Committed Badge, id: 9462.
Committed Badge, id: 9463.
Committed Badge, id: 9464.
Committed Badge, id: 9465.
Committed Badge, id: 9466.
Committed Badge, id: 9467.
Committed Badge, id: 9468.
Committed Badge, id: 9469.
Committed Badge, id: 9470.
Committed Badge, id: 9471.
Committed Badge, id: 9472.
Committed Badge, id: 9473.
Committed Badge, id: 9474.
Committed Badge, id: 9475.
Committed Badge, id: 9476.
Committed Badge, id: 9477.
Committed Badge, id: 9478.
Committed Badge, id: 9479.
Committed Badge, id: 9480.
Committed Badge, id: 9481.
Committed Badge, id: 9482.
Committed Badge, id: 9483.
Committed Badge, id: 9484.
Committed Badge, id: 9485.
Committed Badge, id: 9486.
Committed Badge, id: 9487.
Committed Badge, id: 9488.
Committed Badge, id: 9489.
Committed Badge, id: 9490.
Committed Badge, id: 9491.
Committed Badge, id: 9492.
Committed Badge, id: 9493.
Committed Badge, id: 9494.
Committed Badge, id: 9495.
Committed Badge, id: 9496.
Committed Badge, id: 9497.
Committed Badge, id: 9498.
Committed Badge, id: 9499.
Committed Badge, id: 9500.
Committed Badge, id: 9501.
Committed Badge, id: 9502.
Committed Badge, id: 9503.
Committed Badge, id: 9504.
Committed Badge, id: 9505.
Committed Badge, id: 9506.
Committed Badge, id: 9507.
Committed Badge, id: 9508.
Committed Badge, id: 9509.
Committed Badge, id: 9510.
Committed Badge, id: 9511.
Committed Badge, id: 9512.
Committed Badge, id: 9513.
Committed Badge, id: 9514.
Committed Badge, id: 9515.
Committed Badge, id: 9516.
Committed Badge, id: 9517.
Committed Badge, id: 9518.
Committed Badge, id: 9519.
Committed Badge, id: 9520.
Committed Badge, id: 9521.
Committed Badge, id: 9522.
Committed Badge, id: 9523.
Committed Badge, id: 9524.
Committed Badge, id: 9525.
Committed Badge, id: 9526.
Committed Badge, id: 9527.
Committed Badge, id: 9528.
Committed Badge, id: 9529.
Committed Badge, id: 9530.
Committed Badge, id: 9531.
Committed Badge, id: 9532.
Committed Badge, id: 9533.
Committed Badge, id: 9534.
Committed Badge, id: 9535.
Committed Badge, id: 9536.
Committed Badge, id: 9537.
Committed Badge, id: 9538.
Committed Badge, id: 9539.
Committed Badge, id: 9540.
Committed Badge, id: 9541.
Committed Badge, id: 9542.
Committed Badge, id: 9543.
Committed Badge, id: 9544.
Committed Badge, id: 9545.
Committed Badge, id: 9546.
Committed Badge, id: 9547.
Committed Badge, id: 9548.
Committed Badge, id: 9549.
Committed Badge, id: 9550.
Committed Badge, id: 9551.
Committed Badge, id: 9552.
Committed Badge, id: 9553.
Committed Badge, id: 9554.
Committed Badge, id: 9555.
Committed Badge, id: 9556.
Committed Badge, id: 9557.
Committed Badge, id: 9558.
Committed Badge, id: 9559.
Committed Badge, id: 9560.
Committed Badge, id: 9561.
Committed Badge, id: 9562.
Committed Badge, id: 9563.
Committed Badge, id: 9564.
Committed Badge, id: 9565.
Committed Badge, id: 9566.
Committed Badge, id: 9567.
Committed Badge, id: 9568.
Committed Badge, id: 9569.
Committed Badge, id: 9570.
Committed Badge, id: 9571.
Committed Badge, id: 9572.
Committed Badge, id: 9573.
Committed MeetingIndividualResult, id: 113504.
Committed MeetingIndividualResult, id: 113505.
Committed MeetingIndividualResult, id: 113506.
Committed MeetingIndividualResult, id: 113507.
Committed MeetingIndividualResult, id: 113508.
Committed MeetingIndividualResult, id: 113509.
Committed MeetingIndividualResult, id: 113510.
Committed MeetingIndividualResult, id: 113511.
Committed MeetingIndividualResult, id: 113512.
Committed MeetingIndividualResult, id: 113513.
Committed MeetingIndividualResult, id: 113514.
Committed MeetingIndividualResult, id: 113515.
Committed MeetingIndividualResult, id: 113516.
Committed MeetingIndividualResult, id: 113517.
Committed MeetingIndividualResult, id: 113518.
Committed MeetingIndividualResult, id: 113519.
Committed MeetingIndividualResult, id: 113520.
Committed MeetingIndividualResult, id: 113521.
Committed MeetingIndividualResult, id: 113522.
Committed MeetingIndividualResult, id: 113523.
Committed MeetingIndividualResult, id: 113524.
Committed MeetingIndividualResult, id: 113525.
Committed MeetingIndividualResult, id: 113526.
Committed MeetingIndividualResult, id: 113527.
Committed MeetingIndividualResult, id: 113528.
Committed MeetingIndividualResult, id: 113529.
Committed MeetingIndividualResult, id: 113530.
Committed MeetingIndividualResult, id: 113531.
Committed MeetingIndividualResult, id: 113532.
Committed MeetingIndividualResult, id: 113533.
Committed MeetingIndividualResult, id: 113534.
Committed MeetingIndividualResult, id: 113535.
Committed MeetingIndividualResult, id: 113536.
Committed MeetingIndividualResult, id: 113537.
Committed MeetingIndividualResult, id: 113538.
Committed MeetingIndividualResult, id: 113539.
Committed MeetingIndividualResult, id: 113540.
Committed MeetingIndividualResult, id: 113541.
Committed MeetingIndividualResult, id: 113542.
Committed MeetingIndividualResult, id: 113543.
Committed MeetingIndividualResult, id: 113544.
Committed MeetingIndividualResult, id: 113545.
Committed MeetingIndividualResult, id: 113546.
Committed MeetingIndividualResult, id: 113547.
Committed MeetingIndividualResult, id: 113548.
Committed MeetingIndividualResult, id: 113549.
Committed MeetingIndividualResult, id: 113550.
Committed MeetingIndividualResult, id: 113551.
Committed MeetingIndividualResult, id: 113552.
Committed MeetingIndividualResult, id: 113553.
Committed MeetingIndividualResult, id: 113554.
Committed MeetingIndividualResult, id: 113555.
Committed MeetingIndividualResult, id: 113556.
Committed MeetingIndividualResult, id: 113557.
Committed MeetingIndividualResult, id: 113558.
Committed MeetingIndividualResult, id: 113559.
Committed MeetingIndividualResult, id: 113560.
Committed MeetingIndividualResult, id: 113561.
Committed MeetingIndividualResult, id: 113562.
Committed MeetingIndividualResult, id: 113563.
Committed MeetingIndividualResult, id: 113564.
Committed MeetingIndividualResult, id: 113565.
Committed MeetingIndividualResult, id: 113566.
Committed MeetingIndividualResult, id: 113567.
Committed MeetingIndividualResult, id: 113568.
Committed MeetingIndividualResult, id: 113569.
Committed MeetingIndividualResult, id: 113570.
Committed MeetingIndividualResult, id: 113571.
Committed MeetingIndividualResult, id: 113572.
Committed MeetingIndividualResult, id: 113573.
Committed MeetingIndividualResult, id: 113574.
Committed MeetingIndividualResult, id: 113575.
Committed MeetingIndividualResult, id: 113576.
Committed MeetingIndividualResult, id: 113577.
Committed MeetingIndividualResult, id: 113578.
Committed MeetingIndividualResult, id: 113579.
Committed MeetingIndividualResult, id: 113580.
Committed MeetingIndividualResult, id: 113581.
Committed MeetingIndividualResult, id: 113582.
Committed MeetingIndividualResult, id: 113583.
Committed MeetingIndividualResult, id: 113584.
Committed MeetingIndividualResult, id: 113585.
Committed MeetingIndividualResult, id: 113586.
Committed MeetingIndividualResult, id: 113587.
Committed MeetingIndividualResult, id: 113588.
Committed MeetingIndividualResult, id: 113589.
Committed MeetingIndividualResult, id: 113590.
Committed MeetingIndividualResult, id: 113591.
Committed MeetingIndividualResult, id: 113592.
Committed MeetingIndividualResult, id: 113593.
Committed MeetingIndividualResult, id: 113594.
Committed MeetingIndividualResult, id: 113595.
Committed MeetingIndividualResult, id: 113596.
Committed MeetingIndividualResult, id: 113597.
Committed MeetingIndividualResult, id: 113598.
Committed MeetingIndividualResult, id: 113599.
Committed MeetingIndividualResult, id: 113600.
Committed MeetingIndividualResult, id: 113601.
Committed MeetingIndividualResult, id: 113602.
Committed MeetingIndividualResult, id: 113603.
Committed MeetingIndividualResult, id: 113604.
Committed MeetingIndividualResult, id: 113605.
Committed MeetingIndividualResult, id: 113606.
Committed MeetingIndividualResult, id: 113607.
Committed MeetingIndividualResult, id: 113608.
Committed MeetingIndividualResult, id: 113609.
Committed MeetingIndividualResult, id: 113610.
Committed MeetingIndividualResult, id: 113611.
Committed MeetingIndividualResult, id: 113612.
Committed MeetingIndividualResult, id: 113613.
Committed MeetingIndividualResult, id: 113614.
Committed MeetingIndividualResult, id: 113615.
Committed MeetingIndividualResult, id: 113616.
Committed MeetingIndividualResult, id: 113617.
Committed MeetingIndividualResult, id: 113618.
Committed MeetingIndividualResult, id: 113619.
Committed MeetingIndividualResult, id: 113620.
Committed MeetingIndividualResult, id: 113621.
Committed MeetingIndividualResult, id: 113622.
Committed MeetingIndividualResult, id: 113623.
Committed MeetingIndividualResult, id: 113624.
Committed MeetingIndividualResult, id: 113625.
Committed MeetingIndividualResult, id: 113626.
Committed MeetingIndividualResult, id: 113627.
Committed MeetingIndividualResult, id: 113628.
Committed MeetingIndividualResult, id: 113629.
Committed MeetingIndividualResult, id: 113630.
Committed MeetingIndividualResult, id: 113631.
Committed MeetingIndividualResult, id: 113632.
Committed MeetingIndividualResult, id: 113633.
Committed MeetingIndividualResult, id: 113634.
Committed MeetingIndividualResult, id: 113635.
Committed MeetingIndividualResult, id: 113636.
Committed MeetingIndividualResult, id: 113637.
Committed MeetingIndividualResult, id: 113638.
Committed MeetingIndividualResult, id: 113639.
Committed MeetingIndividualResult, id: 113640.
Committed MeetingIndividualResult, id: 113641.
Committed MeetingIndividualResult, id: 113642.
Committed MeetingIndividualResult, id: 113643.
Committed MeetingIndividualResult, id: 113644.
Committed MeetingIndividualResult, id: 113645.
Committed MeetingIndividualResult, id: 113646.
Committed MeetingIndividualResult, id: 113647.
Committed MeetingIndividualResult, id: 113648.
Committed MeetingIndividualResult, id: 113649.
Committed MeetingIndividualResult, id: 113650.
Committed MeetingIndividualResult, id: 113651.
Committed MeetingIndividualResult, id: 113652.
Committed MeetingIndividualResult, id: 113653.
Committed MeetingIndividualResult, id: 113654.
Committed MeetingIndividualResult, id: 113655.
Committed MeetingIndividualResult, id: 113656.
Committed MeetingIndividualResult, id: 113657.
Committed MeetingIndividualResult, id: 113658.
Committed MeetingIndividualResult, id: 113659.
Committed MeetingIndividualResult, id: 113660.
Committed MeetingIndividualResult, id: 113661.
Committed MeetingIndividualResult, id: 113662.
Committed MeetingIndividualResult, id: 113663.
Committed MeetingIndividualResult, id: 113664.
Committed MeetingIndividualResult, id: 113665.
Committed MeetingIndividualResult, id: 113666.
Committed MeetingIndividualResult, id: 113667.
Committed MeetingIndividualResult, id: 113668.
Committed MeetingIndividualResult, id: 113669.
Committed MeetingIndividualResult, id: 113670.
Committed MeetingIndividualResult, id: 113671.
Committed MeetingIndividualResult, id: 113672.
Committed MeetingIndividualResult, id: 113673.
Committed MeetingIndividualResult, id: 113674.
Committed MeetingIndividualResult, id: 113675.
Committed MeetingIndividualResult, id: 113676.
Committed MeetingIndividualResult, id: 113677.
Committed MeetingIndividualResult, id: 113678.
Committed MeetingIndividualResult, id: 113679.
Committed MeetingIndividualResult, id: 113680.
Committed MeetingIndividualResult, id: 113681.
Committed MeetingIndividualResult, id: 113682.
Committed MeetingIndividualResult, id: 113683.
Committed MeetingIndividualResult, id: 113684.
Committed MeetingIndividualResult, id: 113685.
Committed MeetingIndividualResult, id: 113686.
Committed MeetingIndividualResult, id: 113687.
Committed MeetingIndividualResult, id: 113688.
Committed MeetingIndividualResult, id: 113689.
Committed MeetingIndividualResult, id: 113690.
Committed MeetingIndividualResult, id: 113691.
Committed MeetingIndividualResult, id: 113692.
Committed MeetingIndividualResult, id: 113693.
Committed MeetingIndividualResult, id: 113694.
Committed MeetingIndividualResult, id: 113695.
Committed MeetingIndividualResult, id: 113696.
Committed MeetingIndividualResult, id: 113697.
Committed MeetingIndividualResult, id: 113698.
Committed MeetingIndividualResult, id: 113699.
Committed MeetingIndividualResult, id: 113700.
Committed MeetingIndividualResult, id: 113701.
Committed MeetingIndividualResult, id: 113702.
Committed MeetingIndividualResult, id: 113703.
Committed MeetingIndividualResult, id: 113704.
Committed MeetingIndividualResult, id: 113705.
Committed MeetingIndividualResult, id: 113706.
Committed MeetingIndividualResult, id: 113707.
Committed MeetingIndividualResult, id: 113708.
Committed MeetingIndividualResult, id: 113709.
Committed MeetingIndividualResult, id: 113710.
Committed MeetingIndividualResult, id: 113711.
Committed MeetingIndividualResult, id: 113712.
Committed MeetingIndividualResult, id: 113713.
Committed MeetingIndividualResult, id: 113714.
Committed MeetingIndividualResult, id: 113715.
Committed MeetingIndividualResult, id: 113716.
Committed MeetingIndividualResult, id: 113717.
Committed MeetingIndividualResult, id: 113718.
Committed MeetingIndividualResult, id: 113719.
Committed MeetingIndividualResult, id: 113720.
Committed MeetingIndividualResult, id: 113721.
Committed MeetingIndividualResult, id: 113722.
Committed MeetingIndividualResult, id: 113723.
Committed MeetingIndividualResult, id: 113724.
Committed MeetingIndividualResult, id: 113725.
Committed MeetingIndividualResult, id: 113726.
Committed MeetingIndividualResult, id: 113727.
Committed MeetingIndividualResult, id: 113728.
Committed MeetingIndividualResult, id: 113729.
Committed MeetingIndividualResult, id: 113730.
Committed MeetingIndividualResult, id: 113731.
Committed MeetingIndividualResult, id: 113732.
Committed MeetingIndividualResult, id: 113733.
Committed MeetingIndividualResult, id: 113734.
Committed MeetingIndividualResult, id: 113735.
Committed MeetingIndividualResult, id: 113736.
Committed MeetingIndividualResult, id: 113737.
Committed MeetingIndividualResult, id: 113738.
Committed MeetingIndividualResult, id: 113739.
Committed MeetingIndividualResult, id: 113740.
Committed MeetingIndividualResult, id: 113741.
Committed MeetingIndividualResult, id: 113742.
Committed MeetingIndividualResult, id: 113743.
Committed MeetingIndividualResult, id: 113744.
Committed MeetingIndividualResult, id: 113745.
Committed MeetingIndividualResult, id: 113746.
Committed MeetingIndividualResult, id: 113747.
Committed MeetingIndividualResult, id: 113748.
Committed MeetingIndividualResult, id: 113749.
Committed MeetingIndividualResult, id: 113750.
Committed MeetingIndividualResult, id: 113751.
Committed MeetingIndividualResult, id: 113752.
Committed MeetingIndividualResult, id: 113753.
Committed MeetingIndividualResult, id: 113754.
Committed MeetingIndividualResult, id: 113755.
Committed MeetingIndividualResult, id: 113756.
Committed MeetingIndividualResult, id: 113757.
Committed MeetingIndividualResult, id: 113758.
Committed MeetingIndividualResult, id: 113759.
Committed MeetingIndividualResult, id: 113760.
Committed MeetingIndividualResult, id: 113761.
Committed MeetingIndividualResult, id: 113762.
Committed MeetingIndividualResult, id: 113763.
Committed MeetingIndividualResult, id: 113764.
Committed MeetingIndividualResult, id: 113765.
Committed MeetingIndividualResult, id: 113766.
Committed MeetingIndividualResult, id: 113767.
Committed MeetingIndividualResult, id: 113768.
Committed MeetingIndividualResult, id: 113769.
Committed MeetingIndividualResult, id: 113770.
Committed MeetingIndividualResult, id: 113771.
Committed MeetingIndividualResult, id: 113772.
Committed MeetingIndividualResult, id: 113773.
Committed MeetingIndividualResult, id: 113774.
Committed MeetingIndividualResult, id: 113775.
Committed MeetingIndividualResult, id: 113776.
Committed MeetingIndividualResult, id: 113777.
Committed MeetingIndividualResult, id: 113778.
Committed MeetingIndividualResult, id: 113779.
Committed MeetingIndividualResult, id: 113780.
Committed MeetingIndividualResult, id: 113781.
Committed MeetingIndividualResult, id: 113782.
Committed MeetingIndividualResult, id: 113783.
Committed MeetingIndividualResult, id: 113784.
Committed MeetingIndividualResult, id: 113785.
Committed MeetingIndividualResult, id: 113786.
Committed MeetingIndividualResult, id: 113787.
Committed MeetingIndividualResult, id: 113788.
Committed MeetingIndividualResult, id: 113789.
Committed MeetingIndividualResult, id: 113790.
Committed MeetingIndividualResult, id: 113791.
Committed MeetingIndividualResult, id: 113792.
Committed MeetingIndividualResult, id: 113793.
Committed MeetingIndividualResult, id: 113794.
Committed MeetingIndividualResult, id: 113795.
Committed MeetingIndividualResult, id: 113796.
Committed MeetingIndividualResult, id: 113797.
Committed MeetingIndividualResult, id: 113798.
Committed MeetingIndividualResult, id: 113799.
Committed MeetingIndividualResult, id: 113800.
Committed MeetingIndividualResult, id: 113801.
Committed MeetingIndividualResult, id: 113802.
Committed MeetingIndividualResult, id: 113803.
Committed MeetingIndividualResult, id: 113804.
Committed MeetingIndividualResult, id: 113805.
Committed MeetingIndividualResult, id: 113806.
Committed MeetingIndividualResult, id: 113807.
Committed MeetingIndividualResult, id: 113808.
Committed MeetingIndividualResult, id: 113809.
Committed MeetingIndividualResult, id: 113810.
Committed MeetingIndividualResult, id: 113811.
Committed MeetingIndividualResult, id: 113812.
Committed MeetingIndividualResult, id: 113813.
Committed MeetingIndividualResult, id: 113814.
Committed MeetingIndividualResult, id: 113815.
Committed MeetingIndividualResult, id: 113816.
Committed MeetingIndividualResult, id: 113817.
Committed MeetingIndividualResult, id: 113818.
Committed MeetingIndividualResult, id: 113819.
Committed MeetingIndividualResult, id: 113820.
Committed MeetingIndividualResult, id: 113821.
Committed MeetingIndividualResult, id: 113822.
Committed MeetingIndividualResult, id: 113823.
Committed MeetingIndividualResult, id: 113824.
Committed MeetingIndividualResult, id: 113825.
Committed MeetingIndividualResult, id: 113826.
Committed MeetingIndividualResult, id: 113827.
Committed MeetingIndividualResult, id: 113828.
Committed MeetingIndividualResult, id: 113829.
Committed MeetingIndividualResult, id: 113830.
Committed MeetingIndividualResult, id: 113831.
Committed MeetingIndividualResult, id: 113832.
Committed MeetingIndividualResult, id: 113833.
Committed MeetingIndividualResult, id: 113834.
Committed MeetingIndividualResult, id: 113835.
Committed MeetingIndividualResult, id: 113836.
Committed MeetingIndividualResult, id: 113837.
Committed MeetingIndividualResult, id: 113838.
Committed MeetingIndividualResult, id: 113839.
Committed MeetingIndividualResult, id: 113840.
Committed MeetingIndividualResult, id: 113841.
Committed MeetingIndividualResult, id: 113842.
Committed MeetingIndividualResult, id: 113843.
Committed MeetingIndividualResult, id: 113844.
Committed MeetingIndividualResult, id: 113845.
Committed MeetingIndividualResult, id: 113846.
Committed MeetingIndividualResult, id: 113847.
Committed MeetingIndividualResult, id: 113848.
Committed MeetingIndividualResult, id: 113849.
Committed MeetingIndividualResult, id: 113850.
Committed MeetingIndividualResult, id: 113851.
Committed MeetingIndividualResult, id: 113852.
Committed MeetingIndividualResult, id: 113853.
Committed MeetingIndividualResult, id: 113854.
Committed MeetingIndividualResult, id: 113855.
Committed MeetingIndividualResult, id: 113856.
Committed MeetingIndividualResult, id: 113857.
Committed MeetingIndividualResult, id: 113858.
Committed MeetingIndividualResult, id: 113859.
Committed MeetingIndividualResult, id: 113860.
Committed MeetingIndividualResult, id: 113861.
Committed MeetingIndividualResult, id: 113862.
Committed MeetingIndividualResult, id: 113863.
Committed MeetingIndividualResult, id: 113864.
Committed MeetingIndividualResult, id: 113865.
Committed MeetingIndividualResult, id: 113866.
Committed MeetingIndividualResult, id: 113867.
Committed MeetingIndividualResult, id: 113868.
Committed MeetingIndividualResult, id: 113869.
Committed MeetingIndividualResult, id: 113870.
Committed MeetingIndividualResult, id: 113871.
Committed MeetingIndividualResult, id: 113872.
Committed MeetingIndividualResult, id: 113873.
Committed MeetingIndividualResult, id: 113874.
Committed MeetingIndividualResult, id: 113875.
Committed MeetingIndividualResult, id: 113876.
Committed MeetingIndividualResult, id: 113877.
Committed MeetingIndividualResult, id: 113878.
Committed MeetingIndividualResult, id: 113879.
Committed MeetingIndividualResult, id: 113880.
Committed MeetingIndividualResult, id: 113881.
Committed MeetingIndividualResult, id: 113882.
Committed MeetingIndividualResult, id: 113883.
Committed MeetingIndividualResult, id: 113884.
Committed MeetingIndividualResult, id: 113885.
Committed MeetingIndividualResult, id: 113886.
Committed MeetingIndividualResult, id: 113887.
Committed MeetingIndividualResult, id: 113888.
Committed MeetingIndividualResult, id: 113889.
Committed MeetingIndividualResult, id: 113890.
Committed MeetingIndividualResult, id: 113891.
Committed MeetingIndividualResult, id: 113892.
Committed MeetingIndividualResult, id: 113893.
Committed MeetingIndividualResult, id: 113894.
Committed MeetingIndividualResult, id: 113895.
Committed MeetingIndividualResult, id: 113896.
Committed MeetingIndividualResult, id: 113897.
Committed MeetingIndividualResult, id: 113898.
Committed MeetingIndividualResult, id: 113899.
Committed MeetingIndividualResult, id: 113900.
Committed MeetingIndividualResult, id: 113901.
Committed MeetingIndividualResult, id: 113902.
Committed MeetingIndividualResult, id: 113903.
Committed MeetingIndividualResult, id: 113904.
Committed MeetingIndividualResult, id: 113905.
Committed MeetingIndividualResult, id: 113906.
Committed MeetingIndividualResult, id: 113907.
Committed MeetingIndividualResult, id: 113908.
Committed MeetingIndividualResult, id: 113909.
Committed MeetingIndividualResult, id: 113910.
Committed MeetingIndividualResult, id: 113911.
Committed MeetingIndividualResult, id: 113912.
Committed MeetingIndividualResult, id: 113913.
Committed MeetingIndividualResult, id: 113914.
Committed MeetingIndividualResult, id: 113915.
Committed MeetingIndividualResult, id: 113916.
Committed MeetingIndividualResult, id: 113917.
Committed MeetingIndividualResult, id: 113918.
Committed MeetingIndividualResult, id: 113919.
Committed MeetingIndividualResult, id: 113920.
Committed MeetingIndividualResult, id: 113921.
Committed MeetingIndividualResult, id: 113922.
Committed MeetingIndividualResult, id: 113923.
Committed MeetingIndividualResult, id: 113924.
Committed MeetingIndividualResult, id: 113925.
Committed MeetingIndividualResult, id: 113926.
Committed MeetingIndividualResult, id: 113927.
Committed MeetingIndividualResult, id: 113928.
Committed MeetingIndividualResult, id: 113929.
Committed MeetingIndividualResult, id: 113930.
Committed MeetingIndividualResult, id: 113931.
Committed MeetingIndividualResult, id: 113932.
Committed MeetingIndividualResult, id: 113933.
Committed MeetingIndividualResult, id: 113934.
Committed MeetingIndividualResult, id: 113935.
Committed MeetingIndividualResult, id: 113936.
Committed MeetingIndividualResult, id: 113937.
Committed MeetingIndividualResult, id: 113938.
Committed MeetingIndividualResult, id: 113939.
Committed MeetingIndividualResult, id: 113940.
Committed MeetingIndividualResult, id: 113941.
Committed MeetingIndividualResult, id: 113942.
Committed MeetingIndividualResult, id: 113943.
Committed MeetingIndividualResult, id: 113944.
Committed MeetingIndividualResult, id: 113945.
Committed MeetingIndividualResult, id: 113946.
Committed MeetingIndividualResult, id: 113947.
Committed MeetingIndividualResult, id: 113948.
Committed MeetingIndividualResult, id: 113949.
Committed MeetingIndividualResult, id: 113950.
Committed MeetingIndividualResult, id: 113951.
Committed MeetingIndividualResult, id: 113952.
Committed MeetingIndividualResult, id: 113953.
Committed MeetingIndividualResult, id: 113954.
Committed MeetingIndividualResult, id: 113955.
Committed MeetingIndividualResult, id: 113956.
Committed MeetingIndividualResult, id: 113957.
Committed MeetingIndividualResult, id: 113958.
Committed MeetingIndividualResult, id: 113959.
Committed MeetingIndividualResult, id: 113960.
Committed MeetingIndividualResult, id: 113961.
Committed MeetingIndividualResult, id: 113962.
Committed MeetingIndividualResult, id: 113963.
Committed MeetingIndividualResult, id: 113964.
Committed MeetingIndividualResult, id: 113965.
Committed MeetingIndividualResult, id: 113966.
Committed MeetingIndividualResult, id: 113967.
Committed MeetingIndividualResult, id: 113968.
Committed MeetingIndividualResult, id: 113969.
Committed MeetingIndividualResult, id: 113970.
Committed MeetingIndividualResult, id: 113971.
Committed MeetingIndividualResult, id: 113972.
Committed MeetingIndividualResult, id: 113973.
Committed MeetingIndividualResult, id: 113974.
Committed MeetingIndividualResult, id: 113975.
Committed MeetingIndividualResult, id: 113976.
Committed MeetingIndividualResult, id: 113977.
Committed MeetingIndividualResult, id: 113978.
Committed MeetingIndividualResult, id: 113979.
Committed MeetingIndividualResult, id: 113980.
Committed MeetingIndividualResult, id: 113981.
Committed MeetingIndividualResult, id: 113982.
Committed MeetingIndividualResult, id: 113983.
Committed MeetingIndividualResult, id: 113984.
Committed MeetingIndividualResult, id: 113985.
Committed MeetingIndividualResult, id: 113986.
Committed MeetingIndividualResult, id: 113987.
Committed MeetingIndividualResult, id: 113988.
Committed MeetingIndividualResult, id: 113989.
Committed MeetingIndividualResult, id: 113990.
Committed MeetingIndividualResult, id: 113991.
Committed MeetingIndividualResult, id: 113992.
Committed MeetingIndividualResult, id: 113993.
Committed MeetingIndividualResult, id: 113994.
Committed MeetingIndividualResult, id: 113995.
Committed MeetingIndividualResult, id: 113996.
Committed MeetingIndividualResult, id: 113997.
Committed MeetingIndividualResult, id: 113998.
Committed MeetingIndividualResult, id: 113999.
Committed MeetingIndividualResult, id: 114000.
Committed MeetingIndividualResult, id: 114001.
Committed MeetingIndividualResult, id: 114002.
Committed MeetingIndividualResult, id: 114003.
Committed MeetingIndividualResult, id: 114004.
Committed MeetingIndividualResult, id: 114005.
Committed MeetingIndividualResult, id: 114006.
Committed MeetingIndividualResult, id: 114007.
Committed MeetingIndividualResult, id: 114008.
Committed MeetingIndividualResult, id: 114009.
Committed MeetingIndividualResult, id: 114010.
Committed MeetingIndividualResult, id: 114011.
Committed MeetingIndividualResult, id: 114012.
Committed MeetingIndividualResult, id: 114013.
Committed MeetingIndividualResult, id: 114014.
Committed MeetingIndividualResult, id: 114015.
Committed MeetingIndividualResult, id: 114016.
Committed MeetingIndividualResult, id: 114017.
Committed MeetingIndividualResult, id: 114018.
Committed MeetingIndividualResult, id: 114019.
Committed MeetingIndividualResult, id: 114020.
Committed MeetingIndividualResult, id: 114021.
Committed MeetingIndividualResult, id: 114022.
Committed MeetingIndividualResult, id: 114023.
Committed MeetingIndividualResult, id: 114024.
Committed MeetingIndividualResult, id: 114025.
Committed MeetingIndividualResult, id: 114026.
Committed MeetingIndividualResult, id: 114027.
Committed MeetingIndividualResult, id: 114028.
Committed MeetingIndividualResult, id: 114029.
Committed MeetingIndividualResult, id: 114030.
Committed MeetingIndividualResult, id: 114031.
Committed MeetingIndividualResult, id: 114032.
Committed MeetingIndividualResult, id: 114033.
Committed MeetingIndividualResult, id: 114034.
Committed MeetingIndividualResult, id: 114035.
Committed MeetingIndividualResult, id: 114036.
Committed MeetingIndividualResult, id: 114037.
Committed MeetingIndividualResult, id: 114038.
Committed MeetingIndividualResult, id: 114039.
Committed MeetingIndividualResult, id: 114040.
Committed MeetingIndividualResult, id: 114041.
Committed MeetingIndividualResult, id: 114042.
Committed MeetingIndividualResult, id: 114043.
Committed MeetingIndividualResult, id: 114044.
Committed MeetingIndividualResult, id: 114045.
Committed MeetingIndividualResult, id: 114046.
Committed MeetingIndividualResult, id: 114047.
Committed MeetingIndividualResult, id: 114048.
Committed MeetingIndividualResult, id: 114049.
Committed MeetingIndividualResult, id: 114050.
Committed MeetingIndividualResult, id: 114051.
Committed MeetingIndividualResult, id: 114052.
Committed MeetingIndividualResult, id: 114053.
Committed MeetingIndividualResult, id: 114054.
Committed MeetingIndividualResult, id: 114055.
Committed MeetingIndividualResult, id: 114056.
Committed MeetingIndividualResult, id: 114057.
Committed MeetingIndividualResult, id: 114058.
Committed MeetingIndividualResult, id: 114059.
Committed MeetingIndividualResult, id: 114060.
Committed MeetingIndividualResult, id: 114061.
Committed MeetingIndividualResult, id: 114062.
Committed MeetingIndividualResult, id: 114063.
Committed MeetingIndividualResult, id: 114064.
Committed MeetingIndividualResult, id: 114065.
Committed MeetingIndividualResult, id: 114066.
Committed MeetingIndividualResult, id: 114067.
Committed MeetingIndividualResult, id: 114068.
Committed MeetingIndividualResult, id: 114069.
Committed MeetingIndividualResult, id: 114070.
Committed MeetingIndividualResult, id: 114071.
Committed MeetingIndividualResult, id: 114072.
Committed MeetingIndividualResult, id: 114073.
Committed MeetingIndividualResult, id: 114074.
Committed MeetingIndividualResult, id: 114075.
Committed MeetingIndividualResult, id: 114076.
Committed MeetingIndividualResult, id: 114077.
Committed MeetingIndividualResult, id: 114078.
Committed MeetingIndividualResult, id: 114079.
Committed MeetingIndividualResult, id: 114080.
Committed MeetingIndividualResult, id: 114081.
Committed MeetingIndividualResult, id: 114082.
Committed MeetingIndividualResult, id: 114083.
Committed MeetingIndividualResult, id: 114084.
Committed MeetingIndividualResult, id: 114085.
Committed MeetingIndividualResult, id: 114086.
Committed MeetingIndividualResult, id: 114087.
Committed MeetingIndividualResult, id: 114088.
Committed MeetingIndividualResult, id: 114089.
Committed MeetingIndividualResult, id: 114090.
Committed MeetingIndividualResult, id: 114091.
Committed MeetingIndividualResult, id: 114092.
Committed MeetingIndividualResult, id: 114093.
Committed MeetingIndividualResult, id: 114094.
Committed MeetingIndividualResult, id: 114095.
Committed MeetingIndividualResult, id: 114096.
Committed MeetingIndividualResult, id: 114097.
Committed MeetingIndividualResult, id: 114098.
Committed MeetingIndividualResult, id: 114099.
Committed MeetingIndividualResult, id: 114100.
Committed MeetingIndividualResult, id: 114101.
Committed MeetingIndividualResult, id: 114102.
Committed MeetingIndividualResult, id: 114103.
Committed MeetingIndividualResult, id: 114104.
Committed MeetingIndividualResult, id: 114105.
Committed MeetingIndividualResult, id: 114106.
Committed MeetingIndividualResult, id: 114107.
Committed MeetingIndividualResult, id: 114108.
Committed MeetingIndividualResult, id: 114109.
Committed MeetingIndividualResult, id: 114110.
Committed MeetingIndividualResult, id: 114111.
Committed MeetingIndividualResult, id: 114112.
Committed MeetingIndividualResult, id: 114113.
Committed MeetingIndividualResult, id: 114114.
Committed MeetingIndividualResult, id: 114115.
Committed MeetingIndividualResult, id: 114116.
Committed MeetingIndividualResult, id: 114117.
Committed MeetingIndividualResult, id: 114118.
Committed MeetingIndividualResult, id: 114119.
Committed MeetingIndividualResult, id: 114120.
Committed MeetingIndividualResult, id: 114121.
Committed MeetingIndividualResult, id: 114122.
Committed MeetingIndividualResult, id: 114123.
Committed MeetingIndividualResult, id: 114124.
Committed MeetingIndividualResult, id: 114125.
Committed MeetingIndividualResult, id: 114126.
Committed MeetingIndividualResult, id: 114127.
Committed MeetingIndividualResult, id: 114128.
Committed MeetingIndividualResult, id: 114129.
Committed MeetingIndividualResult, id: 114130.
Committed MeetingIndividualResult, id: 114131.
Committed MeetingIndividualResult, id: 114132.
Committed MeetingIndividualResult, id: 114133.
Committed MeetingIndividualResult, id: 114134.
Committed MeetingIndividualResult, id: 114135.
Committed MeetingIndividualResult, id: 114136.
Committed MeetingIndividualResult, id: 114137.
Committed MeetingIndividualResult, id: 114138.
Committed MeetingIndividualResult, id: 114139.
Committed MeetingIndividualResult, id: 114140.
Committed MeetingIndividualResult, id: 114141.
Committed MeetingIndividualResult, id: 114142.
Committed MeetingIndividualResult, id: 114143.
Committed MeetingIndividualResult, id: 114144.
Committed MeetingIndividualResult, id: 114145.
Committed MeetingIndividualResult, id: 114146.
Committed MeetingIndividualResult, id: 114147.
Committed MeetingIndividualResult, id: 114148.
Committed MeetingIndividualResult, id: 114149.
Committed MeetingIndividualResult, id: 114150.
Committed MeetingIndividualResult, id: 114151.
Committed MeetingIndividualResult, id: 114152.
Committed MeetingIndividualResult, id: 114153.
Committed MeetingIndividualResult, id: 114154.
Committed MeetingIndividualResult, id: 114155.
Committed MeetingIndividualResult, id: 114156.
Committed MeetingIndividualResult, id: 114157.
Committed MeetingIndividualResult, id: 114158.
Committed MeetingIndividualResult, id: 114159.
Committed MeetingIndividualResult, id: 114160.
Committed MeetingIndividualResult, id: 114161.
Committed MeetingIndividualResult, id: 114162.
Committed MeetingIndividualResult, id: 114163.
Committed MeetingIndividualResult, id: 114164.
Committed MeetingIndividualResult, id: 114165.
Committed MeetingIndividualResult, id: 114166.
Committed MeetingIndividualResult, id: 114167.
Committed MeetingIndividualResult, id: 114168.
Committed MeetingIndividualResult, id: 114169.
Committed MeetingIndividualResult, id: 114170.
Committed MeetingIndividualResult, id: 114171.
Committed MeetingIndividualResult, id: 114172.
Committed MeetingIndividualResult, id: 114173.
Committed MeetingIndividualResult, id: 114174.
Committed MeetingIndividualResult, id: 114175.
Committed MeetingIndividualResult, id: 114176.
Committed MeetingIndividualResult, id: 114177.
Committed MeetingIndividualResult, id: 114178.
Committed MeetingIndividualResult, id: 114179.
Committed MeetingIndividualResult, id: 114180.
Committed MeetingIndividualResult, id: 114181.
Committed MeetingIndividualResult, id: 114182.
Committed MeetingIndividualResult, id: 114183.
Committed MeetingIndividualResult, id: 114184.
Committed MeetingIndividualResult, id: 114185.
Committed MeetingIndividualResult, id: 114186.
Committed MeetingIndividualResult, id: 114187.
Committed MeetingIndividualResult, id: 114188.
Committed MeetingIndividualResult, id: 114189.
Committed MeetingIndividualResult, id: 114190.
Committed MeetingIndividualResult, id: 114191.
Committed MeetingIndividualResult, id: 114192.
Committed MeetingIndividualResult, id: 114193.
Committed MeetingIndividualResult, id: 114194.
Committed MeetingIndividualResult, id: 114195.
Committed MeetingIndividualResult, id: 114196.
Committed MeetingIndividualResult, id: 114197.
Committed MeetingIndividualResult, id: 114198.
Committed MeetingIndividualResult, id: 114199.
Committed MeetingIndividualResult, id: 114200.
Committed MeetingIndividualResult, id: 114201.
Committed MeetingIndividualResult, id: 114202.
Committed MeetingIndividualResult, id: 114203.
Committed MeetingIndividualResult, id: 114204.
Committed MeetingIndividualResult, id: 114205.
Committed MeetingIndividualResult, id: 114206.
Committed MeetingIndividualResult, id: 114207.
Committed MeetingIndividualResult, id: 114208.
Committed MeetingIndividualResult, id: 114209.
Committed MeetingIndividualResult, id: 114210.
Committed MeetingIndividualResult, id: 114211.
Committed MeetingIndividualResult, id: 114212.
Committed MeetingIndividualResult, id: 114213.
Committed MeetingIndividualResult, id: 114214.
Committed MeetingIndividualResult, id: 114215.
Committed MeetingIndividualResult, id: 114216.
Committed MeetingIndividualResult, id: 114217.
Committed MeetingIndividualResult, id: 114218.
Committed MeetingIndividualResult, id: 114219.
Committed MeetingIndividualResult, id: 114220.
Committed MeetingIndividualResult, id: 114221.
Committed MeetingIndividualResult, id: 114222.
Committed MeetingIndividualResult, id: 114223.
Committed MeetingIndividualResult, id: 114224.
Committed MeetingIndividualResult, id: 114225.
Committed MeetingIndividualResult, id: 114226.
Committed MeetingIndividualResult, id: 114227.
Committed MeetingIndividualResult, id: 114228.
Committed MeetingIndividualResult, id: 114229.
Committed MeetingIndividualResult, id: 114230.
Committed MeetingIndividualResult, id: 114231.
Committed MeetingIndividualResult, id: 114232.
Committed MeetingIndividualResult, id: 114233.
Committed MeetingIndividualResult, id: 114234.
Committed MeetingIndividualResult, id: 114235.
Committed MeetingIndividualResult, id: 114236.
Committed MeetingIndividualResult, id: 114237.
Committed MeetingIndividualResult, id: 114238.
Committed MeetingIndividualResult, id: 114239.
Committed MeetingIndividualResult, id: 114240.
Committed MeetingIndividualResult, id: 114241.
Committed MeetingIndividualResult, id: 114242.
Committed MeetingIndividualResult, id: 114243.
Committed MeetingIndividualResult, id: 114244.
Committed MeetingIndividualResult, id: 114245.
Committed MeetingIndividualResult, id: 114246.
Committed MeetingIndividualResult, id: 114247.
Committed MeetingIndividualResult, id: 114248.
Committed MeetingIndividualResult, id: 114249.
Committed MeetingIndividualResult, id: 114250.
Committed MeetingIndividualResult, id: 114251.
Committed MeetingIndividualResult, id: 114252.
Committed MeetingIndividualResult, id: 114253.
Committed MeetingIndividualResult, id: 114254.
Committed MeetingIndividualResult, id: 114255.
Committed MeetingIndividualResult, id: 114256.
Committed MeetingIndividualResult, id: 114257.
Committed MeetingIndividualResult, id: 114258.
Committed MeetingIndividualResult, id: 114259.
Committed MeetingIndividualResult, id: 114260.
Committed MeetingIndividualResult, id: 114261.
Committed MeetingIndividualResult, id: 114262.
Committed MeetingIndividualResult, id: 114263.
Committed MeetingIndividualResult, id: 114264.
Committed MeetingIndividualResult, id: 114265.
Committed MeetingIndividualResult, id: 114266.
Committed MeetingIndividualResult, id: 114267.
Committed MeetingIndividualResult, id: 114268.
Committed MeetingIndividualResult, id: 114269.
Committed MeetingIndividualResult, id: 114270.
Committed MeetingIndividualResult, id: 114271.
Committed MeetingIndividualResult, id: 114272.
Committed MeetingIndividualResult, id: 114273.
Committed MeetingIndividualResult, id: 114274.
Committed MeetingIndividualResult, id: 114275.
Committed MeetingIndividualResult, id: 114276.
Committed MeetingIndividualResult, id: 114277.
Committed MeetingIndividualResult, id: 114278.
Committed MeetingIndividualResult, id: 114279.
Committed MeetingIndividualResult, id: 114280.
Committed MeetingIndividualResult, id: 114281.
Committed MeetingIndividualResult, id: 114282.
Committed MeetingIndividualResult, id: 114283.
Committed MeetingIndividualResult, id: 114284.
Committed MeetingIndividualResult, id: 114285.
Committed MeetingIndividualResult, id: 114286.
Committed MeetingIndividualResult, id: 114287.
Committed MeetingIndividualResult, id: 114288.
Committed MeetingIndividualResult, id: 114289.
Committed MeetingIndividualResult, id: 114290.
Committed MeetingIndividualResult, id: 114291.
Committed MeetingIndividualResult, id: 114292.
Committed MeetingIndividualResult, id: 114293.
Committed MeetingIndividualResult, id: 114294.
Committed MeetingIndividualResult, id: 114295.
Committed MeetingIndividualResult, id: 114296.
Committed MeetingIndividualResult, id: 114297.
Committed MeetingIndividualResult, id: 114298.
Committed MeetingIndividualResult, id: 114299.
Committed MeetingIndividualResult, id: 114300.
Committed MeetingIndividualResult, id: 114301.
Committed MeetingIndividualResult, id: 114302.
Committed MeetingIndividualResult, id: 114303.
Committed MeetingIndividualResult, id: 114304.
Committed MeetingIndividualResult, id: 114305.
Committed MeetingIndividualResult, id: 114306.
Committed MeetingIndividualResult, id: 114307.
Committed MeetingIndividualResult, id: 114308.
Committed MeetingIndividualResult, id: 114309.
Committed MeetingIndividualResult, id: 114310.
Committed MeetingIndividualResult, id: 114311.
Committed MeetingIndividualResult, id: 114312.
Committed MeetingIndividualResult, id: 114313.
Committed MeetingIndividualResult, id: 114314.
Committed MeetingIndividualResult, id: 114315.
Committed MeetingIndividualResult, id: 114316.
Committed MeetingIndividualResult, id: 114317.
Committed MeetingIndividualResult, id: 114318.
Committed MeetingIndividualResult, id: 114319.
Committed MeetingIndividualResult, id: 114320.
Committed MeetingIndividualResult, id: 114321.
Committed MeetingIndividualResult, id: 114322.
Committed MeetingIndividualResult, id: 114323.
Committed MeetingIndividualResult, id: 114324.
Committed MeetingIndividualResult, id: 114325.
Committed MeetingIndividualResult, id: 114326.
Committed MeetingIndividualResult, id: 114327.
Committed MeetingIndividualResult, id: 114328.
Committed MeetingIndividualResult, id: 114329.
Committed MeetingIndividualResult, id: 114330.
Committed MeetingIndividualResult, id: 114331.
Committed MeetingIndividualResult, id: 114332.
Committed MeetingIndividualResult, id: 114333.
Committed MeetingIndividualResult, id: 114334.
Committed MeetingIndividualResult, id: 114335.
Committed MeetingIndividualResult, id: 114336.
Committed MeetingIndividualResult, id: 114337.
Committed MeetingIndividualResult, id: 114338.
Committed MeetingIndividualResult, id: 114339.
Committed MeetingIndividualResult, id: 114340.
Committed MeetingIndividualResult, id: 114341.
Committed MeetingIndividualResult, id: 114342.
Committed MeetingIndividualResult, id: 114343.
Committed MeetingIndividualResult, id: 114344.
Committed MeetingIndividualResult, id: 114345.
Committed MeetingIndividualResult, id: 114346.
Committed MeetingIndividualResult, id: 114347.
Committed MeetingIndividualResult, id: 114348.
Committed MeetingIndividualResult, id: 114349.
Committed MeetingIndividualResult, id: 114350.
Committed MeetingIndividualResult, id: 114351.
Committed MeetingIndividualResult, id: 114352.
Committed MeetingIndividualResult, id: 114353.
Committed MeetingIndividualResult, id: 114354.
Committed MeetingIndividualResult, id: 114355.
Committed MeetingIndividualResult, id: 114356.
Committed MeetingIndividualResult, id: 114357.
Committed MeetingIndividualResult, id: 114358.
Committed MeetingIndividualResult, id: 114359.
Committed MeetingIndividualResult, id: 114360.
Committed MeetingIndividualResult, id: 114361.
Committed MeetingIndividualResult, id: 114362.
Committed MeetingIndividualResult, id: 114363.
Committed MeetingIndividualResult, id: 114364.
Committed MeetingIndividualResult, id: 114365.
Committed MeetingIndividualResult, id: 114366.
Committed MeetingIndividualResult, id: 114367.
Committed MeetingIndividualResult, id: 114368.
Committed MeetingIndividualResult, id: 114369.
Committed MeetingIndividualResult, id: 114370.
Committed MeetingIndividualResult, id: 114371.
Committed MeetingIndividualResult, id: 114372.
Committed MeetingIndividualResult, id: 114373.
Committed MeetingIndividualResult, id: 114374.
Committed MeetingIndividualResult, id: 114375.
Committed MeetingIndividualResult, id: 114376.
Committed MeetingIndividualResult, id: 114377.
Committed MeetingIndividualResult, id: 114378.
Committed MeetingIndividualResult, id: 114379.
Committed MeetingIndividualResult, id: 114380.
Committed MeetingIndividualResult, id: 114381.
Committed MeetingIndividualResult, id: 114382.
Committed MeetingIndividualResult, id: 114383.
Committed MeetingIndividualResult, id: 114384.
Committed MeetingIndividualResult, id: 114385.
Committed MeetingIndividualResult, id: 114386.
Committed MeetingIndividualResult, id: 114387.
Committed MeetingIndividualResult, id: 114388.
Committed MeetingIndividualResult, id: 114389.
Committed MeetingIndividualResult, id: 114390.
Committed MeetingIndividualResult, id: 114391.
Committed MeetingIndividualResult, id: 114392.
Committed MeetingIndividualResult, id: 114393.
Committed MeetingIndividualResult, id: 114394.
Committed MeetingIndividualResult, id: 114395.
Committed MeetingIndividualResult, id: 114396.
Committed MeetingIndividualResult, id: 114397.
Committed MeetingIndividualResult, id: 114398.
Committed MeetingIndividualResult, id: 114399.
Committed MeetingIndividualResult, id: 114400.
Committed MeetingIndividualResult, id: 114401.
Committed MeetingIndividualResult, id: 114402.
Committed MeetingIndividualResult, id: 114403.
Committed MeetingIndividualResult, id: 114404.
Committed MeetingIndividualResult, id: 114405.
Committed MeetingIndividualResult, id: 114406.
Committed MeetingIndividualResult, id: 114407.
Committed MeetingIndividualResult, id: 114408.
Committed MeetingIndividualResult, id: 114409.
Committed MeetingIndividualResult, id: 114410.
Committed MeetingIndividualResult, id: 114411.
Committed MeetingIndividualResult, id: 114412.
Committed MeetingIndividualResult, id: 114413.
Committed MeetingIndividualResult, id: 114414.
Committed MeetingIndividualResult, id: 114415.
Committed MeetingIndividualResult, id: 114416.
Committed MeetingIndividualResult, id: 114417.
Committed MeetingIndividualResult, id: 114418.
Committed MeetingIndividualResult, id: 114419.
Committed MeetingIndividualResult, id: 114420.
Committed MeetingIndividualResult, id: 114421.
Committed MeetingIndividualResult, id: 114422.
Committed MeetingIndividualResult, id: 114423.
Committed MeetingIndividualResult, id: 114424.
Committed MeetingIndividualResult, id: 114425.
Committed MeetingIndividualResult, id: 114426.
Committed MeetingIndividualResult, id: 114427.
Committed MeetingIndividualResult, id: 114428.
Committed MeetingIndividualResult, id: 114429.
Committed MeetingIndividualResult, id: 114430.
Committed MeetingIndividualResult, id: 114431.
Committed MeetingIndividualResult, id: 114432.
Committed MeetingIndividualResult, id: 114433.
Committed MeetingIndividualResult, id: 114434.
Committed MeetingIndividualResult, id: 114435.
Committed MeetingIndividualResult, id: 114436.
Committed MeetingIndividualResult, id: 114437.
Committed MeetingIndividualResult, id: 114438.
Committed MeetingIndividualResult, id: 114439.
Committed MeetingIndividualResult, id: 114440.
Committed MeetingIndividualResult, id: 114441.
Committed MeetingIndividualResult, id: 114442.
Committed MeetingIndividualResult, id: 114443.
Committed MeetingIndividualResult, id: 114444.
Committed MeetingIndividualResult, id: 114445.
Committed MeetingIndividualResult, id: 114446.
Committed MeetingIndividualResult, id: 114447.
Committed MeetingIndividualResult, id: 114448.
Committed MeetingIndividualResult, id: 114449.
Committed MeetingIndividualResult, id: 114450.
Committed MeetingIndividualResult, id: 114451.
Committed MeetingIndividualResult, id: 114452.
Committed MeetingIndividualResult, id: 114453.
Committed MeetingIndividualResult, id: 114454.
Committed MeetingIndividualResult, id: 114455.
Committed MeetingIndividualResult, id: 114456.
Committed MeetingIndividualResult, id: 114457.
Committed MeetingIndividualResult, id: 114458.
Committed MeetingIndividualResult, id: 114459.
Committed MeetingIndividualResult, id: 114460.
Committed MeetingIndividualResult, id: 114461.
Committed MeetingIndividualResult, id: 114462.
Committed MeetingIndividualResult, id: 114463.
Committed MeetingIndividualResult, id: 114464.
Committed MeetingIndividualResult, id: 114465.
Committed MeetingIndividualResult, id: 114466.
Committed MeetingIndividualResult, id: 114467.
Committed MeetingIndividualResult, id: 114468.
Committed MeetingIndividualResult, id: 114469.
Committed MeetingIndividualResult, id: 114470.
Committed MeetingIndividualResult, id: 114471.
Committed MeetingIndividualResult, id: 114472.
Committed MeetingIndividualResult, id: 114473.
Committed MeetingIndividualResult, id: 114474.
Committed MeetingIndividualResult, id: 114475.
Committed MeetingIndividualResult, id: 114476.
Committed MeetingIndividualResult, id: 114477.
Committed MeetingIndividualResult, id: 114478.
Committed MeetingIndividualResult, id: 114479.
Committed MeetingIndividualResult, id: 114480.
Committed MeetingIndividualResult, id: 114481.
Committed MeetingIndividualResult, id: 114482.
Committed MeetingIndividualResult, id: 114483.
Committed MeetingIndividualResult, id: 114484.
Committed MeetingIndividualResult, id: 114485.
Committed MeetingIndividualResult, id: 114486.
Committed MeetingIndividualResult, id: 114487.
Committed MeetingIndividualResult, id: 114488.
Committed MeetingIndividualResult, id: 114489.
Committed MeetingIndividualResult, id: 114490.
Committed MeetingIndividualResult, id: 114491.
Committed MeetingIndividualResult, id: 114492.
Committed MeetingIndividualResult, id: 114493.
Committed MeetingIndividualResult, id: 114494.
Committed MeetingIndividualResult, id: 114495.
Committed MeetingIndividualResult, id: 114496.
Committed MeetingIndividualResult, id: 114497.
Committed MeetingIndividualResult, id: 114498.
Committed MeetingIndividualResult, id: 114499.
Committed MeetingIndividualResult, id: 114500.
Committed MeetingIndividualResult, id: 114501.
Committed MeetingIndividualResult, id: 114502.
Committed MeetingIndividualResult, id: 114503.
Committed MeetingIndividualResult, id: 114504.
Committed MeetingIndividualResult, id: 114505.
Committed MeetingIndividualResult, id: 114506.
Committed MeetingIndividualResult, id: 114507.
Committed MeetingIndividualResult, id: 114508.
Committed MeetingIndividualResult, id: 114509.
Committed MeetingIndividualResult, id: 114510.
Committed MeetingIndividualResult, id: 114511.
Committed MeetingIndividualResult, id: 114512.
Committed MeetingIndividualResult, id: 114513.
Committed MeetingIndividualResult, id: 114514.
Committed MeetingIndividualResult, id: 114515.
Committed MeetingIndividualResult, id: 114516.
Committed MeetingIndividualResult, id: 114517.
Committed MeetingIndividualResult, id: 114518.
Committed MeetingIndividualResult, id: 114519.
Committed MeetingIndividualResult, id: 114520.
Committed MeetingIndividualResult, id: 114521.
Committed MeetingIndividualResult, id: 114522.
Committed MeetingIndividualResult, id: 114523.
Committed MeetingIndividualResult, id: 114524.
Committed MeetingIndividualResult, id: 114525.
Committed MeetingIndividualResult, id: 114526.
Committed MeetingIndividualResult, id: 114527.
Committed MeetingIndividualResult, id: 114528.
Committed MeetingIndividualResult, id: 114529.
Committed MeetingIndividualResult, id: 114530.
Committed MeetingIndividualResult, id: 114531.
Committed MeetingIndividualResult, id: 114532.
Committed MeetingIndividualResult, id: 114533.
Committed MeetingIndividualResult, id: 114534.
Committed MeetingIndividualResult, id: 114535.
Committed MeetingIndividualResult, id: 114536.
Committed MeetingIndividualResult, id: 114537.
Committed MeetingIndividualResult, id: 114538.
Committed MeetingIndividualResult, id: 114539.
Committed MeetingIndividualResult, id: 114540.
Committed MeetingIndividualResult, id: 114541.
Committed MeetingIndividualResult, id: 114542.
Committed MeetingIndividualResult, id: 114543.
Committed MeetingIndividualResult, id: 114544.
Committed MeetingIndividualResult, id: 114545.
Committed MeetingIndividualResult, id: 114546.
Committed MeetingIndividualResult, id: 114547.
Committed MeetingIndividualResult, id: 114548.
Committed MeetingIndividualResult, id: 114549.
Committed MeetingIndividualResult, id: 114550.
Committed MeetingIndividualResult, id: 114551.
Committed MeetingIndividualResult, id: 114552.
Committed MeetingIndividualResult, id: 114553.
Committed MeetingIndividualResult, id: 114554.
Committed MeetingIndividualResult, id: 114555.
Committed MeetingIndividualResult, id: 114556.
Committed MeetingIndividualResult, id: 114557.
Committed MeetingIndividualResult, id: 114558.
Committed MeetingIndividualResult, id: 114559.
Committed MeetingIndividualResult, id: 114560.
Committed MeetingIndividualResult, id: 114561.
Committed MeetingIndividualResult, id: 114562.
Committed MeetingIndividualResult, id: 114563.
Committed MeetingIndividualResult, id: 114564.
Committed MeetingIndividualResult, id: 114565.
Committed MeetingIndividualResult, id: 114566.
Committed MeetingIndividualResult, id: 114567.
Committed MeetingIndividualResult, id: 114568.
Committed MeetingIndividualResult, id: 114569.
Committed MeetingIndividualResult, id: 114570.
Committed MeetingIndividualResult, id: 114571.
Committed MeetingIndividualResult, id: 114572.
Committed MeetingIndividualResult, id: 114573.
Committed MeetingIndividualResult, id: 114574.
Committed MeetingIndividualResult, id: 114575.
Committed MeetingIndividualResult, id: 114576.
Committed MeetingIndividualResult, id: 114577.
Committed MeetingIndividualResult, id: 114578.
Committed MeetingIndividualResult, id: 114579.
Committed MeetingIndividualResult, id: 114580.
Committed MeetingIndividualResult, id: 114581.
Committed MeetingIndividualResult, id: 114582.
Committed MeetingIndividualResult, id: 114583.
Committed MeetingIndividualResult, id: 114584.
Committed MeetingIndividualResult, id: 114585.
Committed MeetingIndividualResult, id: 114586.
Committed MeetingIndividualResult, id: 114587.
Committed MeetingIndividualResult, id: 114588.
Committed MeetingIndividualResult, id: 114589.
Committed MeetingIndividualResult, id: 114590.
Committed MeetingIndividualResult, id: 114591.
Committed MeetingIndividualResult, id: 114592.
Committed MeetingIndividualResult, id: 114593.
Committed MeetingIndividualResult, id: 114594.
Committed MeetingIndividualResult, id: 114595.
Committed MeetingIndividualResult, id: 114596.
Committed MeetingIndividualResult, id: 114597.
Committed MeetingIndividualResult, id: 114598.
Committed MeetingIndividualResult, id: 114599.
Committed MeetingIndividualResult, id: 114600.
Committed MeetingIndividualResult, id: 114601.
Committed MeetingIndividualResult, id: 114602.
Committed MeetingIndividualResult, id: 114603.
Committed MeetingIndividualResult, id: 114604.
Committed MeetingIndividualResult, id: 114605.
Committed MeetingIndividualResult, id: 114606.
Committed MeetingIndividualResult, id: 114607.
Committed MeetingIndividualResult, id: 114608.
Committed MeetingIndividualResult, id: 114609.
Committed MeetingIndividualResult, id: 114610.
Committed MeetingIndividualResult, id: 114611.
Committed MeetingIndividualResult, id: 114612.
Committed MeetingIndividualResult, id: 114613.
Committed MeetingIndividualResult, id: 114614.
Committed MeetingIndividualResult, id: 114615.
Committed MeetingTeamScore, id: 1198.
Committed MeetingTeamScore, id: 1199.
Committed MeetingTeamScore, id: 1200.
Committed MeetingTeamScore, id: 1201.
Committed MeetingTeamScore, id: 1202.
Committed MeetingTeamScore, id: 1203.
Committed MeetingTeamScore, id: 1204.
Committed MeetingTeamScore, id: 1205.
Committed MeetingTeamScore, id: 1206.
Committed MeetingTeamScore, id: 1207.
Committed MeetingTeamScore, id: 1208.
Committed MeetingTeamScore, id: 1209.
Committed MeetingTeamScore, id: 1210.
Committed MeetingTeamScore, id: 1211.
Committed MeetingTeamScore, id: 1212.
Committed MeetingTeamScore, id: 1213.
Committed MeetingTeamScore, id: 1214.
Committed MeetingTeamScore, id: 1215.
Committed MeetingTeamScore, id: 1216.
Committed MeetingTeamScore, id: 1217.
Committed MeetingTeamScore, id: 1218.
Committed MeetingTeamScore, id: 1219.
Committed MeetingTeamScore, id: 1220.
Committed MeetingTeamScore, id: 1221.
Committed MeetingTeamScore, id: 1222.
Committed MeetingTeamScore, id: 1223.
Committed MeetingTeamScore, id: 1224.
Committed MeetingTeamScore, id: 1225.
Committed MeetingTeamScore, id: 1226.
Committed MeetingTeamScore, id: 1227.
Committed MeetingTeamScore, id: 1228.
Committed MeetingTeamScore, id: 1229.
Committed MeetingTeamScore, id: 1230.
Committed MeetingTeamScore, id: 1231.
Committed MeetingTeamScore, id: 1232.
Committed MeetingTeamScore, id: 1233.
Committed MeetingTeamScore, id: 1234.
Committed MeetingTeamScore, id: 1235.
Committed MeetingTeamScore, id: 1236.
Committed MeetingTeamScore, id: 1237.
Committed MeetingTeamScore, id: 1238.
Committed MeetingTeamScore, id: 1239.
Committed MeetingTeamScore, id: 1240.
Committed MeetingTeamScore, id: 1241.
Committed MeetingTeamScore, id: 1242.
Committed MeetingTeamScore, id: 1243.
Committed MeetingTeamScore, id: 1244.
Committed MeetingTeamScore, id: 1245.
Committed MeetingTeamScore, id: 1246.
Committed MeetingTeamScore, id: 1247.
Committed MeetingTeamScore, id: 1248.
Committed MeetingTeamScore, id: 1249.
Committed MeetingTeamScore, id: 1250.
Committed MeetingTeamScore, id: 1251.
Committed MeetingTeamScore, id: 1252.
Committed MeetingTeamScore, id: 1253.
Committed MeetingTeamScore, id: 1254.
Committed MeetingTeamScore, id: 1255.
Committed MeetingTeamScore, id: 1256.
Committed MeetingTeamScore, id: 1257.
Committed MeetingTeamScore, id: 1258.
Committed MeetingTeamScore, id: 1259.
Committed MeetingTeamScore, id: 1260.
Committed MeetingTeamScore, id: 1261.
Committed MeetingTeamScore, id: 1262.
Committed MeetingTeamScore, id: 1263.
Committed MeetingTeamScore, id: 1264.
Committed MeetingTeamScore, id: 1265.
Committed MeetingTeamScore, id: 1266.
Committed MeetingTeamScore, id: 1267.
Committed MeetingTeamScore, id: 1268.

Begin time re-computed for all meeting programs and updated directly on committed entities.

data-import PHASES #2 & #3 DONE.

Total committed rows: 1971
Data-import session destroyed successfully.
===========================================================

