
-------------------------------------------------------------------------------------------------------------

Processing unconfirmed [DataImportSwimmerAnalysisResult: data_import_session_id=2, 'ANGIOLINI ANGELO' - match_name: 'ANGIUS ANGELO' (ID:3427) score: 0.8152, year_of_birth: 1953, gender: 1, category: 701, best match: '' score: ]...
Using swimmer_id alias override = 3427 for 'ANGIOLINI ANGELO'...
Created new DataImportSwimmer, ID: 986.

                    [[[ 'ANGIOLINI ANGELO' ]]]  -- search overridden:

   => NOT FOUND.

----8<---- (Original suggested statements:) ----
INSERT INTO data_import_swimmer_aliases (complete_name,swimmer_id,created_at,updated_at) VALUES
    ('ANGIOLINI ANGELO',3427,CURDATE(),CURDATE());
----8<----

-------------------------------------------------------------------------------------------------------------

Processing unconfirmed [DataImportSwimmerAnalysisResult: data_import_session_id=2, 'BALESTRA GIOVANNI' - match_name: 'ZANELLA GIOVANNI' (ID:3006) score: 0.8334, year_of_birth: 1971, gender: 1, category: 697, best match: '' score: ]...
Using swimmer_id alias override = 3006 for 'BALESTRA GIOVANNI'...
Created new DataImportSwimmer, ID: 987.

                    [[[ 'BALESTRA GIOVANNI' ]]]  -- search overridden:

   => NOT FOUND.

----8<---- (Original suggested statements:) ----
INSERT INTO data_import_swimmer_aliases (complete_name,swimmer_id,created_at,updated_at) VALUES
    ('BALESTRA GIOVANNI',3006,CURDATE(),CURDATE());
----8<----

-------------------------------------------------------------------------------------------------------------

Processing unconfirmed [DataImportSwimmerAnalysisResult: data_import_session_id=2, 'CHINI FRANCESCO' - match_name: 'FRANCESCHINI MARCO' (ID:2528) score: 0.92, year_of_birth: 1967, gender: 1, category: 698, best match: '' score: ]...
Using swimmer_id alias override = 2528 for 'CHINI FRANCESCO'...
Created new DataImportSwimmer, ID: 988.

                    [[[ 'CHINI FRANCESCO' ]]]  -- search overridden:

   => NOT FOUND.

----8<---- (Original suggested statements:) ----
INSERT INTO data_import_swimmer_aliases (complete_name,swimmer_id,created_at,updated_at) VALUES
    ('CHINI FRANCESCO',2528,CURDATE(),CURDATE());
----8<----

-------------------------------------------------------------------------------------------------------------

Processing unconfirmed [DataImportSwimmerAnalysisResult: data_import_session_id=2, 'DEDOLA BARBARA' - match_name: 'DEGLI AGOSTINI BARBARA' (ID:1890) score: 0.8311, year_of_birth: 1970, gender: 2, category: 697, best match: '' score: ]...
Using swimmer_id alias override = 1890 for 'DEDOLA BARBARA'...
Created new DataImportSwimmer, ID: 989.

                    [[[ 'DEDOLA BARBARA' ]]]  -- search overridden:

   => NOT FOUND.

----8<---- (Original suggested statements:) ----
INSERT INTO data_import_swimmer_aliases (complete_name,swimmer_id,created_at,updated_at) VALUES
    ('DEDOLA BARBARA',1890,CURDATE(),CURDATE());
----8<----

-------------------------------------------------------------------------------------------------------------

Processing CONFIRMED [DataImportSwimmerAnalysisResult: data_import_session_id=2, 'D`AMBROSIO MARCO ALESSANDRO' - match_name: 'D'AMBROSIO MARCO ALESSANDRO' (ID:748) score: 0.9762, year_of_birth: 1966, gender: 1, category: 698, best match: '' score: ]...
Using swimmer_id alias override = 748 for 'D`AMBROSIO MARCO ALESSANDRO'...

--------------------------------------------------------------------------------
                    [[[ 'D`AMBROSIO MARCO ALESSANDRO' ]]]  -- best-match search:
- Desired YoB: 1966, gender: 1

   - (Swimmer   ) D'AMBROSIO MARCO ALESSANDRO    - YoB: 1966, gender: 1, score 0.9762, ID:  748
   ==> 1 results tot., min. bias: 0.8000

   Hi-scoring....: (Swimmer   ) D'AMBROSIO MARCO ALESSANDRO    - YoB: 1966, gender: 1, score 0.9762, ID:  748
   --- SINGLE MATCH! ---

----8<---- (Original suggested statements:) ----
INSERT INTO data_import_swimmer_aliases (complete_name,swimmer_id,created_at,updated_at) VALUES
    ('D`AMBROSIO MARCO ALESSANDRO',748,CURDATE(),CURDATE());
----8<----

-------------------------------------------------------------------------------------------------------------

Processing unconfirmed [DataImportSwimmerAnalysisResult: data_import_session_id=2, 'ERRA ANGELO' - match_name: 'SERRA DANIELE' (ID:1176) score: 0.8368, year_of_birth: 1981, gender: 1, category: 695, best match: '' score: ]...
Using swimmer_id alias override = 1176 for 'ERRA ANGELO'...
Created new DataImportSwimmer, ID: 990.

                    [[[ 'ERRA ANGELO' ]]]  -- search overridden:

   => NOT FOUND.

----8<---- (Original suggested statements:) ----
INSERT INTO data_import_swimmer_aliases (complete_name,swimmer_id,created_at,updated_at) VALUES
    ('ERRA ANGELO',1176,CURDATE(),CURDATE());
----8<----

-------------------------------------------------------------------------------------------------------------

Processing CONFIRMED [DataImportSwimmerAnalysisResult: data_import_session_id=2, 'MICHELINI GIOVANNI GAETANO' - match_name: 'MICHELINI GIOVANNI' (ID:2086) score: 0.9684, year_of_birth: 1983, gender: 1, category: 695, best match: '' score: ]...
Using swimmer_id alias override = 2086 for 'MICHELINI GIOVANNI GAETANO'...

--------------------------------------------------------------------------------
                    [[[ 'MICHELINI GIOVANNI GAETANO' ]]]  -- best-match search:
- Desired YoB: 1983, gender: 1

   - (Swimmer   ) MICHELINI GIOVANNI             - YoB: 1983, gender: 1, score 0.9684, ID: 2086
   ==> 1 results tot., min. bias: 0.8000

   Hi-scoring....: (Swimmer   ) MICHELINI GIOVANNI             - YoB: 1983, gender: 1, score 0.9684, ID: 2086
   --- SINGLE MATCH! ---

----8<---- (Original suggested statements:) ----
INSERT INTO data_import_swimmer_aliases (complete_name,swimmer_id,created_at,updated_at) VALUES
    ('MICHELINI GIOVANNI GAETANO',2086,CURDATE(),CURDATE());
----8<----

-------------------------------------------------------------------------------------------------------------

Processing unconfirmed [DataImportSwimmerAnalysisResult: data_import_session_id=2, 'NATALE MATTEO' - match_name: 'DEL PIANTA MATTEO' (ID:5076) score: 0.8446, year_of_birth: 1991, gender: 1, category: 693, best match: '' score: ]...
Using swimmer_id alias override = 5076 for 'NATALE MATTEO'...
Created new DataImportSwimmer, ID: 991.

                    [[[ 'NATALE MATTEO' ]]]  -- search overridden:

   => NOT FOUND.

----8<---- (Original suggested statements:) ----
INSERT INTO data_import_swimmer_aliases (complete_name,swimmer_id,created_at,updated_at) VALUES
    ('NATALE MATTEO',5076,CURDATE(),CURDATE());
----8<----

-------------------------------------------------------------------------------------------------------------

Processing unconfirmed [DataImportSwimmerAnalysisResult: data_import_session_id=2, 'PASQUALIN MATTEO' - match_name: 'MATTEO BERNA NASCA' (ID:1183) score: 0.8386, year_of_birth: 1976, gender: 1, category: 696, best match: '' score: ]...
Using swimmer_id alias override = 1183 for 'PASQUALIN MATTEO'...
Created new DataImportSwimmer, ID: 992.

                    [[[ 'PASQUALIN MATTEO' ]]]  -- search overridden:

   => NOT FOUND.

----8<---- (Original suggested statements:) ----
INSERT INTO data_import_swimmer_aliases (complete_name,swimmer_id,created_at,updated_at) VALUES
    ('PASQUALIN MATTEO',1183,CURDATE(),CURDATE());
----8<----

-------------------------------------------------------------------------------------------------------------

Processing unconfirmed [DataImportSwimmerAnalysisResult: data_import_session_id=2, 'PERTISETTI DANIELE' - match_name: 'GRIGOLETTI DANIELE' (ID:2866) score: 0.8042, year_of_birth: 1984, gender: 1, category: 695, best match: '' score: ]...
Using swimmer_id alias override = 2866 for 'PERTISETTI DANIELE'...
Created new DataImportSwimmer, ID: 993.

                    [[[ 'PERTISETTI DANIELE' ]]]  -- search overridden:

   => NOT FOUND.

----8<---- (Original suggested statements:) ----
INSERT INTO data_import_swimmer_aliases (complete_name,swimmer_id,created_at,updated_at) VALUES
    ('PERTISETTI DANIELE',2866,CURDATE(),CURDATE());
----8<----

-------------------------------------------------------------------------------------------------------------

Processing unconfirmed [DataImportSwimmerAnalysisResult: data_import_session_id=2, 'RILEI ANDREA' - match_name: 'FUCILI ANDREA' (ID:5137) score: 0.8675, year_of_birth: 1975, gender: 1, category: 696, best match: '' score: ]...
Using swimmer_id alias override = 5137 for 'RILEI ANDREA'...
Created new DataImportSwimmer, ID: 994.

                    [[[ 'RILEI ANDREA' ]]]  -- search overridden:

   => NOT FOUND.

----8<---- (Original suggested statements:) ----
INSERT INTO data_import_swimmer_aliases (complete_name,swimmer_id,created_at,updated_at) VALUES
    ('RILEI ANDREA',5137,CURDATE(),CURDATE());
----8<----

-------------------------------------------------------------------------------------------------------------

Processing unconfirmed [DataImportSwimmerAnalysisResult: data_import_session_id=2, 'TOGNON MARCO' - match_name: 'TOGNON MORENO' (ID:3266) score: 0.9362, year_of_birth: 1973, gender: 1, category: 697, best match: '' score: ]...
Using swimmer_id alias override = 3266 for 'TOGNON MARCO'...
Created new DataImportSwimmer, ID: 995.

                    [[[ 'TOGNON MARCO' ]]]  -- search overridden:

   => NOT FOUND.

----8<---- (Original suggested statements:) ----
INSERT INTO data_import_swimmer_aliases (complete_name,swimmer_id,created_at,updated_at) VALUES
    ('TOGNON MARCO',3266,CURDATE(),CURDATE());
----8<----

-------------------------------------------------------------------------------------------------------------

Processing unconfirmed [DataImportSwimmerAnalysisResult: data_import_session_id=2, 'TOMASI ANDREA' - match_name: 'TOJA ANDREA' (ID:4238) score: 0.9093, year_of_birth: 1966, gender: 1, category: 698, best match: '' score: ]...
Using swimmer_id alias override = 4238 for 'TOMASI ANDREA'...
Created new DataImportSwimmer, ID: 996.

                    [[[ 'TOMASI ANDREA' ]]]  -- search overridden:

   => NOT FOUND.

----8<---- (Original suggested statements:) ----
INSERT INTO data_import_swimmer_aliases (complete_name,swimmer_id,created_at,updated_at) VALUES
    ('TOMASI ANDREA',4238,CURDATE(),CURDATE());
----8<----

-------------------------------------------------------------------------------------------------------------

Processing unconfirmed [DataImportSwimmerAnalysisResult: data_import_session_id=2, 'UGOLOTTI FEDERICA' - match_name: 'IOTTI FEDERICA' (ID:128) score: 0.8721, year_of_birth: 1974, gender: 2, category: 697, best match: '' score: ]...
Using swimmer_id alias override = 128 for 'UGOLOTTI FEDERICA'...
Created new DataImportSwimmer, ID: 997.

                    [[[ 'UGOLOTTI FEDERICA' ]]]  -- search overridden:

   => NOT FOUND.

----8<---- (Original suggested statements:) ----
INSERT INTO data_import_swimmer_aliases (complete_name,swimmer_id,created_at,updated_at) VALUES
    ('UGOLOTTI FEDERICA',128,CURDATE(),CURDATE());
----8<----

-------------------------------------------------------------------------------------------------------------

Processing unconfirmed [DataImportSwimmerAnalysisResult: data_import_session_id=2, 'ZANASI NICOLA' - match_name: 'ZANASI MARCO' (ID:905) score: 0.9235, year_of_birth: 1970, gender: 1, category: 697, best match: '' score: ]...
Using swimmer_id alias override = 905 for 'ZANASI NICOLA'...
Created new DataImportSwimmer, ID: 998.

                    [[[ 'ZANASI NICOLA' ]]]  -- search overridden:

   => NOT FOUND.

----8<---- (Original suggested statements:) ----
INSERT INTO data_import_swimmer_aliases (complete_name,swimmer_id,created_at,updated_at) VALUES
    ('ZANASI NICOLA',905,CURDATE(),CURDATE());
----8<----
