
-------------------------------------------------------------------------------------------------------------

Processing CONFIRMED [DataImportSwimmerAnalysisResult: data_import_session_id=1, 'BACCILIERI ANNA' - match_name: 'BACILIERI ANNA' (ID:1526) score: 0.9822, year_of_birth: 1993, gender: 2, category: 693, best match: '' score: ]...
Using swimmer_id alias override = 1526 for 'BACCILIERI ANNA'...

--------------------------------------------------------------------------------
                    [[[ 'BACCILIERI ANNA' ]]]  -- best-match search:
- Desired YoB: 1993, gender: 2

   - (Swimmer   ) BACILIERI ANNA                 - YoB: 1993, gender: 2, score 0.9822, ID: 1526
   ==> 1 results tot., min. bias: 0.8000

   Hi-scoring....: (Swimmer   ) BACILIERI ANNA                 - YoB: 1993, gender: 2, score 0.9822, ID: 1526
   --- SINGLE MATCH! ---

----8<---- (Original suggested statements:) ----
INSERT INTO data_import_swimmer_aliases (complete_name,swimmer_id,created_at,updated_at) VALUES
    ('BACCILIERI ANNA',1526,CURDATE(),CURDATE());
----8<----

-------------------------------------------------------------------------------------------------------------

Processing unconfirmed [DataImportSwimmerAnalysisResult: data_import_session_id=1, 'BARBIERI FABIO' - match_name: 'BARBIERI MARCO' (ID:3115) score: 0.949, year_of_birth: 1978, gender: 1, category: 696, best match: '' score: ]...
Using swimmer_id alias override = 3115 for 'BARBIERI FABIO'...
Created new DataImportSwimmer, ID: 709.

                    [[[ 'BARBIERI FABIO' ]]]  -- search overridden:

   => NOT FOUND.

----8<---- (Original suggested statements:) ----
INSERT INTO data_import_swimmer_aliases (complete_name,swimmer_id,created_at,updated_at) VALUES
    ('BARBIERI FABIO',3115,CURDATE(),CURDATE());
----8<----

-------------------------------------------------------------------------------------------------------------

Processing unconfirmed [DataImportSwimmerAnalysisResult: data_import_session_id=1, 'BERTANI FEDERICA' - match_name: 'BERTANI CHIARA' (ID:238) score: 0.9206, year_of_birth: 1977, gender: 2, category: 696, best match: '' score: ]...
Using swimmer_id alias override = 238 for 'BERTANI FEDERICA'...
Created new DataImportSwimmer, ID: 710.

                    [[[ 'BERTANI FEDERICA' ]]]  -- search overridden:

   => NOT FOUND.

----8<---- (Original suggested statements:) ----
INSERT INTO data_import_swimmer_aliases (complete_name,swimmer_id,created_at,updated_at) VALUES
    ('BERTANI FEDERICA',238,CURDATE(),CURDATE());
----8<----

-------------------------------------------------------------------------------------------------------------

Processing unconfirmed [DataImportSwimmerAnalysisResult: data_import_session_id=1, 'BIAGI ENRICO' - match_name: 'BIANCARDI ENRICO' (ID:3109) score: 0.8189, year_of_birth: 1975, gender: 1, category: 696, best match: '' score: ]...
Using swimmer_id alias override = 3109 for 'BIAGI ENRICO'...
Created new DataImportSwimmer, ID: 711.

                    [[[ 'BIAGI ENRICO' ]]]  -- search overridden:

   => NOT FOUND.

----8<---- (Original suggested statements:) ----
INSERT INTO data_import_swimmer_aliases (complete_name,swimmer_id,created_at,updated_at) VALUES
    ('BIAGI ENRICO',3109,CURDATE(),CURDATE());
----8<----

-------------------------------------------------------------------------------------------------------------

Processing CONFIRMED [DataImportSwimmerAnalysisResult: data_import_session_id=1, 'CANTELLO ENTONI' - match_name: 'CANTELLO ANTONY' (ID:1703) score: 0.9644, year_of_birth: 1986, gender: 1, category: 694, best match: '' score: ]...
Using swimmer_id alias override = 1703 for 'CANTELLO ENTONI'...

--------------------------------------------------------------------------------
                    [[[ 'CANTELLO ENTONI' ]]]  -- best-match search:
- Desired YoB: 1986, gender: 1

   - (Swimmer   ) CANTELLO ANTONY                - YoB: 1986, gender: 1, score 0.9644, ID: 1703
   ==> 1 results tot., min. bias: 0.8000

   Hi-scoring....: (Swimmer   ) CANTELLO ANTONY                - YoB: 1986, gender: 1, score 0.9644, ID: 1703
   --- SINGLE MATCH! ---

----8<---- (Original suggested statements:) ----
INSERT INTO data_import_swimmer_aliases (complete_name,swimmer_id,created_at,updated_at) VALUES
    ('CANTELLO ENTONI',1703,CURDATE(),CURDATE());
----8<----

-------------------------------------------------------------------------------------------------------------

Processing unconfirmed [DataImportSwimmerAnalysisResult: data_import_session_id=1, 'CAPPELLETTI MAURO' - match_name: 'GATTI MAURO' (ID:3138) score: 0.8324, year_of_birth: 1965, gender: 1, category: 698, best match: '' score: ]...
Using swimmer_id alias override = 3138 for 'CAPPELLETTI MAURO'...
Created new DataImportSwimmer, ID: 712.

                    [[[ 'CAPPELLETTI MAURO' ]]]  -- search overridden:

   => NOT FOUND.

----8<---- (Original suggested statements:) ----
INSERT INTO data_import_swimmer_aliases (complete_name,swimmer_id,created_at,updated_at) VALUES
    ('CAPPELLETTI MAURO',3138,CURDATE(),CURDATE());
----8<----

-------------------------------------------------------------------------------------------------------------

Processing CONFIRMED [DataImportSwimmerAnalysisResult: data_import_session_id=1, 'CARPANELLI SARA' - match_name: 'CARPNELLI SARA' (ID:1706) score: 0.9837, year_of_birth: 1992, gender: 2, category: 693, best match: '' score: ]...
Using swimmer_id alias override = 1706 for 'CARPANELLI SARA'...

--------------------------------------------------------------------------------
                    [[[ 'CARPANELLI SARA' ]]]  -- best-match search:
- Desired YoB: 1992, gender: 2

   - (Swimmer   ) CARPNELLI SARA                 - YoB: 1992, gender: 2, score 0.9837, ID: 1706
   ==> 1 results tot., min. bias: 0.8000

   Hi-scoring....: (Swimmer   ) CARPNELLI SARA                 - YoB: 1992, gender: 2, score 0.9837, ID: 1706
   --- SINGLE MATCH! ---

----8<---- (Original suggested statements:) ----
INSERT INTO data_import_swimmer_aliases (complete_name,swimmer_id,created_at,updated_at) VALUES
    ('CARPANELLI SARA',1706,CURDATE(),CURDATE());
----8<----

-------------------------------------------------------------------------------------------------------------

Processing unconfirmed [DataImportSwimmerAnalysisResult: data_import_session_id=1, 'CERVELLATI FABRIZIO' - match_name: 'CERVELLATI STEFANO' (ID:4037) score: 0.9319, year_of_birth: 1963, gender: 1, category: 699, best match: '' score: ]...
Using swimmer_id alias override = 4037 for 'CERVELLATI FABRIZIO'...
Created new DataImportSwimmer, ID: 713.

                    [[[ 'CERVELLATI FABRIZIO' ]]]  -- search overridden:

   => NOT FOUND.

----8<---- (Original suggested statements:) ----
INSERT INTO data_import_swimmer_aliases (complete_name,swimmer_id,created_at,updated_at) VALUES
    ('CERVELLATI FABRIZIO',4037,CURDATE(),CURDATE());
----8<----

-------------------------------------------------------------------------------------------------------------

Processing unconfirmed [DataImportSwimmerAnalysisResult: data_import_session_id=1, 'COZZARI CORRADO' - match_name: 'CORRADO VIRGILIO' (ID:3532) score: 0.8883, year_of_birth: 1951, gender: 1, category: 701, best match: '' score: ]...
Using swimmer_id alias override = 3532 for 'COZZARI CORRADO'...
Created new DataImportSwimmer, ID: 714.

                    [[[ 'COZZARI CORRADO' ]]]  -- search overridden:

   => NOT FOUND.

----8<---- (Original suggested statements:) ----
INSERT INTO data_import_swimmer_aliases (complete_name,swimmer_id,created_at,updated_at) VALUES
    ('COZZARI CORRADO',3532,CURDATE(),CURDATE());
----8<----

-------------------------------------------------------------------------------------------------------------

Processing CONFIRMED [DataImportSwimmerAnalysisResult: data_import_session_id=1, 'DALL`OLIO ELENA' - match_name: 'DALL'OLIO ELENA' (ID:300) score: 0.9674, year_of_birth: 1964, gender: 2, category: 699, best match: '' score: ]...
Using swimmer_id alias override = 300 for 'DALL`OLIO ELENA'...

--------------------------------------------------------------------------------
                    [[[ 'DALL`OLIO ELENA' ]]]  -- best-match search:
- Desired YoB: 1964, gender: 2

   - (Swimmer   ) DALL'OLIO ELENA                - YoB: 1964, gender: 2, score 0.9674, ID:  300
   ==> 1 results tot., min. bias: 0.8000

   Hi-scoring....: (Swimmer   ) DALL'OLIO ELENA                - YoB: 1964, gender: 2, score 0.9674, ID:  300
   --- SINGLE MATCH! ---

----8<---- (Original suggested statements:) ----
INSERT INTO data_import_swimmer_aliases (complete_name,swimmer_id,created_at,updated_at) VALUES
    ('DALL`OLIO ELENA',300,CURDATE(),CURDATE());
----8<----

-------------------------------------------------------------------------------------------------------------

Processing unconfirmed [DataImportSwimmerAnalysisResult: data_import_session_id=1, 'FERRONI STEFANIA' - match_name: 'FERRI STEFANIA' (ID:1360) score: 0.8973, year_of_birth: 1966, gender: 2, category: 698, best match: '' score: ]...
Using swimmer_id alias override = 1360 for 'FERRONI STEFANIA'...
Created new DataImportSwimmer, ID: 715.

                    [[[ 'FERRONI STEFANIA' ]]]  -- search overridden:

   => NOT FOUND.

----8<---- (Original suggested statements:) ----
INSERT INTO data_import_swimmer_aliases (complete_name,swimmer_id,created_at,updated_at) VALUES
    ('FERRONI STEFANIA',1360,CURDATE(),CURDATE());
----8<----

-------------------------------------------------------------------------------------------------------------

Processing unconfirmed [DataImportSwimmerAnalysisResult: data_import_session_id=1, 'GERACI DANIELA' - match_name: 'BELTRAMI DANIELA' (ID:1376) score: 0.869, year_of_birth: 1985, gender: 2, category: 694, best match: '' score: ]...
Using swimmer_id alias override = 1376 for 'GERACI DANIELA'...
Created new DataImportSwimmer, ID: 716.

                    [[[ 'GERACI DANIELA' ]]]  -- search overridden:

   => NOT FOUND.

----8<---- (Original suggested statements:) ----
INSERT INTO data_import_swimmer_aliases (complete_name,swimmer_id,created_at,updated_at) VALUES
    ('GERACI DANIELA',1376,CURDATE(),CURDATE());
----8<----

-------------------------------------------------------------------------------------------------------------

Processing unconfirmed [DataImportSwimmerAnalysisResult: data_import_session_id=1, 'GIANI FEDERICO' - match_name: 'FEDERICO MORO' (ID:407) score: 0.9209, year_of_birth: 1964, gender: 1, category: 699, best match: '' score: ]...
Using swimmer_id alias override = 407 for 'GIANI FEDERICO'...
Created new DataImportSwimmer, ID: 717.

                    [[[ 'GIANI FEDERICO' ]]]  -- search overridden:

   => NOT FOUND.

----8<---- (Original suggested statements:) ----
INSERT INTO data_import_swimmer_aliases (complete_name,swimmer_id,created_at,updated_at) VALUES
    ('GIANI FEDERICO',407,CURDATE(),CURDATE());
----8<----

-------------------------------------------------------------------------------------------------------------

Processing unconfirmed [DataImportSwimmerAnalysisResult: data_import_session_id=1, 'GRILLI MARCO' - match_name: 'MARCOTTI GIANNI' (ID:2737) score: 0.8309, year_of_birth: 1970, gender: 1, category: 697, best match: '' score: ]...
Using swimmer_id alias override = 2737 for 'GRILLI MARCO'...
Created new DataImportSwimmer, ID: 718.

                    [[[ 'GRILLI MARCO' ]]]  -- search overridden:

   => NOT FOUND.

----8<---- (Original suggested statements:) ----
INSERT INTO data_import_swimmer_aliases (complete_name,swimmer_id,created_at,updated_at) VALUES
    ('GRILLI MARCO',2737,CURDATE(),CURDATE());
----8<----

-------------------------------------------------------------------------------------------------------------

Processing unconfirmed [DataImportSwimmerAnalysisResult: data_import_session_id=1, 'MAINARDI VALERIO' - match_name: 'MAINARDI ANDREA' (ID:2504) score: 0.9222, year_of_birth: 1979, gender: 1, category: 696, best match: '' score: ]...
Using swimmer_id alias override = 2504 for 'MAINARDI VALERIO'...
Created new DataImportSwimmer, ID: 719.

                    [[[ 'MAINARDI VALERIO' ]]]  -- search overridden:

   => NOT FOUND.

----8<---- (Original suggested statements:) ----
INSERT INTO data_import_swimmer_aliases (complete_name,swimmer_id,created_at,updated_at) VALUES
    ('MAINARDI VALERIO',2504,CURDATE(),CURDATE());
----8<----

-------------------------------------------------------------------------------------------------------------

Processing unconfirmed [DataImportSwimmerAnalysisResult: data_import_session_id=1, 'MANTARRO MASSIMO' - match_name: 'MONTANARI MASSIMO' (ID:319) score: 0.8598, year_of_birth: 1971, gender: 1, category: 697, best match: '' score: ]...
Using swimmer_id alias override = 319 for 'MANTARRO MASSIMO'...
Created new DataImportSwimmer, ID: 720.

                    [[[ 'MANTARRO MASSIMO' ]]]  -- search overridden:

   => NOT FOUND.

----8<---- (Original suggested statements:) ----
INSERT INTO data_import_swimmer_aliases (complete_name,swimmer_id,created_at,updated_at) VALUES
    ('MANTARRO MASSIMO',319,CURDATE(),CURDATE());
----8<----

-------------------------------------------------------------------------------------------------------------

Processing unconfirmed [DataImportSwimmerAnalysisResult: data_import_session_id=1, 'MORELLI MASSIMO' - match_name: 'MELLOZZI MASSIMO' (ID:2590) score: 0.9178, year_of_birth: 1962, gender: 1, category: 699, best match: '' score: ]...
Using swimmer_id alias override = 2590 for 'MORELLI MASSIMO'...
Created new DataImportSwimmer, ID: 721.

                    [[[ 'MORELLI MASSIMO' ]]]  -- search overridden:

   => NOT FOUND.

----8<---- (Original suggested statements:) ----
INSERT INTO data_import_swimmer_aliases (complete_name,swimmer_id,created_at,updated_at) VALUES
    ('MORELLI MASSIMO',2590,CURDATE(),CURDATE());
----8<----

-------------------------------------------------------------------------------------------------------------

Processing unconfirmed [DataImportSwimmerAnalysisResult: data_import_session_id=1, 'OCCELLI FRANCESCO' - match_name: 'BENELLI FRANCESCO' (ID:2084) score: 0.8824, year_of_birth: 1983, gender: 1, category: 695, best match: '' score: ]...
Using swimmer_id alias override = 2084 for 'OCCELLI FRANCESCO'...
Created new DataImportSwimmer, ID: 722.

                    [[[ 'OCCELLI FRANCESCO' ]]]  -- search overridden:

   => NOT FOUND.

----8<---- (Original suggested statements:) ----
INSERT INTO data_import_swimmer_aliases (complete_name,swimmer_id,created_at,updated_at) VALUES
    ('OCCELLI FRANCESCO',2084,CURDATE(),CURDATE());
----8<----

-------------------------------------------------------------------------------------------------------------

Processing unconfirmed [DataImportSwimmerAnalysisResult: data_import_session_id=1, 'PALLAVICINI LUCA' - match_name: 'PAOLUCCI GIANLUCA' (ID:3916) score: 0.8304, year_of_birth: 1965, gender: 1, category: 698, best match: '' score: ]...
Using swimmer_id alias override = 3916 for 'PALLAVICINI LUCA'...
Created new DataImportSwimmer, ID: 723.

                    [[[ 'PALLAVICINI LUCA' ]]]  -- search overridden:

   => NOT FOUND.

----8<---- (Original suggested statements:) ----
INSERT INTO data_import_swimmer_aliases (complete_name,swimmer_id,created_at,updated_at) VALUES
    ('PALLAVICINI LUCA',3916,CURDATE(),CURDATE());
----8<----

-------------------------------------------------------------------------------------------------------------

Processing unconfirmed [DataImportSwimmerAnalysisResult: data_import_session_id=1, 'PATRIARCA DANIELE' - match_name: 'ARCADI DANIELE' (ID:2986) score: 0.8465, year_of_birth: 1983, gender: 1, category: 695, best match: '' score: ]...
Using swimmer_id alias override = 2986 for 'PATRIARCA DANIELE'...
Created new DataImportSwimmer, ID: 724.

                    [[[ 'PATRIARCA DANIELE' ]]]  -- search overridden:

   => NOT FOUND.

----8<---- (Original suggested statements:) ----
INSERT INTO data_import_swimmer_aliases (complete_name,swimmer_id,created_at,updated_at) VALUES
    ('PATRIARCA DANIELE',2986,CURDATE(),CURDATE());
----8<----

-------------------------------------------------------------------------------------------------------------

Processing unconfirmed [DataImportSwimmerAnalysisResult: data_import_session_id=1, 'PINTORI MASSIMILIANO' - match_name: 'RICCI MASSIMILIANO' (ID:802) score: 0.8755, year_of_birth: 1972, gender: 1, category: 697, best match: '' score: ]...
Using swimmer_id alias override = 802 for 'PINTORI MASSIMILIANO'...
Created new DataImportSwimmer, ID: 725.

                    [[[ 'PINTORI MASSIMILIANO' ]]]  -- search overridden:

   => NOT FOUND.

----8<---- (Original suggested statements:) ----
INSERT INTO data_import_swimmer_aliases (complete_name,swimmer_id,created_at,updated_at) VALUES
    ('PINTORI MASSIMILIANO',802,CURDATE(),CURDATE());
----8<----

-------------------------------------------------------------------------------------------------------------

Processing unconfirmed [DataImportSwimmerAnalysisResult: data_import_session_id=1, 'PIREDDA ALESSANDRO' - match_name: 'PIREDDA PAOLO' (ID:3697) score: 0.8827, year_of_birth: 1974, gender: 1, category: 697, best match: '' score: ]...
Using swimmer_id alias override = 3697 for 'PIREDDA ALESSANDRO'...
Created new DataImportSwimmer, ID: 726.

                    [[[ 'PIREDDA ALESSANDRO' ]]]  -- search overridden:

   => NOT FOUND.

----8<---- (Original suggested statements:) ----
INSERT INTO data_import_swimmer_aliases (complete_name,swimmer_id,created_at,updated_at) VALUES
    ('PIREDDA ALESSANDRO',3697,CURDATE(),CURDATE());
----8<----

-------------------------------------------------------------------------------------------------------------

Processing unconfirmed [DataImportSwimmerAnalysisResult: data_import_session_id=1, 'PIZZINELLI ALBERTO' - match_name: 'VIANELLO ALBERTO' (ID:2720) score: 0.8449, year_of_birth: 1976, gender: 1, category: 696, best match: '' score: ]...
Using swimmer_id alias override = 2720 for 'PIZZINELLI ALBERTO'...
Created new DataImportSwimmer, ID: 727.

                    [[[ 'PIZZINELLI ALBERTO' ]]]  -- search overridden:

   => NOT FOUND.

----8<---- (Original suggested statements:) ----
INSERT INTO data_import_swimmer_aliases (complete_name,swimmer_id,created_at,updated_at) VALUES
    ('PIZZINELLI ALBERTO',2720,CURDATE(),CURDATE());
----8<----

-------------------------------------------------------------------------------------------------------------

Processing CONFIRMED [DataImportSwimmerAnalysisResult: data_import_session_id=1, 'RIOS FIDEL MARCIAL' - match_name: 'RIOS FIDEL' (ID:111) score: 0.9342, year_of_birth: 1961, gender: 1, category: 699, best match: '' score: ]...
Using swimmer_id alias override = 111 for 'RIOS FIDEL MARCIAL'...

--------------------------------------------------------------------------------
                    [[[ 'RIOS FIDEL MARCIAL' ]]]  -- best-match search:
- Desired YoB: 1961, gender: 1

   - (Swimmer   ) RIOS FIDEL                     - YoB: 1961, gender: 1, score 0.9342, ID:  111
   ==> 1 results tot., min. bias: 0.8000

   Hi-scoring....: (Swimmer   ) RIOS FIDEL                     - YoB: 1961, gender: 1, score 0.9342, ID:  111
   --- SINGLE MATCH! ---

----8<---- (Original suggested statements:) ----
INSERT INTO data_import_swimmer_aliases (complete_name,swimmer_id,created_at,updated_at) VALUES
    ('RIOS FIDEL MARCIAL',111,CURDATE(),CURDATE());
----8<----

-------------------------------------------------------------------------------------------------------------

Processing unconfirmed [DataImportSwimmerAnalysisResult: data_import_session_id=1, 'SELVA MARIA' - match_name: 'SILVA MARIAELENA' (ID:4282) score: 0.8544, year_of_birth: 1969, gender: 2, category: 698, best match: '' score: ]...
Using swimmer_id alias override = 4282 for 'SELVA MARIA'...
Created new DataImportSwimmer, ID: 728.

                    [[[ 'SELVA MARIA' ]]]  -- search overridden:

   => NOT FOUND.

----8<---- (Original suggested statements:) ----
INSERT INTO data_import_swimmer_aliases (complete_name,swimmer_id,created_at,updated_at) VALUES
    ('SELVA MARIA',4282,CURDATE(),CURDATE());
----8<----

-------------------------------------------------------------------------------------------------------------

Processing unconfirmed [DataImportSwimmerAnalysisResult: data_import_session_id=1, 'SORMANI CLAUDIO' - match_name: 'BALBONI CLAUDIO' (ID:382) score: 0.8389, year_of_birth: 1976, gender: 1, category: 696, best match: '' score: ]...
Using swimmer_id alias override = 382 for 'SORMANI CLAUDIO'...
Created new DataImportSwimmer, ID: 729.

                    [[[ 'SORMANI CLAUDIO' ]]]  -- search overridden:

   => NOT FOUND.

----8<---- (Original suggested statements:) ----
INSERT INTO data_import_swimmer_aliases (complete_name,swimmer_id,created_at,updated_at) VALUES
    ('SORMANI CLAUDIO',382,CURDATE(),CURDATE());
----8<----

-------------------------------------------------------------------------------------------------------------

Processing CONFIRMED [DataImportSwimmerAnalysisResult: data_import_session_id=1, 'THOMPSON JOHN MICHEAL' - match_name: 'THOMPSON JHON' (ID:2428) score: 0.9201, year_of_birth: 1976, gender: 1, category: 696, best match: '' score: ]...
Using swimmer_id alias override = 2428 for 'THOMPSON JOHN MICHEAL'...

--------------------------------------------------------------------------------
                    [[[ 'THOMPSON JOHN MICHEAL' ]]]  -- best-match search:
- Desired YoB: 1976, gender: 1

   - (Swimmer   ) THOMPSON JHON                  - YoB: 1976, gender: 1, score 0.9201, ID: 2428
   ==> 1 results tot., min. bias: 0.8000

   Hi-scoring....: (Swimmer   ) THOMPSON JHON                  - YoB: 1976, gender: 1, score 0.9201, ID: 2428
   --- SINGLE MATCH! ---

----8<---- (Original suggested statements:) ----
INSERT INTO data_import_swimmer_aliases (complete_name,swimmer_id,created_at,updated_at) VALUES
    ('THOMPSON JOHN MICHEAL',2428,CURDATE(),CURDATE());
----8<----

-------------------------------------------------------------------------------------------------------------

Processing CONFIRMED [DataImportSwimmerAnalysisResult: data_import_session_id=1, 'TIPOLONE FABIO' - match_name: 'TRIPOLONE FABIO' (ID:2517) score: 0.9793, year_of_birth: 1985, gender: 1, category: 694, best match: '' score: ]...
Using swimmer_id alias override = 2517 for 'TIPOLONE FABIO'...

--------------------------------------------------------------------------------
                    [[[ 'TIPOLONE FABIO' ]]]  -- best-match search:
- Desired YoB: 1985, gender: 1

   - (Swimmer   ) TRIPOLONE FABIO                - YoB: 1985, gender: 1, score 0.9793, ID: 2517
   ==> 1 results tot., min. bias: 0.8000

   Hi-scoring....: (Swimmer   ) TRIPOLONE FABIO                - YoB: 1985, gender: 1, score 0.9793, ID: 2517
   --- SINGLE MATCH! ---

----8<---- (Original suggested statements:) ----
INSERT INTO data_import_swimmer_aliases (complete_name,swimmer_id,created_at,updated_at) VALUES
    ('TIPOLONE FABIO',2517,CURDATE(),CURDATE());
----8<----

-------------------------------------------------------------------------------------------------------------

Processing CONFIRMED [DataImportSwimmerAnalysisResult: data_import_session_id=1, 'TUGNOLI GIAMPAOLO' - match_name: 'TUGNOLI GIANPAOLO' (ID:747) score: 0.9862, year_of_birth: 1963, gender: 1, category: 699, best match: '' score: ]...
Using swimmer_id alias override = 747 for 'TUGNOLI GIAMPAOLO'...

--------------------------------------------------------------------------------
                    [[[ 'TUGNOLI GIAMPAOLO' ]]]  -- best-match search:
- Desired YoB: 1963, gender: 1

   - (Swimmer   ) TUGNOLI GIANPAOLO              - YoB: 1963, gender: 1, score 0.9862, ID:  747
   ==> 1 results tot., min. bias: 0.8000

   Hi-scoring....: (Swimmer   ) TUGNOLI GIANPAOLO              - YoB: 1963, gender: 1, score 0.9862, ID:  747
   --- SINGLE MATCH! ---

----8<---- (Original suggested statements:) ----
INSERT INTO data_import_swimmer_aliases (complete_name,swimmer_id,created_at,updated_at) VALUES
    ('TUGNOLI GIAMPAOLO',747,CURDATE(),CURDATE());
----8<----

-------------------------------------------------------------------------------------------------------------

Processing unconfirmed [DataImportSwimmerAnalysisResult: data_import_session_id=1, 'VENTURINI MICHELE' - match_name: 'VENTURINI MARCO' (ID:4228) score: 0.9419, year_of_birth: 1982, gender: 1, category: 695, best match: '' score: ]...
Using swimmer_id alias override = 4228 for 'VENTURINI MICHELE'...
Created new DataImportSwimmer, ID: 730.

                    [[[ 'VENTURINI MICHELE' ]]]  -- search overridden:

   => NOT FOUND.

----8<---- (Original suggested statements:) ----
INSERT INTO data_import_swimmer_aliases (complete_name,swimmer_id,created_at,updated_at) VALUES
    ('VENTURINI MICHELE',4228,CURDATE(),CURDATE());
----8<----

-------------------------------------------------------------------------------------------------------------

Processing unconfirmed [DataImportSwimmerAnalysisResult: data_import_session_id=1, 'VIOLA GIOVANNI' - match_name: 'VORIA GIOVANNI' (ID:1490) score: 0.932, year_of_birth: 1972, gender: 1, category: 697, best match: '' score: ]...
Using swimmer_id alias override = 1490 for 'VIOLA GIOVANNI'...
Created new DataImportSwimmer, ID: 731.

                    [[[ 'VIOLA GIOVANNI' ]]]  -- search overridden:

   => NOT FOUND.

----8<---- (Original suggested statements:) ----
INSERT INTO data_import_swimmer_aliases (complete_name,swimmer_id,created_at,updated_at) VALUES
    ('VIOLA GIOVANNI',1490,CURDATE(),CURDATE());
----8<----
