	*****************************
	     Team Merge Report
	*****************************

Merging 'Circolo Canottieri' (id: 242) => 'C.C. ANIENE ASD' (id: 89)...


-          TeamAffiliation: duplicate rows = 1,     non-duplicate rows = 0.
    Duplicates:
    - id:437) Circolo Canottieri

-                    Badge: duplicate rows = 2,     non-duplicate rows = 3.
    Duplicates:
    - id:7107) ? (GRANDI STEFANO)
    - id:7120) ? (VELARDI EUGENIO)

-      DataImportTeamAlias: duplicate rows = 0,     non-duplicate rows = 0.

-                GoggleCup: duplicate rows = 0,     non-duplicate rows = 0.

-  MeetingIndividualResult: duplicate rows = 0,     non-duplicate rows = 8.

-       MeetingRelayResult: duplicate rows = 0,     non-duplicate rows = 0.

-         MeetingTeamScore: duplicate rows = 0,     non-duplicate rows = 0.

-      MeetingRelaySwimmer: duplicate rows = 0,     non-duplicate rows = 0.

-                  Passage: duplicate rows = 0,     non-duplicate rows = 0.

-        GoggleCupStandard: duplicate rows = 0,     non-duplicate rows = 0.

-             MeetingEntry: duplicate rows = 0,     non-duplicate rows = 0.

-              TeamManager: duplicate rows = 0,     non-duplicate rows = 0.

-      TeamPassageTemplate: duplicate rows = 0,     non-duplicate rows = 0.

-    ComputedSeasonRanking: duplicate rows = 0,     non-duplicate rows = 0.

-         IndividualRecord: duplicate rows = 0,     non-duplicate rows = 0.

Updating MeetingIndividualResult...
Updating MeetingRelaySwimmer...
Updating MeetingRelayResult...
Updating MeetingTeamScore...
Updating MeetingEntry...
Updating TeamManager...
Updating TeamPassageTemplate...
Updating ComputedSeasonRanking...
Updating IndividualRecord...
Updating Badge...
Updating DataImportTeamAlias...
Updating Passage...
Updating GoggleCupStandard...
Updating GoggleCup...
Updating TeamAffiliation...
Deleting MeetingIndividualResult 0 duplicates...
Deleting MeetingRelaySwimmer 0 duplicates...
Deleting MeetingRelayResult 0 duplicates...
Deleting MeetingTeamScore 0 duplicates...
Deleting MeetingEntry 0 duplicates...
Deleting TeamManager 0 duplicates...
Deleting TeamPassageTemplate 0 duplicates...
Deleting ComputedSeasonRanking 0 duplicates...
Deleting IndividualRecord 0 duplicates...
Deleting Badge 2 duplicates...
Deleting DataImportTeamAlias 0 duplicates...
Deleting GoggleCupStandard 0 duplicates...
Deleting GoggleCup 0 duplicates...
Deleting Passage 0 duplicates...
Deleting TeamAffiliation 1 duplicates...
Deleting Team 1 duplicates...
