	*****************************
	   CSI Result parsing:
	*****************************
Converting data file to CSV-format...
Datafile: public/uploads/inv20160605csiprova6.csv
Acquired 17 data rows.
Season non forced by data-file path ('public/uploads/inv20160605csiprova6.csv')...
Detected season ID=151 from file header date. Parsing file...
Parsed header fields: [HeaderFieldsDAO: 'public/uploads/inv20160605csiprova6.csv' (prefix: inv), header:2016-06-05=>2015/2016, code:csiprova6]: edition: 16, ed.type:5, timing_type_id: 2)


** UNIQUE Team names: **

CSInuoto OberFerrari
Imolanuoto Asd
Podium Nuoto
Savena Nuoto Team
==== Tot. teams: 4 ====
Analyzing name by name...


** UNIQUE Team names: **

CSInuoto OberFerrari
Imolanuoto Asd
Podium Nuoto
Savena Nuoto Team
==== Tot. teams: 4 ====
Analyzing name by name...

Seeking existing TeamAffiliation with ["(season_id = ?) AND (name LIKE ?)", 151, "CSInuoto OberFerrari%"]
Seeking existing DataImportTeam with ["(data_import_session_id = ?) AND (name LIKE ?)", 16, "CSInuoto OberFerrari%"]
Seeking existing DataImportTeamAlias with {:name=>"CSInuoto OberFerrari"}
DataImportTeamAlias found! (ID: 422)
Seeking existing TeamAffiliation with {:team_id=>1, :season_id=>151}
TeamAffiliation found! (ID: 1589)
Seeking existing TeamAffiliation with ["(season_id = ?) AND (name LIKE ?)", 151, "Imolanuoto Asd%"]
Seeking existing DataImportTeam with ["(data_import_session_id = ?) AND (name LIKE ?)", 16, "Imolanuoto Asd%"]
Seeking existing DataImportTeamAlias with {:name=>"Imolanuoto Asd"}
DataImportTeamAlias found! (ID: 423)
Seeking existing TeamAffiliation with {:team_id=>17, :season_id=>151}
TeamAffiliation found! (ID: 1591)
Seeking existing TeamAffiliation with ["(season_id = ?) AND (name LIKE ?)", 151, "Podium Nuoto%"]
Seeking existing DataImportTeam with ["(data_import_session_id = ?) AND (name LIKE ?)", 16, "Podium Nuoto%"]
Seeking existing DataImportTeamAlias with {:name=>"Podium Nuoto"}
DataImportTeamAlias found! (ID: 424)
Seeking existing TeamAffiliation with {:team_id=>18, :season_id=>151}
TeamAffiliation found! (ID: 1592)
Seeking existing TeamAffiliation with ["(season_id = ?) AND (name LIKE ?)", 151, "Savena Nuoto Team%"]
Seeking existing DataImportTeam with ["(data_import_session_id = ?) AND (name LIKE ?)", 16, "Savena Nuoto Team%"]
Seeking existing DataImportTeamAlias with {:name=>"Savena Nuoto Team"}
Seeking existing TeamAffiliation with {:team_id=>11, :season_id=>151}
TeamAffiliation found! (ID: 1585)

==== Tot. swimmers: 16 ====
Analyzing name by name...


==== Tot. swimmers: 16 ====
Analyzing name by name...

Seeking existing Swimmer with ["(year_of_birth = ?) AND (gender_type_id = ?) AND (complete_name LIKE ?)", "1969", 2, "BONACINI MONICA%"]
Swimmer found! (ID: 138)
Seeking existing Swimmer with ["(year_of_birth = ?) AND (gender_type_id = ?) AND (complete_name LIKE ?)", "1970", 2, "CERVELLATI BARBARA%"]
Swimmer found! (ID: 1088)
Seeking existing Swimmer with ["(year_of_birth = ?) AND (gender_type_id = ?) AND (complete_name LIKE ?)", "1994", 2, "FAVARON SARA%"]
Swimmer found! (ID: 1476)
Seeking existing Swimmer with ["(year_of_birth = ?) AND (gender_type_id = ?) AND (complete_name LIKE ?)", "1989", 2, "FAVERO ILARIA VITTORIA%"]
Seeking existing DataImportSwimmer with ["(data_import_session_id = ?) AND (year_of_birth = ?) AND (gender_type_id = ?) AND (complete_name LIKE ?)", 16, "1989", 2, "FAVERO ILARIA VITTORIA%"]
Seeking existing DataImportSwimmerAlias with {:complete_name=>"FAVERO ILARIA VITTORIA"}
DataImportSwimmerAlias found! (ID: 273)
Seeking existing Swimmer with ["(year_of_birth = ?) AND (gender_type_id = ?) AND (complete_name LIKE ?)", "1973", 2, "FENARA MARILENA%"]
Swimmer found! (ID: 140)
Seeking existing Swimmer with ["(year_of_birth = ?) AND (gender_type_id = ?) AND (complete_name LIKE ?)", "1966", 2, "PEZZOTTA MANUELA%"]
Swimmer found! (ID: 1244)
Seeking existing Swimmer with ["(year_of_birth = ?) AND (gender_type_id = ?) AND (complete_name LIKE ?)", "1984", 2, "PIRAZZOLI FEDERICA%"]
Swimmer found! (ID: 993)
Seeking existing Swimmer with ["(year_of_birth = ?) AND (gender_type_id = ?) AND (complete_name LIKE ?)", "1977", 2, "POGGI CLAUDIA%"]
Swimmer found! (ID: 602)
Seeking existing Swimmer with ["(year_of_birth = ?) AND (gender_type_id = ?) AND (complete_name LIKE ?)", "1990", 2, "PRANDINI VALENTINA%"]
Swimmer found! (ID: 21027)
Seeking existing Swimmer with ["(year_of_birth = ?) AND (gender_type_id = ?) AND (complete_name LIKE ?)", "1998", 2, "QUARANTA AUGUSTA%"]
Swimmer found! (ID: 4810)
Seeking existing Swimmer with ["(year_of_birth = ?) AND (gender_type_id = ?) AND (complete_name LIKE ?)", "1974", 1, "ROSCA IOAN STELIAN%"]
Swimmer found! (ID: 1541)
Seeking existing Swimmer with ["(year_of_birth = ?) AND (gender_type_id = ?) AND (complete_name LIKE ?)", "1964", 2, "SANGIOVANNI DANIELA%"]
Swimmer found! (ID: 21032)
Seeking existing Swimmer with ["(year_of_birth = ?) AND (gender_type_id = ?) AND (complete_name LIKE ?)", "1971", 2, "SESENA BARBARA%"]
Swimmer found! (ID: 98)
Seeking existing Swimmer with ["(year_of_birth = ?) AND (gender_type_id = ?) AND (complete_name LIKE ?)", "1974", 2, "SESENA PATRIZIA%"]
Swimmer found! (ID: 1474)
Seeking existing Swimmer with ["(year_of_birth = ?) AND (gender_type_id = ?) AND (complete_name LIKE ?)", "1995", 2, "TERENZI ALESSANDRA%"]
Swimmer found! (ID: 21035)
Seeking existing Swimmer with ["(year_of_birth = ?) AND (gender_type_id = ?) AND (complete_name LIKE ?)", "1976", 2, "VIANI MIRKA%"]
Swimmer found! (ID: 21040)


--------------------[Phase #1.2 - DIGEST/SERIALIZE]--------------------


--------------------[Phase #1.2 - DIGEST/SERIALIZE]--------------------
Parsing of 'public/uploads/inv20160605csiprova6.csv' done.
Digesting data...
Parsing of 'public/uploads/inv20160605csiprova6.csv' done.
Digesting data...
Found season '#<Season id: 151, lock_version: 1, description: "Circuito regionale Emilia master CSI 2015/2016", begin_date: "2015-10-01", end_date: "2016-09-30", season_type_id: 2, created_at: "2015-11-04 11:00:45", updated_at: "2015-11-28 19:33:59", header_year: "2015/2016", edition: 16, edition_type_id: 5, timing_type_id: 2, rules: "<?xml version=\"1.0\" encoding=\"UTF-8\"?>\n<!DOCTYPE ht...", has_individual_rank: true>'; #<SeasonType id: 2, lock_version: 0, code: "MASCSI", description: "CIRCUITO ITALIANO MASTER CSI", short_name: "MASTER CSI", federation_type_id: 2, created_at: "2014-10-19 00:00:00", updated_at: "2014-10-19 00:00:00">, season_starting_year=2015
Found season '#<Season id: 151, lock_version: 1, description: "Circuito regionale Emilia master CSI 2015/2016", begin_date: "2015-10-01", end_date: "2016-09-30", season_type_id: 2, created_at: "2015-11-04 11:00:45", updated_at: "2015-11-28 19:33:59", header_year: "2015/2016", edition: 16, edition_type_id: 5, timing_type_id: 2, rules: "<?xml version=\"1.0\" encoding=\"UTF-8\"?>\n<!DOCTYPE ht...", has_individual_rank: true>'; #<SeasonType id: 2, lock_version: 0, code: "MASCSI", description: "CIRCUITO ITALIANO MASTER CSI", short_name: "MASTER CSI", federation_type_id: 2, created_at: "2014-10-19 00:00:00", updated_at: "2014-10-19 00:00:00">, season_starting_year=2015
Seeking existing Meeting with ["(header_date = ?) AND (code = ?) AND (season_id = ?)", Sun, 05 Jun 2016, "csiprova6", 151]
Meeting found! (ID: 15106)
PHASE #1.2: checking possible Meeting validation failures...
PHASE #1.2: checking possible Meeting validation failures...
Seeking existing MeetingSession with ["(scheduled_date = ?) AND (meeting_id = ?)", Sun, 05 Jun 2016, 15106]
MeetingSession found! (ID: 954)
PHASE #1.2: processing CATEGORY headers...
PHASE #1.2: processing CATEGORY headers...
Process category headers, header event list: 800SL-M25, 800SL-M20, 800SL-M40, 800SL-M50, 800SL-M45, 800SL-M30, 800SL-M35, 800SL-SEN
Tot.: 8
Process category headers, header event list: 800SL-M25, 800SL-M20, 800SL-M40, 800SL-M50, 800SL-M45, 800SL-M30, 800SL-M35, 800SL-SEN
Tot.: 8

CATEGORY HEADER: Current DAO: [CsiResultDAO: 'PRANDINI VALENTINA' (1990, g:2)=> 'Podium Nuoto' b:AT04310439]: event: 800SL, cat. M25, rank: 1) 10'57"40 (entry: 11'10"00)
    - Resulting category_type_id=897 (MASTER 25),
    - gender_type_id=2, stroke_type_id=1 (800 SL),
    - data_import_session ID=16

CATEGORY HEADER: Current DAO: [CsiResultDAO: 'PRANDINI VALENTINA' (1990, g:2)=> 'Podium Nuoto' b:AT04310439]: event: 800SL, cat. M25, rank: 1) 10'57"40 (entry: 11'10"00)
    - Resulting category_type_id=897 (MASTER 25),
    - gender_type_id=2, stroke_type_id=1 (800 SL),
    - data_import_session ID=16
Seeking existing MeetingProgram with ["(meeting_event_id = ?) AND (category_type_id = ?) AND (gender_type_id = ?)", 3887, 897, 2]
MeetingProgram found! (ID: 73791)
Seeking existing TeamAffiliation with ["(season_id = ?) AND (name LIKE ?)", 151, "Podium Nuoto%"]
Seeking existing DataImportTeam with ["(data_import_session_id = ?) AND (name LIKE ?)", 16, "Podium Nuoto%"]
Seeking existing DataImportTeamAlias with {:name=>"Podium Nuoto"}
DataImportTeamAlias found! (ID: 424)
Seeking existing TeamAffiliation with {:team_id=>18, :season_id=>151}
TeamAffiliation found! (ID: 1592)
Seeking existing TeamAffiliation with {:team_id=>18, :season_id=>151}
TeamAffiliation found! (ID: 1592)
Seeking existing Swimmer with ["(year_of_birth = ?) AND (gender_type_id = ?) AND (complete_name LIKE ?)", "1990", 2, "PRANDINI VALENTINA%"]
Swimmer found! (ID: 21027)
Seeking existing Badge with ["(season_id = ?) AND (number = ?)", 151, "AT04310439"]
Badge found! (ID: 32627)
Seeking existing MeetingEntry with ["(meeting_program_id = ?) AND (swimmer_id = ?) AND (team_id = ?)", 73791, 21027, 18]
MeetingEntry found! (ID: 5885)
Seeking existing TeamAffiliation with ["(season_id = ?) AND (name LIKE ?)", 151, "Podium Nuoto%"]
Seeking existing DataImportTeam with ["(data_import_session_id = ?) AND (name LIKE ?)", 16, "Podium Nuoto%"]
Seeking existing DataImportTeamAlias with {:name=>"Podium Nuoto"}
DataImportTeamAlias found! (ID: 424)
Seeking existing TeamAffiliation with {:team_id=>18, :season_id=>151}
TeamAffiliation found! (ID: 1592)
Seeking existing TeamAffiliation with {:team_id=>18, :season_id=>151}
TeamAffiliation found! (ID: 1592)
Seeking existing Swimmer with ["(year_of_birth = ?) AND (gender_type_id = ?) AND (complete_name LIKE ?)", "1990", 2, "PRANDINI VALENTINA%"]
Swimmer found! (ID: 21027)
Seeking existing Badge with ["(season_id = ?) AND (number = ?)", 151, "AT04310439"]
Badge found! (ID: 32627)
Seeking existing MeetingIndividualResult with ["(meeting_program_id = ?) AND (swimmer_id = ?) AND (team_id = ?)", 73791, 21027, 18]
Seeking existing DataImportMeetingIndividualResult with ["(data_import_session_id = ?) AND (meeting_program_id = ?) AND (swimmer_id = ?) AND (team_id = ?)", 16, 73791, 21027, 18]

CATEGORY HEADER: Current DAO: [CsiResultDAO: 'FAVARON SARA' (1994, g:2)=> 'Podium Nuoto' b:AT04303060]: event: 800SL, cat. M20, rank: 1) 11'16"80 (entry: 12'00"00)
    - Resulting category_type_id=896 (MASTER 20),
    - gender_type_id=2, stroke_type_id=1 (800 SL),
    - data_import_session ID=16

CATEGORY HEADER: Current DAO: [CsiResultDAO: 'FAVARON SARA' (1994, g:2)=> 'Podium Nuoto' b:AT04303060]: event: 800SL, cat. M20, rank: 1) 11'16"80 (entry: 12'00"00)
    - Resulting category_type_id=896 (MASTER 20),
    - gender_type_id=2, stroke_type_id=1 (800 SL),
    - data_import_session ID=16
Seeking existing MeetingProgram with ["(meeting_event_id = ?) AND (category_type_id = ?) AND (gender_type_id = ?)", 3887, 896, 2]
MeetingProgram found! (ID: 73801)
Seeking existing TeamAffiliation with ["(season_id = ?) AND (name LIKE ?)", 151, "Podium Nuoto%"]
Seeking existing DataImportTeam with ["(data_import_session_id = ?) AND (name LIKE ?)", 16, "Podium Nuoto%"]
Seeking existing DataImportTeamAlias with {:name=>"Podium Nuoto"}
DataImportTeamAlias found! (ID: 424)
Seeking existing TeamAffiliation with {:team_id=>18, :season_id=>151}
TeamAffiliation found! (ID: 1592)
Seeking existing TeamAffiliation with {:team_id=>18, :season_id=>151}
TeamAffiliation found! (ID: 1592)
Seeking existing Swimmer with ["(year_of_birth = ?) AND (gender_type_id = ?) AND (complete_name LIKE ?)", "1994", 2, "FAVARON SARA%"]
Swimmer found! (ID: 1476)
Seeking existing Badge with ["(season_id = ?) AND (number = ?)", 151, "AT04303060"]
Seeking existing DataImportBadge with ["(data_import_session_id = ?) AND (season_id = ?) AND (number = ?)", 16, 151, "AT04303060"]
Seeking existing Badge with ["(season_id = ?) AND (swimmer_id = ?)", 151, 1476]
Badge found! (ID: 32615)
Seeking existing MeetingEntry with ["(meeting_program_id = ?) AND (swimmer_id = ?) AND (team_id = ?)", 73801, 1476, 18]
MeetingEntry found! (ID: 5896)
Seeking existing TeamAffiliation with ["(season_id = ?) AND (name LIKE ?)", 151, "Podium Nuoto%"]
Seeking existing DataImportTeam with ["(data_import_session_id = ?) AND (name LIKE ?)", 16, "Podium Nuoto%"]
Seeking existing DataImportTeamAlias with {:name=>"Podium Nuoto"}
DataImportTeamAlias found! (ID: 424)
Seeking existing TeamAffiliation with {:team_id=>18, :season_id=>151}
TeamAffiliation found! (ID: 1592)
Seeking existing TeamAffiliation with {:team_id=>18, :season_id=>151}
TeamAffiliation found! (ID: 1592)
Seeking existing Swimmer with ["(year_of_birth = ?) AND (gender_type_id = ?) AND (complete_name LIKE ?)", "1994", 2, "FAVARON SARA%"]
Swimmer found! (ID: 1476)
Seeking existing Badge with ["(season_id = ?) AND (number = ?)", 151, "AT04303060"]
Seeking existing DataImportBadge with ["(data_import_session_id = ?) AND (season_id = ?) AND (number = ?)", 16, 151, "AT04303060"]
Seeking existing Badge with ["(season_id = ?) AND (swimmer_id = ?)", 151, 1476]
Badge found! (ID: 32615)
Seeking existing MeetingIndividualResult with ["(meeting_program_id = ?) AND (swimmer_id = ?) AND (team_id = ?)", 73801, 1476, 18]
Seeking existing DataImportMeetingIndividualResult with ["(data_import_session_id = ?) AND (meeting_program_id = ?) AND (swimmer_id = ?) AND (team_id = ?)", 16, 73801, 1476, 18]

CATEGORY HEADER: Current DAO: [CsiResultDAO: 'FENARA MARILENA' (1973, g:2)=> 'Savena Nuoto Team' b:4017033]: event: 800SL, cat. M40, rank: 2) 14'31"30 (entry: 15'25"00)
    - Resulting category_type_id=900 (MASTER 40),
    - gender_type_id=2, stroke_type_id=1 (800 SL),
    - data_import_session ID=16

CATEGORY HEADER: Current DAO: [CsiResultDAO: 'FENARA MARILENA' (1973, g:2)=> 'Savena Nuoto Team' b:4017033]: event: 800SL, cat. M40, rank: 2) 14'31"30 (entry: 15'25"00)
    - Resulting category_type_id=900 (MASTER 40),
    - gender_type_id=2, stroke_type_id=1 (800 SL),
    - data_import_session ID=16
Seeking existing MeetingProgram with ["(meeting_event_id = ?) AND (category_type_id = ?) AND (gender_type_id = ?)", 3887, 900, 2]
MeetingProgram found! (ID: 73809)
Seeking existing TeamAffiliation with ["(season_id = ?) AND (name LIKE ?)", 151, "Savena Nuoto Team%"]
Seeking existing DataImportTeam with ["(data_import_session_id = ?) AND (name LIKE ?)", 16, "Savena Nuoto Team%"]
Seeking existing DataImportTeamAlias with {:name=>"Savena Nuoto Team"}
Seeking existing TeamAffiliation with {:team_id=>11, :season_id=>151}
TeamAffiliation found! (ID: 1585)
Seeking existing TeamAffiliation with {:team_id=>11, :season_id=>151}
TeamAffiliation found! (ID: 1585)
Seeking existing Swimmer with ["(year_of_birth = ?) AND (gender_type_id = ?) AND (complete_name LIKE ?)", "1973", 2, "FENARA MARILENA%"]
Swimmer found! (ID: 140)
Seeking existing Badge with ["(season_id = ?) AND (number = ?)", 151, "4017033"]
Seeking existing DataImportBadge with ["(data_import_session_id = ?) AND (season_id = ?) AND (number = ?)", 16, 151, "4017033"]
Seeking existing Badge with ["(season_id = ?) AND (swimmer_id = ?)", 151, 140]
Badge found! (ID: 32653)
Seeking existing MeetingEntry with ["(meeting_program_id = ?) AND (swimmer_id = ?) AND (team_id = ?)", 73809, 140, 11]
MeetingEntry found! (ID: 5915)
Seeking existing TeamAffiliation with ["(season_id = ?) AND (name LIKE ?)", 151, "Savena Nuoto Team%"]
Seeking existing DataImportTeam with ["(data_import_session_id = ?) AND (name LIKE ?)", 16, "Savena Nuoto Team%"]
Seeking existing DataImportTeamAlias with {:name=>"Savena Nuoto Team"}
Seeking existing TeamAffiliation with {:team_id=>11, :season_id=>151}
TeamAffiliation found! (ID: 1585)
Seeking existing TeamAffiliation with {:team_id=>11, :season_id=>151}
TeamAffiliation found! (ID: 1585)
Seeking existing Swimmer with ["(year_of_birth = ?) AND (gender_type_id = ?) AND (complete_name LIKE ?)", "1973", 2, "FENARA MARILENA%"]
Swimmer found! (ID: 140)
Seeking existing Badge with ["(season_id = ?) AND (number = ?)", 151, "4017033"]
Seeking existing DataImportBadge with ["(data_import_session_id = ?) AND (season_id = ?) AND (number = ?)", 16, 151, "4017033"]
Seeking existing Badge with ["(season_id = ?) AND (swimmer_id = ?)", 151, 140]
Badge found! (ID: 32653)
Seeking existing MeetingIndividualResult with ["(meeting_program_id = ?) AND (swimmer_id = ?) AND (team_id = ?)", 73809, 140, 11]
Seeking existing DataImportMeetingIndividualResult with ["(data_import_session_id = ?) AND (meeting_program_id = ?) AND (swimmer_id = ?) AND (team_id = ?)", 16, 73809, 140, 11]

CATEGORY HEADER: Current DAO: [CsiResultDAO: 'PEZZOTTA MANUELA' (1966, g:2)=> 'Savena Nuoto Team' b:04017042]: event: 800SL, cat. M50, rank: 1) 12'38"50 (entry: 12'39"30)
    - Resulting category_type_id=902 (MASTER 50),
    - gender_type_id=2, stroke_type_id=1 (800 SL),
    - data_import_session ID=16

CATEGORY HEADER: Current DAO: [CsiResultDAO: 'PEZZOTTA MANUELA' (1966, g:2)=> 'Savena Nuoto Team' b:04017042]: event: 800SL, cat. M50, rank: 1) 12'38"50 (entry: 12'39"30)
    - Resulting category_type_id=902 (MASTER 50),
    - gender_type_id=2, stroke_type_id=1 (800 SL),
    - data_import_session ID=16
Seeking existing MeetingProgram with ["(meeting_event_id = ?) AND (category_type_id = ?) AND (gender_type_id = ?)", 3887, 902, 2]
MeetingProgram found! (ID: 73810)
Seeking existing TeamAffiliation with ["(season_id = ?) AND (name LIKE ?)", 151, "Savena Nuoto Team%"]
Seeking existing DataImportTeam with ["(data_import_session_id = ?) AND (name LIKE ?)", 16, "Savena Nuoto Team%"]
Seeking existing DataImportTeamAlias with {:name=>"Savena Nuoto Team"}
Seeking existing TeamAffiliation with {:team_id=>11, :season_id=>151}
TeamAffiliation found! (ID: 1585)
Seeking existing TeamAffiliation with {:team_id=>11, :season_id=>151}
TeamAffiliation found! (ID: 1585)
Seeking existing Swimmer with ["(year_of_birth = ?) AND (gender_type_id = ?) AND (complete_name LIKE ?)", "1966", 2, "PEZZOTTA MANUELA%"]
Swimmer found! (ID: 1244)
Seeking existing Badge with ["(season_id = ?) AND (number = ?)", 151, "04017042"]
Seeking existing DataImportBadge with ["(data_import_session_id = ?) AND (season_id = ?) AND (number = ?)", 16, 151, "04017042"]
Seeking existing Badge with ["(season_id = ?) AND (swimmer_id = ?)", 151, 1244]
Badge found! (ID: 32658)
Seeking existing MeetingEntry with ["(meeting_program_id = ?) AND (swimmer_id = ?) AND (team_id = ?)", 73810, 1244, 11]
MeetingEntry found! (ID: 5920)
Seeking existing TeamAffiliation with ["(season_id = ?) AND (name LIKE ?)", 151, "Savena Nuoto Team%"]
Seeking existing DataImportTeam with ["(data_import_session_id = ?) AND (name LIKE ?)", 16, "Savena Nuoto Team%"]
Seeking existing DataImportTeamAlias with {:name=>"Savena Nuoto Team"}
Seeking existing TeamAffiliation with {:team_id=>11, :season_id=>151}
TeamAffiliation found! (ID: 1585)
Seeking existing TeamAffiliation with {:team_id=>11, :season_id=>151}
TeamAffiliation found! (ID: 1585)
Seeking existing Swimmer with ["(year_of_birth = ?) AND (gender_type_id = ?) AND (complete_name LIKE ?)", "1966", 2, "PEZZOTTA MANUELA%"]
Swimmer found! (ID: 1244)
Seeking existing Badge with ["(season_id = ?) AND (number = ?)", 151, "04017042"]
Seeking existing DataImportBadge with ["(data_import_session_id = ?) AND (season_id = ?) AND (number = ?)", 16, 151, "04017042"]
Seeking existing Badge with ["(season_id = ?) AND (swimmer_id = ?)", 151, 1244]
Badge found! (ID: 32658)
Seeking existing MeetingIndividualResult with ["(meeting_program_id = ?) AND (swimmer_id = ?) AND (team_id = ?)", 73810, 1244, 11]
Seeking existing DataImportMeetingIndividualResult with ["(data_import_session_id = ?) AND (meeting_program_id = ?) AND (swimmer_id = ?) AND (team_id = ?)", 16, 73810, 1244, 11]

CATEGORY HEADER: Current DAO: [CsiResultDAO: 'SANGIOVANNI DANIELA' (1964, g:2)=> 'Savena Nuoto Team' b:]: event: 800SL, cat. M50, rank: 2) 16'14"00 (entry: 16'50"00)
    - Resulting category_type_id=902 (MASTER 50),
    - gender_type_id=2, stroke_type_id=1 (800 SL),
    - data_import_session ID=16

CATEGORY HEADER: Current DAO: [CsiResultDAO: 'SANGIOVANNI DANIELA' (1964, g:2)=> 'Savena Nuoto Team' b:]: event: 800SL, cat. M50, rank: 2) 16'14"00 (entry: 16'50"00)
    - Resulting category_type_id=902 (MASTER 50),
    - gender_type_id=2, stroke_type_id=1 (800 SL),
    - data_import_session ID=16
Seeking existing MeetingProgram with ["(meeting_event_id = ?) AND (category_type_id = ?) AND (gender_type_id = ?)", 3887, 902, 2]
MeetingProgram found! (ID: 73810)
Seeking existing TeamAffiliation with ["(season_id = ?) AND (name LIKE ?)", 151, "Savena Nuoto Team%"]
Seeking existing DataImportTeam with ["(data_import_session_id = ?) AND (name LIKE ?)", 16, "Savena Nuoto Team%"]
Seeking existing DataImportTeamAlias with {:name=>"Savena Nuoto Team"}
Seeking existing TeamAffiliation with {:team_id=>11, :season_id=>151}
TeamAffiliation found! (ID: 1585)
Seeking existing TeamAffiliation with {:team_id=>11, :season_id=>151}
TeamAffiliation found! (ID: 1585)
Seeking existing Swimmer with ["(year_of_birth = ?) AND (gender_type_id = ?) AND (complete_name LIKE ?)", "1964", 2, "SANGIOVANNI DANIELA%"]
Swimmer found! (ID: 21032)
Seeking existing Badge with ["(season_id = ?) AND (swimmer_id = ?) AND (team_id = ?)", 151, 21032, 11]
Badge found! (ID: 32659)
Seeking existing MeetingEntry with ["(meeting_program_id = ?) AND (swimmer_id = ?) AND (team_id = ?)", 73810, 21032, 11]
MeetingEntry found! (ID: 5921)
Seeking existing TeamAffiliation with ["(season_id = ?) AND (name LIKE ?)", 151, "Savena Nuoto Team%"]
Seeking existing DataImportTeam with ["(data_import_session_id = ?) AND (name LIKE ?)", 16, "Savena Nuoto Team%"]
Seeking existing DataImportTeamAlias with {:name=>"Savena Nuoto Team"}
Seeking existing TeamAffiliation with {:team_id=>11, :season_id=>151}
TeamAffiliation found! (ID: 1585)
Seeking existing TeamAffiliation with {:team_id=>11, :season_id=>151}
TeamAffiliation found! (ID: 1585)
Seeking existing Swimmer with ["(year_of_birth = ?) AND (gender_type_id = ?) AND (complete_name LIKE ?)", "1964", 2, "SANGIOVANNI DANIELA%"]
Swimmer found! (ID: 21032)
Seeking existing Badge with ["(season_id = ?) AND (swimmer_id = ?) AND (team_id = ?)", 151, 21032, 11]
Badge found! (ID: 32659)
Seeking existing MeetingIndividualResult with ["(meeting_program_id = ?) AND (swimmer_id = ?) AND (team_id = ?)", 73810, 21032, 11]
Seeking existing DataImportMeetingIndividualResult with ["(data_import_session_id = ?) AND (meeting_program_id = ?) AND (swimmer_id = ?) AND (team_id = ?)", 16, 73810, 21032, 11]

CATEGORY HEADER: Current DAO: [CsiResultDAO: 'BONACINI MONICA' (1969, g:2)=> 'CSInuoto OberFerrari' b:AT04224612]: event: 800SL, cat. M45, rank: 1) 12'41"50 (entry: 12'53"70)
    - Resulting category_type_id=901 (MASTER 45),
    - gender_type_id=2, stroke_type_id=1 (800 SL),
    - data_import_session ID=16

CATEGORY HEADER: Current DAO: [CsiResultDAO: 'BONACINI MONICA' (1969, g:2)=> 'CSInuoto OberFerrari' b:AT04224612]: event: 800SL, cat. M45, rank: 1) 12'41"50 (entry: 12'53"70)
    - Resulting category_type_id=901 (MASTER 45),
    - gender_type_id=2, stroke_type_id=1 (800 SL),
    - data_import_session ID=16
Seeking existing MeetingProgram with ["(meeting_event_id = ?) AND (category_type_id = ?) AND (gender_type_id = ?)", 3887, 901, 2]
MeetingProgram found! (ID: 73830)
Seeking existing TeamAffiliation with ["(season_id = ?) AND (name LIKE ?)", 151, "CSInuoto OberFerrari%"]
Seeking existing DataImportTeam with ["(data_import_session_id = ?) AND (name LIKE ?)", 16, "CSInuoto OberFerrari%"]
Seeking existing DataImportTeamAlias with {:name=>"CSInuoto OberFerrari"}
DataImportTeamAlias found! (ID: 422)
Seeking existing TeamAffiliation with {:team_id=>1, :season_id=>151}
TeamAffiliation found! (ID: 1589)
Seeking existing TeamAffiliation with {:team_id=>1, :season_id=>151}
TeamAffiliation found! (ID: 1589)
Seeking existing Swimmer with ["(year_of_birth = ?) AND (gender_type_id = ?) AND (complete_name LIKE ?)", "1969", 2, "BONACINI MONICA%"]
Swimmer found! (ID: 138)
Seeking existing Badge with ["(season_id = ?) AND (number = ?)", 151, "AT04224612"]
Badge found! (ID: 32564)
Seeking existing MeetingEntry with ["(meeting_program_id = ?) AND (swimmer_id = ?) AND (team_id = ?)", 73830, 138, 1]
MeetingEntry found! (ID: 5988)
Seeking existing TeamAffiliation with ["(season_id = ?) AND (name LIKE ?)", 151, "CSInuoto OberFerrari%"]
Seeking existing DataImportTeam with ["(data_import_session_id = ?) AND (name LIKE ?)", 16, "CSInuoto OberFerrari%"]
Seeking existing DataImportTeamAlias with {:name=>"CSInuoto OberFerrari"}
DataImportTeamAlias found! (ID: 422)
Seeking existing TeamAffiliation with {:team_id=>1, :season_id=>151}
TeamAffiliation found! (ID: 1589)
Seeking existing TeamAffiliation with {:team_id=>1, :season_id=>151}
TeamAffiliation found! (ID: 1589)
Seeking existing Swimmer with ["(year_of_birth = ?) AND (gender_type_id = ?) AND (complete_name LIKE ?)", "1969", 2, "BONACINI MONICA%"]
Swimmer found! (ID: 138)
Seeking existing Badge with ["(season_id = ?) AND (number = ?)", 151, "AT04224612"]
Badge found! (ID: 32564)
Seeking existing MeetingIndividualResult with ["(meeting_program_id = ?) AND (swimmer_id = ?) AND (team_id = ?)", 73830, 138, 1]
Seeking existing DataImportMeetingIndividualResult with ["(data_import_session_id = ?) AND (meeting_program_id = ?) AND (swimmer_id = ?) AND (team_id = ?)", 16, 73830, 138, 1]

CATEGORY HEADER: Current DAO: [CsiResultDAO: 'ROSCA IOAN STELIAN' (1974, g:1)=> 'CSInuoto OberFerrari' b:AT04225119]: event: 800SL, cat. M40, rank: 1) 11'07"30 (entry: )
    - Resulting category_type_id=900 (MASTER 40),
    - gender_type_id=1, stroke_type_id=1 (800 SL),
    - data_import_session ID=16

CATEGORY HEADER: Current DAO: [CsiResultDAO: 'ROSCA IOAN STELIAN' (1974, g:1)=> 'CSInuoto OberFerrari' b:AT04225119]: event: 800SL, cat. M40, rank: 1) 11'07"30 (entry: )
    - Resulting category_type_id=900 (MASTER 40),
    - gender_type_id=1, stroke_type_id=1 (800 SL),
    - data_import_session ID=16
Seeking existing MeetingProgram with ["(meeting_event_id = ?) AND (category_type_id = ?) AND (gender_type_id = ?)", 3887, 900, 1]
MeetingProgram found! (ID: 73798)
Seeking existing TeamAffiliation with ["(season_id = ?) AND (name LIKE ?)", 151, "CSInuoto OberFerrari%"]
Seeking existing DataImportTeam with ["(data_import_session_id = ?) AND (name LIKE ?)", 16, "CSInuoto OberFerrari%"]
Seeking existing DataImportTeamAlias with {:name=>"CSInuoto OberFerrari"}
DataImportTeamAlias found! (ID: 422)
Seeking existing TeamAffiliation with {:team_id=>1, :season_id=>151}
TeamAffiliation found! (ID: 1589)
Seeking existing TeamAffiliation with {:team_id=>1, :season_id=>151}
TeamAffiliation found! (ID: 1589)
Seeking existing Swimmer with ["(year_of_birth = ?) AND (gender_type_id = ?) AND (complete_name LIKE ?)", "1974", 1, "ROSCA IOAN STELIAN%"]
Swimmer found! (ID: 1541)
Seeking existing Badge with ["(season_id = ?) AND (number = ?)", 151, "AT04225119"]
Badge found! (ID: 32581)
Seeking existing MeetingEntry with ["(meeting_program_id = ?) AND (swimmer_id = ?) AND (team_id = ?)", 73798, 1541, 1]
MeetingEntry found! (ID: 6007)
Seeking existing TeamAffiliation with ["(season_id = ?) AND (name LIKE ?)", 151, "CSInuoto OberFerrari%"]
Seeking existing DataImportTeam with ["(data_import_session_id = ?) AND (name LIKE ?)", 16, "CSInuoto OberFerrari%"]
Seeking existing DataImportTeamAlias with {:name=>"CSInuoto OberFerrari"}
DataImportTeamAlias found! (ID: 422)
Seeking existing TeamAffiliation with {:team_id=>1, :season_id=>151}
TeamAffiliation found! (ID: 1589)
Seeking existing TeamAffiliation with {:team_id=>1, :season_id=>151}
TeamAffiliation found! (ID: 1589)
Seeking existing Swimmer with ["(year_of_birth = ?) AND (gender_type_id = ?) AND (complete_name LIKE ?)", "1974", 1, "ROSCA IOAN STELIAN%"]
Swimmer found! (ID: 1541)
Seeking existing Badge with ["(season_id = ?) AND (number = ?)", 151, "AT04225119"]
Badge found! (ID: 32581)
Seeking existing MeetingIndividualResult with ["(meeting_program_id = ?) AND (swimmer_id = ?) AND (team_id = ?)", 73798, 1541, 1]
Seeking existing DataImportMeetingIndividualResult with ["(data_import_session_id = ?) AND (meeting_program_id = ?) AND (swimmer_id = ?) AND (team_id = ?)", 16, 73798, 1541, 1]

CATEGORY HEADER: Current DAO: [CsiResultDAO: 'SESENA BARBARA' (1971, g:2)=> 'CSInuoto OberFerrari' b:AT04224633]: event: 800SL, cat. M45, rank: 2) 12'55"00 (entry: 13'10"70)
    - Resulting category_type_id=901 (MASTER 45),
    - gender_type_id=2, stroke_type_id=1 (800 SL),
    - data_import_session ID=16

CATEGORY HEADER: Current DAO: [CsiResultDAO: 'SESENA BARBARA' (1971, g:2)=> 'CSInuoto OberFerrari' b:AT04224633]: event: 800SL, cat. M45, rank: 2) 12'55"00 (entry: 13'10"70)
    - Resulting category_type_id=901 (MASTER 45),
    - gender_type_id=2, stroke_type_id=1 (800 SL),
    - data_import_session ID=16
Seeking existing MeetingProgram with ["(meeting_event_id = ?) AND (category_type_id = ?) AND (gender_type_id = ?)", 3887, 901, 2]
MeetingProgram found! (ID: 73830)
Seeking existing TeamAffiliation with ["(season_id = ?) AND (name LIKE ?)", 151, "CSInuoto OberFerrari%"]
Seeking existing DataImportTeam with ["(data_import_session_id = ?) AND (name LIKE ?)", 16, "CSInuoto OberFerrari%"]
Seeking existing DataImportTeamAlias with {:name=>"CSInuoto OberFerrari"}
DataImportTeamAlias found! (ID: 422)
Seeking existing TeamAffiliation with {:team_id=>1, :season_id=>151}
TeamAffiliation found! (ID: 1589)
Seeking existing TeamAffiliation with {:team_id=>1, :season_id=>151}
TeamAffiliation found! (ID: 1589)
Seeking existing Swimmer with ["(year_of_birth = ?) AND (gender_type_id = ?) AND (complete_name LIKE ?)", "1971", 2, "SESENA BARBARA%"]
Swimmer found! (ID: 98)
Seeking existing Badge with ["(season_id = ?) AND (number = ?)", 151, "AT04224633"]
Badge found! (ID: 32582)
Seeking existing MeetingEntry with ["(meeting_program_id = ?) AND (swimmer_id = ?) AND (team_id = ?)", 73830, 98, 1]
MeetingEntry found! (ID: 6008)
Seeking existing TeamAffiliation with ["(season_id = ?) AND (name LIKE ?)", 151, "CSInuoto OberFerrari%"]
Seeking existing DataImportTeam with ["(data_import_session_id = ?) AND (name LIKE ?)", 16, "CSInuoto OberFerrari%"]
Seeking existing DataImportTeamAlias with {:name=>"CSInuoto OberFerrari"}
DataImportTeamAlias found! (ID: 422)
Seeking existing TeamAffiliation with {:team_id=>1, :season_id=>151}
TeamAffiliation found! (ID: 1589)
Seeking existing TeamAffiliation with {:team_id=>1, :season_id=>151}
TeamAffiliation found! (ID: 1589)
Seeking existing Swimmer with ["(year_of_birth = ?) AND (gender_type_id = ?) AND (complete_name LIKE ?)", "1971", 2, "SESENA BARBARA%"]
Swimmer found! (ID: 98)
Seeking existing Badge with ["(season_id = ?) AND (number = ?)", 151, "AT04224633"]
Badge found! (ID: 32582)
Seeking existing MeetingIndividualResult with ["(meeting_program_id = ?) AND (swimmer_id = ?) AND (team_id = ?)", 73830, 98, 1]
Seeking existing DataImportMeetingIndividualResult with ["(data_import_session_id = ?) AND (meeting_program_id = ?) AND (swimmer_id = ?) AND (team_id = ?)", 16, 73830, 98, 1]

CATEGORY HEADER: Current DAO: [CsiResultDAO: 'SESENA PATRIZIA' (1974, g:2)=> 'CSInuoto OberFerrari' b:AT04224634]: event: 800SL, cat. M40, rank: 3) 17'06"40 (entry: 15'00"00)
    - Resulting category_type_id=900 (MASTER 40),
    - gender_type_id=2, stroke_type_id=1 (800 SL),
    - data_import_session ID=16

CATEGORY HEADER: Current DAO: [CsiResultDAO: 'SESENA PATRIZIA' (1974, g:2)=> 'CSInuoto OberFerrari' b:AT04224634]: event: 800SL, cat. M40, rank: 3) 17'06"40 (entry: 15'00"00)
    - Resulting category_type_id=900 (MASTER 40),
    - gender_type_id=2, stroke_type_id=1 (800 SL),
    - data_import_session ID=16
Seeking existing MeetingProgram with ["(meeting_event_id = ?) AND (category_type_id = ?) AND (gender_type_id = ?)", 3887, 900, 2]
MeetingProgram found! (ID: 73809)
Seeking existing TeamAffiliation with ["(season_id = ?) AND (name LIKE ?)", 151, "CSInuoto OberFerrari%"]
Seeking existing DataImportTeam with ["(data_import_session_id = ?) AND (name LIKE ?)", 16, "CSInuoto OberFerrari%"]
Seeking existing DataImportTeamAlias with {:name=>"CSInuoto OberFerrari"}
DataImportTeamAlias found! (ID: 422)
Seeking existing TeamAffiliation with {:team_id=>1, :season_id=>151}
TeamAffiliation found! (ID: 1589)
Seeking existing TeamAffiliation with {:team_id=>1, :season_id=>151}
TeamAffiliation found! (ID: 1589)
Seeking existing Swimmer with ["(year_of_birth = ?) AND (gender_type_id = ?) AND (complete_name LIKE ?)", "1974", 2, "SESENA PATRIZIA%"]
Swimmer found! (ID: 1474)
Seeking existing Badge with ["(season_id = ?) AND (number = ?)", 151, "AT04224634"]
Badge found! (ID: 46561)
Seeking existing MeetingEntry with ["(meeting_program_id = ?) AND (swimmer_id = ?) AND (team_id = ?)", 73809, 1474, 1]
MeetingEntry found! (ID: 6009)
Seeking existing TeamAffiliation with ["(season_id = ?) AND (name LIKE ?)", 151, "CSInuoto OberFerrari%"]
Seeking existing DataImportTeam with ["(data_import_session_id = ?) AND (name LIKE ?)", 16, "CSInuoto OberFerrari%"]
Seeking existing DataImportTeamAlias with {:name=>"CSInuoto OberFerrari"}
DataImportTeamAlias found! (ID: 422)
Seeking existing TeamAffiliation with {:team_id=>1, :season_id=>151}
TeamAffiliation found! (ID: 1589)
Seeking existing TeamAffiliation with {:team_id=>1, :season_id=>151}
TeamAffiliation found! (ID: 1589)
Seeking existing Swimmer with ["(year_of_birth = ?) AND (gender_type_id = ?) AND (complete_name LIKE ?)", "1974", 2, "SESENA PATRIZIA%"]
Swimmer found! (ID: 1474)
Seeking existing Badge with ["(season_id = ?) AND (number = ?)", 151, "AT04224634"]
Badge found! (ID: 46561)
Seeking existing MeetingIndividualResult with ["(meeting_program_id = ?) AND (swimmer_id = ?) AND (team_id = ?)", 73809, 1474, 1]
Seeking existing DataImportMeetingIndividualResult with ["(data_import_session_id = ?) AND (meeting_program_id = ?) AND (swimmer_id = ?) AND (team_id = ?)", 16, 73809, 1474, 1]

CATEGORY HEADER: Current DAO: [CsiResultDAO: 'CERVELLATI BARBARA' (1970, g:2)=> 'Imolanuoto Asd' b:AT17503579]: event: 800SL, cat. M45, rank: 3) 13'06"70 (entry: 13'08"00)
    - Resulting category_type_id=901 (MASTER 45),
    - gender_type_id=2, stroke_type_id=1 (800 SL),
    - data_import_session ID=16

CATEGORY HEADER: Current DAO: [CsiResultDAO: 'CERVELLATI BARBARA' (1970, g:2)=> 'Imolanuoto Asd' b:AT17503579]: event: 800SL, cat. M45, rank: 3) 13'06"70 (entry: 13'08"00)
    - Resulting category_type_id=901 (MASTER 45),
    - gender_type_id=2, stroke_type_id=1 (800 SL),
    - data_import_session ID=16
Seeking existing MeetingProgram with ["(meeting_event_id = ?) AND (category_type_id = ?) AND (gender_type_id = ?)", 3887, 901, 2]
MeetingProgram found! (ID: 73830)
Seeking existing TeamAffiliation with ["(season_id = ?) AND (name LIKE ?)", 151, "Imolanuoto Asd%"]
Seeking existing DataImportTeam with ["(data_import_session_id = ?) AND (name LIKE ?)", 16, "Imolanuoto Asd%"]
Seeking existing DataImportTeamAlias with {:name=>"Imolanuoto Asd"}
DataImportTeamAlias found! (ID: 423)
Seeking existing TeamAffiliation with {:team_id=>17, :season_id=>151}
TeamAffiliation found! (ID: 1591)
Seeking existing TeamAffiliation with {:team_id=>17, :season_id=>151}
TeamAffiliation found! (ID: 1591)
Seeking existing Swimmer with ["(year_of_birth = ?) AND (gender_type_id = ?) AND (complete_name LIKE ?)", "1970", 2, "CERVELLATI BARBARA%"]
Swimmer found! (ID: 1088)
Seeking existing Badge with ["(season_id = ?) AND (number = ?)", 151, "AT17503579"]
Badge found! (ID: 32737)
Seeking existing MeetingEntry with ["(meeting_program_id = ?) AND (swimmer_id = ?) AND (team_id = ?)", 73830, 1088, 17]
MeetingEntry found! (ID: 6062)
Seeking existing TeamAffiliation with ["(season_id = ?) AND (name LIKE ?)", 151, "Imolanuoto Asd%"]
Seeking existing DataImportTeam with ["(data_import_session_id = ?) AND (name LIKE ?)", 16, "Imolanuoto Asd%"]
Seeking existing DataImportTeamAlias with {:name=>"Imolanuoto Asd"}
DataImportTeamAlias found! (ID: 423)
Seeking existing TeamAffiliation with {:team_id=>17, :season_id=>151}
TeamAffiliation found! (ID: 1591)
Seeking existing TeamAffiliation with {:team_id=>17, :season_id=>151}
TeamAffiliation found! (ID: 1591)
Seeking existing Swimmer with ["(year_of_birth = ?) AND (gender_type_id = ?) AND (complete_name LIKE ?)", "1970", 2, "CERVELLATI BARBARA%"]
Swimmer found! (ID: 1088)
Seeking existing Badge with ["(season_id = ?) AND (number = ?)", 151, "AT17503579"]
Badge found! (ID: 32737)
Seeking existing MeetingIndividualResult with ["(meeting_program_id = ?) AND (swimmer_id = ?) AND (team_id = ?)", 73830, 1088, 17]
Seeking existing DataImportMeetingIndividualResult with ["(data_import_session_id = ?) AND (meeting_program_id = ?) AND (swimmer_id = ?) AND (team_id = ?)", 16, 73830, 1088, 17]

CATEGORY HEADER: Current DAO: [CsiResultDAO: 'FAVERO ILARIA VITTORIA' (1989, g:2)=> 'Imolanuoto Asd' b:AT17503279]: event: 800SL, cat. M25, rank: 2) 12'29"60 (entry: 12'00"00)
    - Resulting category_type_id=897 (MASTER 25),
    - gender_type_id=2, stroke_type_id=1 (800 SL),
    - data_import_session ID=16

CATEGORY HEADER: Current DAO: [CsiResultDAO: 'FAVERO ILARIA VITTORIA' (1989, g:2)=> 'Imolanuoto Asd' b:AT17503279]: event: 800SL, cat. M25, rank: 2) 12'29"60 (entry: 12'00"00)
    - Resulting category_type_id=897 (MASTER 25),
    - gender_type_id=2, stroke_type_id=1 (800 SL),
    - data_import_session ID=16
Seeking existing MeetingProgram with ["(meeting_event_id = ?) AND (category_type_id = ?) AND (gender_type_id = ?)", 3887, 897, 2]
MeetingProgram found! (ID: 73791)
Seeking existing TeamAffiliation with ["(season_id = ?) AND (name LIKE ?)", 151, "Imolanuoto Asd%"]
Seeking existing DataImportTeam with ["(data_import_session_id = ?) AND (name LIKE ?)", 16, "Imolanuoto Asd%"]
Seeking existing DataImportTeamAlias with {:name=>"Imolanuoto Asd"}
DataImportTeamAlias found! (ID: 423)
Seeking existing TeamAffiliation with {:team_id=>17, :season_id=>151}
TeamAffiliation found! (ID: 1591)
Seeking existing TeamAffiliation with {:team_id=>17, :season_id=>151}
TeamAffiliation found! (ID: 1591)
Seeking existing Swimmer with ["(year_of_birth = ?) AND (gender_type_id = ?) AND (complete_name LIKE ?)", "1989", 2, "FAVERO ILARIA VITTORIA%"]
Seeking existing DataImportSwimmer with ["(data_import_session_id = ?) AND (year_of_birth = ?) AND (gender_type_id = ?) AND (complete_name LIKE ?)", 16, "1989", 2, "FAVERO ILARIA VITTORIA%"]
Seeking existing DataImportSwimmerAlias with {:complete_name=>"FAVERO ILARIA VITTORIA"}
DataImportSwimmerAlias found! (ID: 273)
Seeking existing Badge with ["(season_id = ?) AND (number = ?)", 151, "AT17503279"]
Badge found! (ID: 32744)
Seeking existing MeetingEntry with ["(meeting_program_id = ?) AND (swimmer_id = ?) AND (team_id = ?)", 73791, 1135, 17]
MeetingEntry found! (ID: 6067)
Seeking existing TeamAffiliation with ["(season_id = ?) AND (name LIKE ?)", 151, "Imolanuoto Asd%"]
Seeking existing DataImportTeam with ["(data_import_session_id = ?) AND (name LIKE ?)", 16, "Imolanuoto Asd%"]
Seeking existing DataImportTeamAlias with {:name=>"Imolanuoto Asd"}
DataImportTeamAlias found! (ID: 423)
Seeking existing TeamAffiliation with {:team_id=>17, :season_id=>151}
TeamAffiliation found! (ID: 1591)
Seeking existing TeamAffiliation with {:team_id=>17, :season_id=>151}
TeamAffiliation found! (ID: 1591)
Seeking existing Swimmer with ["(year_of_birth = ?) AND (gender_type_id = ?) AND (complete_name LIKE ?)", "1989", 2, "FAVERO ILARIA VITTORIA%"]
Seeking existing DataImportSwimmer with ["(data_import_session_id = ?) AND (year_of_birth = ?) AND (gender_type_id = ?) AND (complete_name LIKE ?)", 16, "1989", 2, "FAVERO ILARIA VITTORIA%"]
Seeking existing DataImportSwimmerAlias with {:complete_name=>"FAVERO ILARIA VITTORIA"}
DataImportSwimmerAlias found! (ID: 273)
Seeking existing Badge with ["(season_id = ?) AND (number = ?)", 151, "AT17503279"]
Badge found! (ID: 32744)
Seeking existing MeetingIndividualResult with ["(meeting_program_id = ?) AND (swimmer_id = ?) AND (team_id = ?)", 73791, 1135, 17]
Seeking existing DataImportMeetingIndividualResult with ["(data_import_session_id = ?) AND (meeting_program_id = ?) AND (swimmer_id = ?) AND (team_id = ?)", 16, 73791, 1135, 17]

CATEGORY HEADER: Current DAO: [CsiResultDAO: 'PIRAZZOLI FEDERICA' (1984, g:2)=> 'Imolanuoto Asd' b:AT17503271]: event: 800SL, cat. M30, rank: 1) 13'32"80 (entry: 13'10"00)
    - Resulting category_type_id=898 (MASTER 30),
    - gender_type_id=2, stroke_type_id=1 (800 SL),
    - data_import_session ID=16

CATEGORY HEADER: Current DAO: [CsiResultDAO: 'PIRAZZOLI FEDERICA' (1984, g:2)=> 'Imolanuoto Asd' b:AT17503271]: event: 800SL, cat. M30, rank: 1) 13'32"80 (entry: 13'10"00)
    - Resulting category_type_id=898 (MASTER 30),
    - gender_type_id=2, stroke_type_id=1 (800 SL),
    - data_import_session ID=16
Seeking existing MeetingProgram with ["(meeting_event_id = ?) AND (category_type_id = ?) AND (gender_type_id = ?)", 3887, 898, 2]
MeetingProgram found! (ID: 73839)
Seeking existing TeamAffiliation with ["(season_id = ?) AND (name LIKE ?)", 151, "Imolanuoto Asd%"]
Seeking existing DataImportTeam with ["(data_import_session_id = ?) AND (name LIKE ?)", 16, "Imolanuoto Asd%"]
Seeking existing DataImportTeamAlias with {:name=>"Imolanuoto Asd"}
DataImportTeamAlias found! (ID: 423)
Seeking existing TeamAffiliation with {:team_id=>17, :season_id=>151}
TeamAffiliation found! (ID: 1591)
Seeking existing TeamAffiliation with {:team_id=>17, :season_id=>151}
TeamAffiliation found! (ID: 1591)
Seeking existing Swimmer with ["(year_of_birth = ?) AND (gender_type_id = ?) AND (complete_name LIKE ?)", "1984", 2, "PIRAZZOLI FEDERICA%"]
Swimmer found! (ID: 993)
Seeking existing Badge with ["(season_id = ?) AND (number = ?)", 151, "AT17503271"]
Badge found! (ID: 32757)
Seeking existing MeetingEntry with ["(meeting_program_id = ?) AND (swimmer_id = ?) AND (team_id = ?)", 73839, 993, 17]
MeetingEntry found! (ID: 6074)
Seeking existing TeamAffiliation with ["(season_id = ?) AND (name LIKE ?)", 151, "Imolanuoto Asd%"]
Seeking existing DataImportTeam with ["(data_import_session_id = ?) AND (name LIKE ?)", 16, "Imolanuoto Asd%"]
Seeking existing DataImportTeamAlias with {:name=>"Imolanuoto Asd"}
DataImportTeamAlias found! (ID: 423)
Seeking existing TeamAffiliation with {:team_id=>17, :season_id=>151}
TeamAffiliation found! (ID: 1591)
Seeking existing TeamAffiliation with {:team_id=>17, :season_id=>151}
TeamAffiliation found! (ID: 1591)
Seeking existing Swimmer with ["(year_of_birth = ?) AND (gender_type_id = ?) AND (complete_name LIKE ?)", "1984", 2, "PIRAZZOLI FEDERICA%"]
Swimmer found! (ID: 993)
Seeking existing Badge with ["(season_id = ?) AND (number = ?)", 151, "AT17503271"]
Badge found! (ID: 32757)
Seeking existing MeetingIndividualResult with ["(meeting_program_id = ?) AND (swimmer_id = ?) AND (team_id = ?)", 73839, 993, 17]
Seeking existing DataImportMeetingIndividualResult with ["(data_import_session_id = ?) AND (meeting_program_id = ?) AND (swimmer_id = ?) AND (team_id = ?)", 16, 73839, 993, 17]

CATEGORY HEADER: Current DAO: [CsiResultDAO: 'POGGI CLAUDIA' (1977, g:2)=> 'Imolanuoto Asd' b:AT17503601]: event: 800SL, cat. M35, rank: 1) 14'08"40 (entry: 14'03"00)
    - Resulting category_type_id=899 (MASTER 35),
    - gender_type_id=2, stroke_type_id=1 (800 SL),
    - data_import_session ID=16

CATEGORY HEADER: Current DAO: [CsiResultDAO: 'POGGI CLAUDIA' (1977, g:2)=> 'Imolanuoto Asd' b:AT17503601]: event: 800SL, cat. M35, rank: 1) 14'08"40 (entry: 14'03"00)
    - Resulting category_type_id=899 (MASTER 35),
    - gender_type_id=2, stroke_type_id=1 (800 SL),
    - data_import_session ID=16
Seeking existing MeetingProgram with ["(meeting_event_id = ?) AND (category_type_id = ?) AND (gender_type_id = ?)", 3887, 899, 2]
MeetingProgram found! (ID: 73840)
Seeking existing TeamAffiliation with ["(season_id = ?) AND (name LIKE ?)", 151, "Imolanuoto Asd%"]
Seeking existing DataImportTeam with ["(data_import_session_id = ?) AND (name LIKE ?)", 16, "Imolanuoto Asd%"]
Seeking existing DataImportTeamAlias with {:name=>"Imolanuoto Asd"}
DataImportTeamAlias found! (ID: 423)
Seeking existing TeamAffiliation with {:team_id=>17, :season_id=>151}
TeamAffiliation found! (ID: 1591)
Seeking existing TeamAffiliation with {:team_id=>17, :season_id=>151}
TeamAffiliation found! (ID: 1591)
Seeking existing Swimmer with ["(year_of_birth = ?) AND (gender_type_id = ?) AND (complete_name LIKE ?)", "1977", 2, "POGGI CLAUDIA%"]
Swimmer found! (ID: 602)
Seeking existing Badge with ["(season_id = ?) AND (number = ?)", 151, "AT17503601"]
Badge found! (ID: 32758)
Seeking existing MeetingEntry with ["(meeting_program_id = ?) AND (swimmer_id = ?) AND (team_id = ?)", 73840, 602, 17]
MeetingEntry found! (ID: 6075)
Seeking existing TeamAffiliation with ["(season_id = ?) AND (name LIKE ?)", 151, "Imolanuoto Asd%"]
Seeking existing DataImportTeam with ["(data_import_session_id = ?) AND (name LIKE ?)", 16, "Imolanuoto Asd%"]
Seeking existing DataImportTeamAlias with {:name=>"Imolanuoto Asd"}
DataImportTeamAlias found! (ID: 423)
Seeking existing TeamAffiliation with {:team_id=>17, :season_id=>151}
TeamAffiliation found! (ID: 1591)
Seeking existing TeamAffiliation with {:team_id=>17, :season_id=>151}
TeamAffiliation found! (ID: 1591)
Seeking existing Swimmer with ["(year_of_birth = ?) AND (gender_type_id = ?) AND (complete_name LIKE ?)", "1977", 2, "POGGI CLAUDIA%"]
Swimmer found! (ID: 602)
Seeking existing Badge with ["(season_id = ?) AND (number = ?)", 151, "AT17503601"]
Badge found! (ID: 32758)
Seeking existing MeetingIndividualResult with ["(meeting_program_id = ?) AND (swimmer_id = ?) AND (team_id = ?)", 73840, 602, 17]
Seeking existing DataImportMeetingIndividualResult with ["(data_import_session_id = ?) AND (meeting_program_id = ?) AND (swimmer_id = ?) AND (team_id = ?)", 16, 73840, 602, 17]

CATEGORY HEADER: Current DAO: [CsiResultDAO: 'QUARANTA AUGUSTA' (1998, g:2)=> 'Imolanuoto Asd' b:AT17503481]: event: 800SL, cat. SEN, rank: 1) 12'28"20 (entry: 12'19"00)
    - Resulting category_type_id=904 (SENIORES),
    - gender_type_id=2, stroke_type_id=1 (800 SL),
    - data_import_session ID=16

CATEGORY HEADER: Current DAO: [CsiResultDAO: 'QUARANTA AUGUSTA' (1998, g:2)=> 'Imolanuoto Asd' b:AT17503481]: event: 800SL, cat. SEN, rank: 1) 12'28"20 (entry: 12'19"00)
    - Resulting category_type_id=904 (SENIORES),
    - gender_type_id=2, stroke_type_id=1 (800 SL),
    - data_import_session ID=16
Seeking existing MeetingProgram with ["(meeting_event_id = ?) AND (category_type_id = ?) AND (gender_type_id = ?)", 3887, 904, 2]
MeetingProgram found! (ID: 73841)
Seeking existing TeamAffiliation with ["(season_id = ?) AND (name LIKE ?)", 151, "Imolanuoto Asd%"]
Seeking existing DataImportTeam with ["(data_import_session_id = ?) AND (name LIKE ?)", 16, "Imolanuoto Asd%"]
Seeking existing DataImportTeamAlias with {:name=>"Imolanuoto Asd"}
DataImportTeamAlias found! (ID: 423)
Seeking existing TeamAffiliation with {:team_id=>17, :season_id=>151}
TeamAffiliation found! (ID: 1591)
Seeking existing TeamAffiliation with {:team_id=>17, :season_id=>151}
TeamAffiliation found! (ID: 1591)
Seeking existing Swimmer with ["(year_of_birth = ?) AND (gender_type_id = ?) AND (complete_name LIKE ?)", "1998", 2, "QUARANTA AUGUSTA%"]
Swimmer found! (ID: 4810)
Seeking existing Badge with ["(season_id = ?) AND (number = ?)", 151, "AT17503481"]
Badge found! (ID: 38080)
Seeking existing MeetingEntry with ["(meeting_program_id = ?) AND (swimmer_id = ?) AND (team_id = ?)", 73841, 4810, 17]
MeetingEntry found! (ID: 6076)
Seeking existing TeamAffiliation with ["(season_id = ?) AND (name LIKE ?)", 151, "Imolanuoto Asd%"]
Seeking existing DataImportTeam with ["(data_import_session_id = ?) AND (name LIKE ?)", 16, "Imolanuoto Asd%"]
Seeking existing DataImportTeamAlias with {:name=>"Imolanuoto Asd"}
DataImportTeamAlias found! (ID: 423)
Seeking existing TeamAffiliation with {:team_id=>17, :season_id=>151}
TeamAffiliation found! (ID: 1591)
Seeking existing TeamAffiliation with {:team_id=>17, :season_id=>151}
TeamAffiliation found! (ID: 1591)
Seeking existing Swimmer with ["(year_of_birth = ?) AND (gender_type_id = ?) AND (complete_name LIKE ?)", "1998", 2, "QUARANTA AUGUSTA%"]
Swimmer found! (ID: 4810)
Seeking existing Badge with ["(season_id = ?) AND (number = ?)", 151, "AT17503481"]
Badge found! (ID: 38080)
Seeking existing MeetingIndividualResult with ["(meeting_program_id = ?) AND (swimmer_id = ?) AND (team_id = ?)", 73841, 4810, 17]
Seeking existing DataImportMeetingIndividualResult with ["(data_import_session_id = ?) AND (meeting_program_id = ?) AND (swimmer_id = ?) AND (team_id = ?)", 16, 73841, 4810, 17]

CATEGORY HEADER: Current DAO: [CsiResultDAO: 'TERENZI ALESSANDRA' (1995, g:2)=> 'Imolanuoto Asd' b:AT17503610]: event: 800SL, cat. M20, rank: 2) 12'06"70 (entry: 11'50"00)
    - Resulting category_type_id=896 (MASTER 20),
    - gender_type_id=2, stroke_type_id=1 (800 SL),
    - data_import_session ID=16

CATEGORY HEADER: Current DAO: [CsiResultDAO: 'TERENZI ALESSANDRA' (1995, g:2)=> 'Imolanuoto Asd' b:AT17503610]: event: 800SL, cat. M20, rank: 2) 12'06"70 (entry: 11'50"00)
    - Resulting category_type_id=896 (MASTER 20),
    - gender_type_id=2, stroke_type_id=1 (800 SL),
    - data_import_session ID=16
Seeking existing MeetingProgram with ["(meeting_event_id = ?) AND (category_type_id = ?) AND (gender_type_id = ?)", 3887, 896, 2]
MeetingProgram found! (ID: 73801)
Seeking existing TeamAffiliation with ["(season_id = ?) AND (name LIKE ?)", 151, "Imolanuoto Asd%"]
Seeking existing DataImportTeam with ["(data_import_session_id = ?) AND (name LIKE ?)", 16, "Imolanuoto Asd%"]
Seeking existing DataImportTeamAlias with {:name=>"Imolanuoto Asd"}
DataImportTeamAlias found! (ID: 423)
Seeking existing TeamAffiliation with {:team_id=>17, :season_id=>151}
TeamAffiliation found! (ID: 1591)
Seeking existing TeamAffiliation with {:team_id=>17, :season_id=>151}
TeamAffiliation found! (ID: 1591)
Seeking existing Swimmer with ["(year_of_birth = ?) AND (gender_type_id = ?) AND (complete_name LIKE ?)", "1995", 2, "TERENZI ALESSANDRA%"]
Swimmer found! (ID: 21035)
Seeking existing Badge with ["(season_id = ?) AND (number = ?)", 151, "AT17503610"]
Badge found! (ID: 32761)
Seeking existing MeetingEntry with ["(meeting_program_id = ?) AND (swimmer_id = ?) AND (team_id = ?)", 73801, 21035, 17]
MeetingEntry found! (ID: 6079)
Seeking existing TeamAffiliation with ["(season_id = ?) AND (name LIKE ?)", 151, "Imolanuoto Asd%"]
Seeking existing DataImportTeam with ["(data_import_session_id = ?) AND (name LIKE ?)", 16, "Imolanuoto Asd%"]
Seeking existing DataImportTeamAlias with {:name=>"Imolanuoto Asd"}
DataImportTeamAlias found! (ID: 423)
Seeking existing TeamAffiliation with {:team_id=>17, :season_id=>151}
TeamAffiliation found! (ID: 1591)
Seeking existing TeamAffiliation with {:team_id=>17, :season_id=>151}
TeamAffiliation found! (ID: 1591)
Seeking existing Swimmer with ["(year_of_birth = ?) AND (gender_type_id = ?) AND (complete_name LIKE ?)", "1995", 2, "TERENZI ALESSANDRA%"]
Swimmer found! (ID: 21035)
Seeking existing Badge with ["(season_id = ?) AND (number = ?)", 151, "AT17503610"]
Badge found! (ID: 32761)
Seeking existing MeetingIndividualResult with ["(meeting_program_id = ?) AND (swimmer_id = ?) AND (team_id = ?)", 73801, 21035, 17]
Seeking existing DataImportMeetingIndividualResult with ["(data_import_session_id = ?) AND (meeting_program_id = ?) AND (swimmer_id = ?) AND (team_id = ?)", 16, 73801, 21035, 17]

CATEGORY HEADER: Current DAO: [CsiResultDAO: 'VIANI MIRKA' (1976, g:2)=> 'Podium Nuoto' b:]: event: 800SL, cat. M40, rank: 1) 14'28"10 (entry: 15'10"00)
    - Resulting category_type_id=900 (MASTER 40),
    - gender_type_id=2, stroke_type_id=1 (800 SL),
    - data_import_session ID=16

CATEGORY HEADER: Current DAO: [CsiResultDAO: 'VIANI MIRKA' (1976, g:2)=> 'Podium Nuoto' b:]: event: 800SL, cat. M40, rank: 1) 14'28"10 (entry: 15'10"00)
    - Resulting category_type_id=900 (MASTER 40),
    - gender_type_id=2, stroke_type_id=1 (800 SL),
    - data_import_session ID=16
Seeking existing MeetingProgram with ["(meeting_event_id = ?) AND (category_type_id = ?) AND (gender_type_id = ?)", 3887, 900, 2]
MeetingProgram found! (ID: 73809)
Seeking existing TeamAffiliation with ["(season_id = ?) AND (name LIKE ?)", 151, "Podium Nuoto%"]
Seeking existing DataImportTeam with ["(data_import_session_id = ?) AND (name LIKE ?)", 16, "Podium Nuoto%"]
Seeking existing DataImportTeamAlias with {:name=>"Podium Nuoto"}
DataImportTeamAlias found! (ID: 424)
Seeking existing TeamAffiliation with {:team_id=>18, :season_id=>151}
TeamAffiliation found! (ID: 1592)
Seeking existing TeamAffiliation with {:team_id=>18, :season_id=>151}
TeamAffiliation found! (ID: 1592)
Seeking existing Swimmer with ["(year_of_birth = ?) AND (gender_type_id = ?) AND (complete_name LIKE ?)", "1976", 2, "VIANI MIRKA%"]
Swimmer found! (ID: 21040)
Seeking existing Badge with ["(season_id = ?) AND (swimmer_id = ?) AND (team_id = ?)", 151, 21040, 18]
Badge found! (ID: 32632)
Seeking existing MeetingEntry with ["(meeting_program_id = ?) AND (swimmer_id = ?) AND (team_id = ?)", 73809, 21040, 18]
Seeking existing DataImportMeetingEntry with ["(data_import_session_id = ?) AND (meeting_program_id = ?) AND (swimmer_id = ?) AND (team_id = ?)", 16, 73809, 21040, 18]
Seeking existing TeamAffiliation with ["(season_id = ?) AND (name LIKE ?)", 151, "Podium Nuoto%"]
Seeking existing DataImportTeam with ["(data_import_session_id = ?) AND (name LIKE ?)", 16, "Podium Nuoto%"]
Seeking existing DataImportTeamAlias with {:name=>"Podium Nuoto"}
DataImportTeamAlias found! (ID: 424)
Seeking existing TeamAffiliation with {:team_id=>18, :season_id=>151}
TeamAffiliation found! (ID: 1592)
Seeking existing TeamAffiliation with {:team_id=>18, :season_id=>151}
TeamAffiliation found! (ID: 1592)
Seeking existing Swimmer with ["(year_of_birth = ?) AND (gender_type_id = ?) AND (complete_name LIKE ?)", "1976", 2, "VIANI MIRKA%"]
Swimmer found! (ID: 21040)
Seeking existing Badge with ["(season_id = ?) AND (swimmer_id = ?) AND (team_id = ?)", 151, 21040, 18]
Badge found! (ID: 32632)
Seeking existing MeetingIndividualResult with ["(meeting_program_id = ?) AND (swimmer_id = ?) AND (team_id = ?)", 73809, 21040, 18]
Seeking existing DataImportMeetingIndividualResult with ["(data_import_session_id = ?) AND (meeting_program_id = ?) AND (swimmer_id = ?) AND (team_id = ?)", 16, 73809, 21040, 18]
-- phase_1_parse(public/uploads/inv20160605csiprova6.csv): file processed and 'digested'(serialized) on support tables.
-- phase_1_parse(public/uploads/inv20160605csiprova6.csv): file processed and 'digested'(serialized) on support tables.
Consuming it...
Consuming it...

File 'inv20160605csiprova6.csv', created session ID: 16
Actual stored rows ...: 16
Meeting ID:...........: 15106
Season ID:............: 151
File processed.
Data-import PHASE #1.2 DONE.

File 'inv20160605csiprova6.csv', created session ID: 16
Actual stored rows ...: 16
Meeting ID:...........: 15106
Season ID:............: 151
File processed.
Data-import PHASE #1.2 DONE.

PHASE #1.2 END, returning (current session).

PHASE #1.2 END, returning (current session).
