

--------------------[Phase #3 - COMMIT]--------------------

-- phase_3_commit: session ID:17, season ID: 151...

Importing data @ 05-06-2016 12:23.
Committing data_import_session ID:17, season ID: 151...
Committed MeetingProgram, id: 74015.
Committed Swimmer, id: 27345.
Committed Swimmer, id: 27346.
Committed Badge, id: 55484.
Committed Badge, id: 55485.
Committed MeetingEntry, id: 6110.
Committed MeetingEntry, id: 6111.
Committed MeetingEntry, id: 6112.
Committed MeetingEntry, id: 6113.
Committed MeetingEntry, id: 6114.
Committed MeetingEntry, id: 6115.
Committed MeetingEntry, id: 6116.
Committed MeetingEntry, id: 6117.
Committed MeetingEntry, id: 6118.
Committed MeetingEntry, id: 6119.
Committed MeetingIndividualResult, id: 436759.
Committed MeetingIndividualResult, id: 436760.
Committed MeetingIndividualResult, id: 436761.
Committed MeetingIndividualResult, id: 436762.
Committed MeetingIndividualResult, id: 436763.
Committed MeetingIndividualResult, id: 436764.
Committed MeetingIndividualResult, id: 436765.
Committed MeetingIndividualResult, id: 436766.
Committed MeetingIndividualResult, id: 436767.
Committed MeetingIndividualResult, id: 436768.
Committed MeetingIndividualResult, id: 436769.
Committed MeetingIndividualResult, id: 436770.
Committed MeetingIndividualResult, id: 436771.
Committed MeetingIndividualResult, id: 436772.
Committed MeetingIndividualResult, id: 436773.
Committed MeetingIndividualResult, id: 436774.
Committed MeetingIndividualResult, id: 436775.
Committed MeetingIndividualResult, id: 436776.

Begin time re-computed for all meeting programs and updated directly on committed entities.

data-import PHASES #2 & #3 DONE.

Total committed rows: 33
Data-import session destroyed successfully.
===========================================================

