

--------------------[Phase #3 - COMMIT]--------------------

-- phase_3_commit: session ID:16, season ID: 151...

Importing data @ 05-06-2016 11:37.
Committing data_import_session ID:16, season ID: 151...
Committed MeetingEntry, id: 6109.
Committed MeetingIndividualResult, id: 436743.
Committed MeetingIndividualResult, id: 436744.
Committed MeetingIndividualResult, id: 436745.
Committed MeetingIndividualResult, id: 436746.
Committed MeetingIndividualResult, id: 436747.
Committed MeetingIndividualResult, id: 436748.
Committed MeetingIndividualResult, id: 436749.
Committed MeetingIndividualResult, id: 436750.
Committed MeetingIndividualResult, id: 436751.
Committed MeetingIndividualResult, id: 436752.
Committed MeetingIndividualResult, id: 436753.
Committed MeetingIndividualResult, id: 436754.
Committed MeetingIndividualResult, id: 436755.
Committed MeetingIndividualResult, id: 436756.
Committed MeetingIndividualResult, id: 436757.
Committed MeetingIndividualResult, id: 436758.

Begin time re-computed for all meeting programs and updated directly on committed entities.

data-import PHASES #2 & #3 DONE.

Total committed rows: 17
Data-import session destroyed successfully.
===========================================================

