===  meetings (m) IDs:  ===
================================================================================
13201,13215,13230,13222,13223,13228,13221,13224,13226,13229,13225
================================================================================

> RAILS_ENV=production bundle exec rake db:check_dup_events meeting_ids=13201,13215,13230,13222,13223,13228,13221,13224,13226,13229,13225

------------------------------[  OUTPUT  ]--------------------------------------


*** db:check_dup_events ***
Requiring Rails environment to allow usage of any Model...
DB host: localhost
DB name: goggles
DB user: root

---------------- 8< -------------------
Meeeting: ID 13201, code: bologna, header date: 2013-11-10, 'TROFEO DEAKKER ASI'
Processing...
-> Tot. events 10, IDs: [940, 941, 942, 2094, 2156, 2157, 2158, 943, 944, 945]
   pre-existing, non-autofilled ME: [940, 941, 942, 2094, 943, 944, 945]
   autofilled with data-import  ME: [2156, 2157, 2158]
   Searching for possible duplicated MEs as candidates for removal...

Checking duplication for ME 940, event type 11, heat: 3
-> Duplication: 0, ME IDs: []
   No existing duplicates found for this ME. MPRGs are not duplicated. Nothing else to fix here. :-)

Checking duplication for ME 941, event type 3, heat: 3
-> Duplication: 0, ME IDs: []
   No existing duplicates found for this ME. MPRGs are not duplicated. Nothing else to fix here. :-)

Checking duplication for ME 942, event type 19, heat: 3
-> Duplication: 0, ME IDs: []
   No existing duplicates found for this ME. MPRGs are not duplicated. Nothing else to fix here. :-)

Checking duplication for ME 2094, event type 33, heat: 3
-> Duplication: 0, ME IDs: []
   No existing duplicates found for this ME. MPRGs are not duplicated. Nothing else to fix here. :-)

Checking duplication for ME 943, event type 15, heat: 3
-> Duplication: 1, ME IDs: [2157]
   ME 2157 (MS 317)  <==[ OVERWRITE with: ]  943 (MS 318)
   pre-existing MPRG (@ MS 318): []
   to-be-fixed  MPRG (@ MS 317): [6508, 6509, 6510, 6511, 6512, 6513, 6514, 6515, 6516, 6517, 6518, 6519, 6520, 6521, 6522, 6523, 6524, 6525, 6526, 6527]
   Updating all MPRGs @ duplicated ME 2157  <==|  with pre-existing ME 943...
   - updating MPRG 6508
   - updating MPRG 6509
   - updating MPRG 6510
   - updating MPRG 6511
   - updating MPRG 6512
   - updating MPRG 6513
   - updating MPRG 6514
   - updating MPRG 6515
   - updating MPRG 6516
   - updating MPRG 6517
   - updating MPRG 6518
   - updating MPRG 6519
   - updating MPRG 6520
   - updating MPRG 6521
   - updating MPRG 6522
   - updating MPRG 6523
   - updating MPRG 6524
   - updating MPRG 6525
   - updating MPRG 6526
   - updating MPRG 6527
-> Destroying duplicated ME 2157

Checking duplication for ME 944, event type 2, heat: 3
-> Duplication: 1, ME IDs: [2158]
   ME 2158 (MS 317)  <==[ OVERWRITE with: ]  944 (MS 318)
   pre-existing MPRG (@ MS 318): []
   to-be-fixed  MPRG (@ MS 317): [6565, 6566, 6567, 6568, 6569, 6570, 6571, 6572, 6573, 6574, 6575, 6576, 6577, 6578, 6579, 6580, 6581, 6582, 6583, 6584, 6585, 6586]
   Updating all MPRGs @ duplicated ME 2158  <==|  with pre-existing ME 944...
   - updating MPRG 6565
   - updating MPRG 6566
   - updating MPRG 6567
   - updating MPRG 6568
   - updating MPRG 6569
   - updating MPRG 6570
   - updating MPRG 6571
   - updating MPRG 6572
   - updating MPRG 6573
   - updating MPRG 6574
   - updating MPRG 6575
   - updating MPRG 6576
   - updating MPRG 6577
   - updating MPRG 6578
   - updating MPRG 6579
   - updating MPRG 6580
   - updating MPRG 6581
   - updating MPRG 6582
   - updating MPRG 6583
   - updating MPRG 6584
   - updating MPRG 6585
   - updating MPRG 6586
-> Destroying duplicated ME 2158

Checking duplication for ME 945, event type 22, heat: 3
-> Duplication: 1, ME IDs: [2156]
   ME 2156 (MS 317)  <==[ OVERWRITE with: ]  945 (MS 318)
   pre-existing MPRG (@ MS 318): []
   to-be-fixed  MPRG (@ MS 317): [6472, 6473, 6474, 6475, 6476, 6477, 6478, 6479, 6480, 6481, 6482, 6483, 6484, 6485, 6486, 6487]
   Updating all MPRGs @ duplicated ME 2156  <==|  with pre-existing ME 945...
   - updating MPRG 6472
   - updating MPRG 6473
   - updating MPRG 6474
   - updating MPRG 6475
   - updating MPRG 6476
   - updating MPRG 6477
   - updating MPRG 6478
   - updating MPRG 6479
   - updating MPRG 6480
   - updating MPRG 6481
   - updating MPRG 6482
   - updating MPRG 6483
   - updating MPRG 6484
   - updating MPRG 6485
   - updating MPRG 6486
   - updating MPRG 6487
-> Destroying duplicated ME 2156

---------------- 8< -------------------
Meeeting: ID 13215, code: verolanuova, header date: 2013-10-26, 'TROFEO CITTA' DI VEROLANUOVA'
Processing...
-> Tot. events 14, IDs: [1062, 1063, 2109, 2110, 2111, 2112, 2113, 2114, 1064, 1065, 1066, 1067, 1068, 1069]
   pre-existing, non-autofilled ME: [1062, 1063, 1064, 1065, 1066, 1067, 1068, 1069]
   autofilled with data-import  ME: [2109, 2110, 2111, 2112, 2113, 2114]
   Searching for possible duplicated MEs as candidates for removal...

Checking duplication for ME 1062, event type 5, heat: 3
-> Duplication: 0, ME IDs: []
   No existing duplicates found for this ME. MPRGs are not duplicated. Nothing else to fix here. :-)

Checking duplication for ME 1063, event type 22, heat: 3
-> Duplication: 0, ME IDs: []
   No existing duplicates found for this ME. MPRGs are not duplicated. Nothing else to fix here. :-)

Checking duplication for ME 1064, event type 3, heat: 3
-> Duplication: 1, ME IDs: [2109]
   ME 2109 (MS 359)  <==[ OVERWRITE with: ]  1064 (MS 360)
   pre-existing MPRG (@ MS 360): []
   to-be-fixed  MPRG (@ MS 359): [5767, 5768, 5769, 5770, 5771, 5772, 5773, 5774, 5775, 5776, 5777, 5778, 5779, 5780, 5781, 5782, 5783, 5784, 5785, 5786]
   Updating all MPRGs @ duplicated ME 2109  <==|  with pre-existing ME 1064...
   - updating MPRG 5767
   - updating MPRG 5768
   - updating MPRG 5769
   - updating MPRG 5770
   - updating MPRG 5771
   - updating MPRG 5772
   - updating MPRG 5773
   - updating MPRG 5774
   - updating MPRG 5775
   - updating MPRG 5776
   - updating MPRG 5777
   - updating MPRG 5778
   - updating MPRG 5779
   - updating MPRG 5780
   - updating MPRG 5781
   - updating MPRG 5782
   - updating MPRG 5783
   - updating MPRG 5784
   - updating MPRG 5785
   - updating MPRG 5786
-> Destroying duplicated ME 2109

Checking duplication for ME 1065, event type 19, heat: 3
-> Duplication: 1, ME IDs: [2113]
   ME 2113 (MS 359)  <==[ OVERWRITE with: ]  1065 (MS 360)
   pre-existing MPRG (@ MS 360): [5205, 5206, 5207]
   to-be-fixed  MPRG (@ MS 359): [5865, 5866, 5867, 5868, 5869, 5870, 5871, 5872, 5873, 5874, 5875, 5876, 5877, 5878, 5879, 5880, 5881, 5882, 5883, 5884, 5885, 5886]
   Updating all MPRGs @ duplicated ME 2113  <==|  with pre-existing ME 1065...
   - updating MPRG 5865
   - updating MPRG 5866
   - updating MPRG 5867
   - updating MPRG 5868
   - updating MPRG 5869
   - updating MPRG 5870
   - updating MPRG 5871
   - updating MPRG 5872
   - updating MPRG 5873
   - updating MPRG 5874
   - updating MPRG 5875
   - updating MPRG 5876
   - updating MPRG 5877
   - updating MPRG 5878
   - updating MPRG 5879
   - updating MPRG 5880
   - updating MPRG 5881
   - updating MPRG 5882
   - updating MPRG 5883
   - updating MPRG 5884
   - updating MPRG 5885
   - updating MPRG 5886
   -- Check for DELETION required: pre-existing MPRG found. --

        Checking duplication for MPRG 5205, category_type 694, gender_type: 1
        -> Duplication: 1, MPRG IDs: [5875]
           MPRG 5875 (cat.694, gender:1)  <==[ OVERWRITE with: ]  5205  (cat.694, gender:1)
           pre-existing MIRs (@ MPRG 5205): [103687]
           to-be-fixed  MIRs (@ MPRG 5875): [105043, 105044, 105045, 105046, 105047, 105048, 105049, 105050, 105051, 105052, 105053, 105054, 105055, 105056]
           Updating all MIRs @ duplicated MPRG 5875  <==|  with pre-existing MPRG 5205...
           - updating MIR 105043
           - updating MIR 105044
           - updating MIR 105045
           - updating MIR 105046
           - updating MIR 105047
           - updating MIR 105048
           - updating MIR 105049
           - updating MIR 105050
           - updating MIR 105051
           - updating MIR 105052
           - updating MIR 105053
           - updating MIR 105054
           - updating MIR 105055
           - updating MIR 105056
           -- Check for DELETION required: pre-existing MIRs found. --
                Checking duplication for MIR 103687, PRG 5205, swimmer: 785, team: 1, timing: 42"10
                -> Duplication: 1, MIR IDs: [105055]
                   -> Destroying duplicated MIR 105055, PRG 5205, swimmer: 785, team: 1, timing: 42"10
           pre-existing MRRs (@ MPRG 5205): []
           pre-existing MENTs (@ MPRG 5205): []
           pre-existing PASs (@ MPRG 5205): [955, 956]
           -- Check for DELETION required: pre-existing PASs found. --
                Checking duplication for PAS 955, PRG 5205, swimmer: 785, team: 1, timing: 19"52
                -> Duplication: 0, PAS IDs: []
                   No existing duplicates found for this PAS. Good. :-)
                Checking duplication for PAS 956, PRG 5205, swimmer: 785, team: 1, timing: 21"58
                -> Duplication: 0, PAS IDs: []
                   No existing duplicates found for this PAS. Good. :-)
           pre-existing DI_MIRs (@ MPRG 5205): []
           pre-existing DI_MRRs (@ MPRG 5205): []
        -> Destroying duplicated MPRG 5875

        Checking duplication for MPRG 5206, category_type 695, gender_type: 2
        -> Duplication: 1, MPRG IDs: [5866]
           MPRG 5866 (cat.695, gender:2)  <==[ OVERWRITE with: ]  5206  (cat.695, gender:2)
           pre-existing MIRs (@ MPRG 5206): [103688]
           to-be-fixed  MIRs (@ MPRG 5866): [104996, 104997, 104998, 104999]
           Updating all MIRs @ duplicated MPRG 5866  <==|  with pre-existing MPRG 5206...
           - updating MIR 104996
           - updating MIR 104997
           - updating MIR 104998
           - updating MIR 104999
           -- Check for DELETION required: pre-existing MIRs found. --
                Checking duplication for MIR 103688, PRG 5206, swimmer: 1788, team: 1, timing: 44"10
                -> Duplication: 1, MIR IDs: [104999]
                   -> Destroying duplicated MIR 104999, PRG 5206, swimmer: 1788, team: 1, timing: 44"10
           pre-existing MRRs (@ MPRG 5206): []
           pre-existing MENTs (@ MPRG 5206): []
           pre-existing PASs (@ MPRG 5206): [951, 952]
           -- Check for DELETION required: pre-existing PASs found. --
                Checking duplication for PAS 951, PRG 5206, swimmer: 1788, team: 1, timing: 20"10
                -> Duplication: 0, PAS IDs: []
                   No existing duplicates found for this PAS. Good. :-)
                Checking duplication for PAS 952, PRG 5206, swimmer: 1788, team: 1, timing: 24"00
                -> Duplication: 0, PAS IDs: []
                   No existing duplicates found for this PAS. Good. :-)
           pre-existing DI_MIRs (@ MPRG 5206): []
           pre-existing DI_MRRs (@ MPRG 5206): []
        -> Destroying duplicated MPRG 5866

        Checking duplication for MPRG 5207, category_type 698, gender_type: 2
        -> Duplication: 1, MPRG IDs: [5869]
           MPRG 5869 (cat.698, gender:2)  <==[ OVERWRITE with: ]  5207  (cat.698, gender:2)
           pre-existing MIRs (@ MPRG 5207): [103689]
           to-be-fixed  MIRs (@ MPRG 5869): [105018, 105019, 105020, 105021, 105022, 105023, 105024, 105025, 105026]
           Updating all MIRs @ duplicated MPRG 5869  <==|  with pre-existing MPRG 5207...
           - updating MIR 105018
           - updating MIR 105019
           - updating MIR 105020
           - updating MIR 105021
           - updating MIR 105022
           - updating MIR 105023
           - updating MIR 105024
           - updating MIR 105025
           - updating MIR 105026
           -- Check for DELETION required: pre-existing MIRs found. --
                Checking duplication for MIR 103689, PRG 5207, swimmer: 192, team: 1, timing: 44"52
                -> Duplication: 1, MIR IDs: [105019]
                   -> Destroying duplicated MIR 105019, PRG 5207, swimmer: 192, team: 1, timing: 44"52
           pre-existing MRRs (@ MPRG 5207): []
           pre-existing MENTs (@ MPRG 5207): []
           pre-existing PASs (@ MPRG 5207): [953, 954]
           -- Check for DELETION required: pre-existing PASs found. --
                Checking duplication for PAS 953, PRG 5207, swimmer: 192, team: 1, timing: 20"25
                -> Duplication: 0, PAS IDs: []
                   No existing duplicates found for this PAS. Good. :-)
                Checking duplication for PAS 954, PRG 5207, swimmer: 192, team: 1, timing: 24"27
                -> Duplication: 0, PAS IDs: []
                   No existing duplicates found for this PAS. Good. :-)
           pre-existing DI_MIRs (@ MPRG 5207): []
           pre-existing DI_MRRs (@ MPRG 5207): []
        -> Destroying duplicated MPRG 5869
-> Destroying duplicated ME 2113

Checking duplication for ME 1066, event type 11, heat: 3
-> Duplication: 1, ME IDs: [2112]
   ME 2112 (MS 359)  <==[ OVERWRITE with: ]  1066 (MS 360)
   pre-existing MPRG (@ MS 360): [5208, 5209]
   to-be-fixed  MPRG (@ MS 359): [5848, 5849, 5850, 5851, 5852, 5853, 5854, 5855, 5856, 5857, 5858, 5859, 5860, 5861, 5862, 5863, 5864]
   Updating all MPRGs @ duplicated ME 2112  <==|  with pre-existing ME 1066...
   - updating MPRG 5848
   - updating MPRG 5849
   - updating MPRG 5850
   - updating MPRG 5851
   - updating MPRG 5852
   - updating MPRG 5853
   - updating MPRG 5854
   - updating MPRG 5855
   - updating MPRG 5856
   - updating MPRG 5857
   - updating MPRG 5858
   - updating MPRG 5859
   - updating MPRG 5860
   - updating MPRG 5861
   - updating MPRG 5862
   - updating MPRG 5863
   - updating MPRG 5864
   -- Check for DELETION required: pre-existing MPRG found. --

        Checking duplication for MPRG 5208, category_type 695, gender_type: 2
        -> Duplication: 1, MPRG IDs: [5849]
           MPRG 5849 (cat.695, gender:2)  <==[ OVERWRITE with: ]  5208  (cat.695, gender:2)
           pre-existing MIRs (@ MPRG 5208): [103690]
           to-be-fixed  MIRs (@ MPRG 5849): [104875, 104876, 104877, 104878]
           Updating all MIRs @ duplicated MPRG 5849  <==|  with pre-existing MPRG 5208...
           - updating MIR 104875
           - updating MIR 104876
           - updating MIR 104877
           - updating MIR 104878
           -- Check for DELETION required: pre-existing MIRs found. --
                Checking duplication for MIR 103690, PRG 5208, swimmer: 1788, team: 1, timing: 37"70
                -> Duplication: 1, MIR IDs: [104876]
                   -> Destroying duplicated MIR 104876, PRG 5208, swimmer: 1788, team: 1, timing: 37"70
           pre-existing MRRs (@ MPRG 5208): []
           pre-existing MENTs (@ MPRG 5208): []
           pre-existing PASs (@ MPRG 5208): [957, 958]
           -- Check for DELETION required: pre-existing PASs found. --
                Checking duplication for PAS 957, PRG 5208, swimmer: 1788, team: 1, timing: 16"92
                -> Duplication: 0, PAS IDs: []
                   No existing duplicates found for this PAS. Good. :-)
                Checking duplication for PAS 958, PRG 5208, swimmer: 1788, team: 1, timing: 20"78
                -> Duplication: 0, PAS IDs: []
                   No existing duplicates found for this PAS. Good. :-)
           pre-existing DI_MIRs (@ MPRG 5208): []
           pre-existing DI_MRRs (@ MPRG 5208): []
        -> Destroying duplicated MPRG 5849

        Checking duplication for MPRG 5209, category_type 697, gender_type: 1
        -> Duplication: 1, MPRG IDs: [5858]
           MPRG 5858 (cat.697, gender:1)  <==[ OVERWRITE with: ]  5209  (cat.697, gender:1)
           pre-existing MIRs (@ MPRG 5209): [103691]
           to-be-fixed  MIRs (@ MPRG 5858): [104942, 104943, 104944, 104945, 104946, 104947, 104948, 104949, 104950, 104951, 104952, 104953]
           Updating all MIRs @ duplicated MPRG 5858  <==|  with pre-existing MPRG 5209...
           - updating MIR 104942
           - updating MIR 104943
           - updating MIR 104944
           - updating MIR 104945
           - updating MIR 104946
           - updating MIR 104947
           - updating MIR 104948
           - updating MIR 104949
           - updating MIR 104950
           - updating MIR 104951
           - updating MIR 104952
           - updating MIR 104953
           -- Check for DELETION required: pre-existing MIRs found. --
                Checking duplication for MIR 103691, PRG 5209, swimmer: 23, team: 1, timing: 32"42
                -> Duplication: 1, MIR IDs: [104947]
                   -> Destroying duplicated MIR 104947, PRG 5209, swimmer: 23, team: 1, timing: 32"42
           pre-existing MRRs (@ MPRG 5209): []
           pre-existing MENTs (@ MPRG 5209): []
           pre-existing PASs (@ MPRG 5209): [959, 960]
           -- Check for DELETION required: pre-existing PASs found. --
                Checking duplication for PAS 959, PRG 5209, swimmer: 23, team: 1, timing: 14"93
                -> Duplication: 0, PAS IDs: []
                   No existing duplicates found for this PAS. Good. :-)
                Checking duplication for PAS 960, PRG 5209, swimmer: 23, team: 1, timing: 17"49
                -> Duplication: 0, PAS IDs: []
                   No existing duplicates found for this PAS. Good. :-)
           pre-existing DI_MIRs (@ MPRG 5209): []
           pre-existing DI_MRRs (@ MPRG 5209): []
        -> Destroying duplicated MPRG 5858
-> Destroying duplicated ME 2112

Checking duplication for ME 1067, event type 23, heat: 3
-> Duplication: 1, ME IDs: [2110]
   ME 2110 (MS 359)  <==[ OVERWRITE with: ]  1067 (MS 360)
   pre-existing MPRG (@ MS 360): [5210]
   to-be-fixed  MPRG (@ MS 359): [5787, 5788, 5789, 5790, 5791, 5792, 5793, 5794, 5795, 5796, 5797, 5798, 5799, 5800, 5801, 5802]
   Updating all MPRGs @ duplicated ME 2110  <==|  with pre-existing ME 1067...
   - updating MPRG 5787
   - updating MPRG 5788
   - updating MPRG 5789
   - updating MPRG 5790
   - updating MPRG 5791
   - updating MPRG 5792
   - updating MPRG 5793
   - updating MPRG 5794
   - updating MPRG 5795
   - updating MPRG 5796
   - updating MPRG 5797
   - updating MPRG 5798
   - updating MPRG 5799
   - updating MPRG 5800
   - updating MPRG 5801
   - updating MPRG 5802
   -- Check for DELETION required: pre-existing MPRG found. --

        Checking duplication for MPRG 5210, category_type 697, gender_type: 1
        -> Duplication: 1, MPRG IDs: [5796]
           MPRG 5796 (cat.697, gender:1)  <==[ OVERWRITE with: ]  5210  (cat.697, gender:1)
           pre-existing MIRs (@ MPRG 5210): [103692]
           to-be-fixed  MIRs (@ MPRG 5796): [104549, 104550, 104551, 104552, 104553]
           Updating all MIRs @ duplicated MPRG 5796  <==|  with pre-existing MPRG 5210...
           - updating MIR 104549
           - updating MIR 104550
           - updating MIR 104551
           - updating MIR 104552
           - updating MIR 104553
           -- Check for DELETION required: pre-existing MIRs found. --
                Checking duplication for MIR 103692, PRG 5210, swimmer: 23, team: 1, timing: 2'45"62
                -> Duplication: 1, MIR IDs: [104550]
                   -> Destroying duplicated MIR 104550, PRG 5210, swimmer: 23, team: 1, timing: 2'45"62
           pre-existing MRRs (@ MPRG 5210): []
           pre-existing MENTs (@ MPRG 5210): []
           pre-existing PASs (@ MPRG 5210): [947, 948, 949, 950]
           -- Check for DELETION required: pre-existing PASs found. --
                Checking duplication for PAS 947, PRG 5210, swimmer: 23, team: 1, timing: 35"30
                -> Duplication: 0, PAS IDs: []
                   No existing duplicates found for this PAS. Good. :-)
                Checking duplication for PAS 948, PRG 5210, swimmer: 23, team: 1, timing: 48"02
                -> Duplication: 0, PAS IDs: []
                   No existing duplicates found for this PAS. Good. :-)
                Checking duplication for PAS 949, PRG 5210, swimmer: 23, team: 1, timing: 44"98
                -> Duplication: 0, PAS IDs: []
                   No existing duplicates found for this PAS. Good. :-)
                Checking duplication for PAS 950, PRG 5210, swimmer: 23, team: 1, timing: 37"32
                -> Duplication: 0, PAS IDs: []
                   No existing duplicates found for this PAS. Good. :-)
           pre-existing DI_MIRs (@ MPRG 5210): []
           pre-existing DI_MRRs (@ MPRG 5210): []
        -> Destroying duplicated MPRG 5796
-> Destroying duplicated ME 2110

Checking duplication for ME 1068, event type 15, heat: 3
-> Duplication: 1, ME IDs: [2111]
   ME 2111 (MS 359)  <==[ OVERWRITE with: ]  1068 (MS 360)
   pre-existing MPRG (@ MS 360): []
   to-be-fixed  MPRG (@ MS 359): [5826, 5827, 5828, 5829, 5830, 5831, 5832, 5833, 5834, 5835, 5836, 5837, 5838, 5839, 5840, 5841, 5842, 5843, 5844, 5845, 5846, 5847]
   Updating all MPRGs @ duplicated ME 2111  <==|  with pre-existing ME 1068...
   - updating MPRG 5826
   - updating MPRG 5827
   - updating MPRG 5828
   - updating MPRG 5829
   - updating MPRG 5830
   - updating MPRG 5831
   - updating MPRG 5832
   - updating MPRG 5833
   - updating MPRG 5834
   - updating MPRG 5835
   - updating MPRG 5836
   - updating MPRG 5837
   - updating MPRG 5838
   - updating MPRG 5839
   - updating MPRG 5840
   - updating MPRG 5841
   - updating MPRG 5842
   - updating MPRG 5843
   - updating MPRG 5844
   - updating MPRG 5845
   - updating MPRG 5846
   - updating MPRG 5847
-> Destroying duplicated ME 2111

Checking duplication for ME 1069, event type 2, heat: 3
-> Duplication: 1, ME IDs: [2114]
   ME 2114 (MS 359)  <==[ OVERWRITE with: ]  1069 (MS 360)
   pre-existing MPRG (@ MS 360): [5211, 5212]
   to-be-fixed  MPRG (@ MS 359): [5887, 5888, 5889, 5890, 5891, 5892, 5893, 5894, 5895, 5896, 5897, 5898, 5899, 5900, 5901, 5902, 5903, 5904, 5905, 5906, 5907, 5908]
   Updating all MPRGs @ duplicated ME 2114  <==|  with pre-existing ME 1069...
   - updating MPRG 5887
   - updating MPRG 5888
   - updating MPRG 5889
   - updating MPRG 5890
   - updating MPRG 5891
   - updating MPRG 5892
   - updating MPRG 5893
   - updating MPRG 5894
   - updating MPRG 5895
   - updating MPRG 5896
   - updating MPRG 5897
   - updating MPRG 5898
   - updating MPRG 5899
   - updating MPRG 5900
   - updating MPRG 5901
   - updating MPRG 5902
   - updating MPRG 5903
   - updating MPRG 5904
   - updating MPRG 5905
   - updating MPRG 5906
   - updating MPRG 5907
   - updating MPRG 5908
   -- Check for DELETION required: pre-existing MPRG found. --

        Checking duplication for MPRG 5211, category_type 694, gender_type: 1
        -> Duplication: 1, MPRG IDs: [5897]
           MPRG 5897 (cat.694, gender:1)  <==[ OVERWRITE with: ]  5211  (cat.694, gender:1)
           pre-existing MIRs (@ MPRG 5211): [103693]
           to-be-fixed  MIRs (@ MPRG 5897): [105213, 105214, 105215, 105216, 105217, 105218, 105219, 105220, 105221, 105222, 105223, 105224, 105225, 105226, 105227, 105228]
           Updating all MIRs @ duplicated MPRG 5897  <==|  with pre-existing MPRG 5211...
           - updating MIR 105213
           - updating MIR 105214
           - updating MIR 105215
           - updating MIR 105216
           - updating MIR 105217
           - updating MIR 105218
           - updating MIR 105219
           - updating MIR 105220
           - updating MIR 105221
           - updating MIR 105222
           - updating MIR 105223
           - updating MIR 105224
           - updating MIR 105225
           - updating MIR 105226
           - updating MIR 105227
           - updating MIR 105228
           -- Check for DELETION required: pre-existing MIRs found. --
                Checking duplication for MIR 103693, PRG 5211, swimmer: 785, team: 1, timing: 31"17
                -> Duplication: 1, MIR IDs: [105223]
                   -> Destroying duplicated MIR 105223, PRG 5211, swimmer: 785, team: 1, timing: 31"17
           pre-existing MRRs (@ MPRG 5211): []
           pre-existing MENTs (@ MPRG 5211): []
           pre-existing PASs (@ MPRG 5211): [963, 964]
           -- Check for DELETION required: pre-existing PASs found. --
                Checking duplication for PAS 963, PRG 5211, swimmer: 785, team: 1, timing: 15"22
                -> Duplication: 0, PAS IDs: []
                   No existing duplicates found for this PAS. Good. :-)
                Checking duplication for PAS 964, PRG 5211, swimmer: 785, team: 1, timing: 15"95
                -> Duplication: 0, PAS IDs: []
                   No existing duplicates found for this PAS. Good. :-)
           pre-existing DI_MIRs (@ MPRG 5211): []
           pre-existing DI_MRRs (@ MPRG 5211): []
        -> Destroying duplicated MPRG 5897

        Checking duplication for MPRG 5212, category_type 698, gender_type: 2
        -> Duplication: 1, MPRG IDs: [5891]
           MPRG 5891 (cat.698, gender:2)  <==[ OVERWRITE with: ]  5212  (cat.698, gender:2)
           pre-existing MIRs (@ MPRG 5212): [103694]
           to-be-fixed  MIRs (@ MPRG 5891): [105184, 105185, 105186, 105187, 105188, 105189, 105190, 105191, 105192, 105193, 105194]
           Updating all MIRs @ duplicated MPRG 5891  <==|  with pre-existing MPRG 5212...
           - updating MIR 105184
           - updating MIR 105185
           - updating MIR 105186
           - updating MIR 105187
           - updating MIR 105188
           - updating MIR 105189
           - updating MIR 105190
           - updating MIR 105191
           - updating MIR 105192
           - updating MIR 105193
           - updating MIR 105194
           -- Check for DELETION required: pre-existing MIRs found. --
                Checking duplication for MIR 103694, PRG 5212, swimmer: 192, team: 1, timing: 40"08
                -> Duplication: 1, MIR IDs: [105189]
                   -> Destroying duplicated MIR 105189, PRG 5212, swimmer: 192, team: 1, timing: 40"08
           pre-existing MRRs (@ MPRG 5212): []
           pre-existing MENTs (@ MPRG 5212): []
           pre-existing PASs (@ MPRG 5212): [961, 962]
           -- Check for DELETION required: pre-existing PASs found. --
                Checking duplication for PAS 961, PRG 5212, swimmer: 192, team: 1, timing: 19"63
                -> Duplication: 0, PAS IDs: []
                   No existing duplicates found for this PAS. Good. :-)
                Checking duplication for PAS 962, PRG 5212, swimmer: 192, team: 1, timing: 20"45
                -> Duplication: 0, PAS IDs: []
                   No existing duplicates found for this PAS. Good. :-)
           pre-existing DI_MIRs (@ MPRG 5212): []
           pre-existing DI_MRRs (@ MPRG 5212): []
        -> Destroying duplicated MPRG 5891
-> Destroying duplicated ME 2114

---------------- 8< -------------------
Meeeting: ID 13230, code: albenga, header date: 2013-11-16, 'TROFEO CITTA' DI ALBENGA'
Processing...
-> Tot. events 11, IDs: [2169, 2170, 2171, 2172, 2173, 2174, 2175, 2176, 2177, 2178, 2179]
   pre-existing, non-autofilled ME: []
   autofilled with data-import  ME: [2169, 2170, 2171, 2172, 2173, 2174, 2175, 2176, 2177, 2178, 2179]
   Everything seems fine...

---------------- 8< -------------------
Meeeting: ID 13222, code: speccampania, header date: 2013-11-02, 'DISTANZE SPECIALI CAMPANIA'
Processing...
-> Tot. events 2, IDs: [2137, 2138]
   pre-existing, non-autofilled ME: []
   autofilled with data-import  ME: [2137, 2138]
   Everything seems fine...

---------------- 8< -------------------
Meeeting: ID 13223, code: osimo, header date: 2013-11-02, 'MEETING SENZA TESTA'
Processing...
-> Tot. events 16, IDs: [2115, 2116, 2117, 2118, 2119, 2120, 2121, 2122, 2123, 2124, 2125, 2126, 2127, 2128, 2129, 2130]
   pre-existing, non-autofilled ME: []
   autofilled with data-import  ME: [2115, 2116, 2117, 2118, 2119, 2120, 2121, 2122, 2123, 2124, 2125, 2126, 2127, 2128, 2129, 2130]
   Everything seems fine...

---------------- 8< -------------------
Meeeting: ID 13228, code: speclazio, header date: 2013-11-09, 'DISTANZE SPECIALI LAZIO'
Processing...
-> Tot. events 2, IDs: [2154, 2155]
   pre-existing, non-autofilled ME: []
   autofilled with data-import  ME: [2154, 2155]
   Everything seems fine...

---------------- 8< -------------------
Meeeting: ID 13221, code: rovigo, header date: 2013-10-27, 'TROFEO ROVIGO NUOTO'
Processing...
-> Tot. events 6, IDs: [2131, 2132, 2133, 2134, 2135, 2136]
   pre-existing, non-autofilled ME: []
   autofilled with data-import  ME: [2131, 2132, 2133, 2134, 2135, 2136]
   Everything seems fine...

---------------- 8< -------------------
Meeeting: ID 13224, code: speclombardia, header date: 2013-11-03, 'DISTANZE SPECIALI LOMBARDIA'
Processing...
-> Tot. events 2, IDs: [2152, 2153]
   pre-existing, non-autofilled ME: []
   autofilled with data-import  ME: [2152, 2153]
   Everything seems fine...

---------------- 8< -------------------
Meeeting: ID 13226, code: solidarieta, header date: 2013-11-03, 'MEETING DELLA SOLIDARIETÀ'
Processing...
-> Tot. events 11, IDs: [2139, 2140, 2141, 2142, 2143, 2144, 2145, 2146, 2147, 2148, 2149]
   pre-existing, non-autofilled ME: []
   autofilled with data-import  ME: [2139, 2140, 2141, 2142, 2143, 2144, 2145, 2146, 2147, 2148, 2149]
   Everything seems fine...

---------------- 8< -------------------
Meeeting: ID 13229, code: saronno, header date: 2013-11-10, 'TROEO CITTA' DI SARONNO'
Processing...
-> Tot. events 10, IDs: [2159, 2160, 2161, 2162, 2163, 2164, 2165, 2166, 2167, 2168]
   pre-existing, non-autofilled ME: []
   autofilled with data-import  ME: [2159, 2160, 2161, 2162, 2163, 2164, 2165, 2166, 2167, 2168]
   Everything seems fine...

---------------- 8< -------------------
Meeeting: ID 13225, code: specliguria, header date: 2013-11-03, 'DISTANZE SPECIALI LIGURIA'
Processing...
-> Tot. events 2, IDs: [2150, 2151]
   pre-existing, non-autofilled ME: []
   autofilled with data-import  ME: [2150, 2151]
   Everything seems fine...

Done.
