2018/01/07 03:22:48.370933 [/Users/phil/Source/go/src/github.com/burke/zeus/go/processtree/slavenode.go:149] boot/(no PID) entering state SUnbooted
2018/01/07 03:22:48.371088 [/Users/phil/Source/go/src/github.com/burke/zeus/go/processtree/slavenode.go:391] boot/(no PID) running the root command now
2018/01/07 03:22:48.370942 [/Users/phil/Source/go/src/github.com/burke/zeus/go/processtree/slavenode.go:149] prerake/(no PID) entering state SUnbooted
2018/01/07 03:22:48.370972 [/Users/phil/Source/go/src/github.com/burke/zeus/go/processtree/slavenode.go:149] default_bundle/(no PID) entering state SUnbooted
2018/01/07 03:22:48.370982 [/Users/phil/Source/go/src/github.com/burke/zeus/go/processtree/slavenode.go:149] development_environment/(no PID) entering state SUnbooted
2018/01/07 03:22:48.370991 [/Users/phil/Source/go/src/github.com/burke/zeus/go/processtree/slavenode.go:149] test_environment/(no PID) entering state SUnbooted
2018/01/07 03:22:48.371002 [/Users/phil/Source/go/src/github.com/burke/zeus/go/processtree/slavenode.go:149] test_helper/(no PID) entering state SUnbooted
2018/01/07 03:22:48.830601 [/Users/phil/Source/go/src/github.com/burke/zeus/go/processtree/slavenode.go:135] boot/(1148) initialized slave boot with pid 1148 from parent 0
2018/01/07 03:22:48.830639 [/Users/phil/Source/go/src/github.com/burke/zeus/go/processtree/slavenode.go:152] boot/(1148) entering state SBooting
2018/01/07 03:22:50.336809 [/Users/phil/Source/go/src/github.com/burke/zeus/go/processtree/slavenode.go:231] boot/(1148) received action message
2018/01/07 03:22:50.336871 [/Users/phil/Source/go/src/github.com/burke/zeus/go/processtree/slavenode.go:155] boot/(1148) entering state SReady
2018/01/07 03:22:50.336891 [/Users/phil/Source/go/src/github.com/burke/zeus/go/processtree/slavenode.go:339] boot/(1148) now sending slave boot request for default_bundle
2018/01/07 03:22:50.338724 [/Users/phil/Source/go/src/github.com/burke/zeus/go/processtree/slavenode.go:135] default_bundle/(1157) initialized slave default_bundle with pid 1157 from parent 1148
2018/01/07 03:22:50.338770 [/Users/phil/Source/go/src/github.com/burke/zeus/go/processtree/slavenode.go:152] default_bundle/(1157) entering state SBooting
2018/01/07 03:22:50.517639 [/Users/phil/Source/go/src/github.com/burke/zeus/go/processtree/slavenode.go:231] default_bundle/(1157) received action message
2018/01/07 03:22:50.517694 [/Users/phil/Source/go/src/github.com/burke/zeus/go/processtree/slavenode.go:158] default_bundle/(no PID) entering state SCrashed
2018/01/07 03:22:50.517721 [/Users/phil/Source/go/src/github.com/burke/zeus/go/processtree/slavenode.go:158] test_environment/(no PID) entering state SCrashed
2018/01/07 03:22:50.517737 [/Users/phil/Source/go/src/github.com/burke/zeus/go/processtree/slavenode.go:158] test_helper/(no PID) entering state SCrashed
2018/01/07 03:22:50.517769 [/Users/phil/Source/go/src/github.com/burke/zeus/go/processtree/slavenode.go:158] development_environment/(no PID) entering state SCrashed
2018/01/07 03:22:50.517786 [/Users/phil/Source/go/src/github.com/burke/zeus/go/processtree/slavenode.go:158] prerake/(no PID) entering state SCrashed
