	*****************************
	     Team Merge Report
	*****************************

Merging 'CSS VERONA' (id: 234) => 'CSS -SD COOP SPORTIVA DIL' (id: 68)...


-          TeamAffiliation: duplicate rows = 1,     non-duplicate rows = 0.
    Duplicates:
    - id:429) CSS VERONA

-                    Badge: duplicate rows = 1,     non-duplicate rows = 0.
    Duplicates:
    - id:6991) ? (GALLINA ALESSANDRA)

-      DataImportTeamAlias: duplicate rows = 0,     non-duplicate rows = 0.

-                GoggleCup: duplicate rows = 0,     non-duplicate rows = 0.

-  MeetingIndividualResult: duplicate rows = 0,     non-duplicate rows = 1.

-       MeetingRelayResult: duplicate rows = 0,     non-duplicate rows = 0.

-         MeetingTeamScore: duplicate rows = 0,     non-duplicate rows = 0.

-      MeetingRelaySwimmer: duplicate rows = 0,     non-duplicate rows = 0.

-                  Passage: duplicate rows = 0,     non-duplicate rows = 0.

-        GoggleCupStandard: duplicate rows = 0,     non-duplicate rows = 0.

-             MeetingEntry: duplicate rows = 0,     non-duplicate rows = 0.

-              TeamManager: duplicate rows = 0,     non-duplicate rows = 0.

-      TeamPassageTemplate: duplicate rows = 0,     non-duplicate rows = 0.

-    ComputedSeasonRanking: duplicate rows = 0,     non-duplicate rows = 0.

-         IndividualRecord: duplicate rows = 0,     non-duplicate rows = 0.

Updating MeetingIndividualResult...
Updating MeetingRelaySwimmer...
Updating MeetingRelayResult...
Updating MeetingTeamScore...
Updating MeetingEntry...
Updating TeamManager...
Updating TeamPassageTemplate...
Updating ComputedSeasonRanking...
Updating IndividualRecord...
Updating Badge...
Updating DataImportTeamAlias...
Updating Passage...
Updating GoggleCupStandard...
Updating GoggleCup...
Updating TeamAffiliation...
Deleting MeetingIndividualResult 0 duplicates...
Deleting MeetingRelaySwimmer 0 duplicates...
Deleting MeetingRelayResult 0 duplicates...
Deleting MeetingTeamScore 0 duplicates...
Deleting MeetingEntry 0 duplicates...
Deleting TeamManager 0 duplicates...
Deleting TeamPassageTemplate 0 duplicates...
Deleting ComputedSeasonRanking 0 duplicates...
Deleting IndividualRecord 0 duplicates...
Deleting Badge 1 duplicates...
Deleting DataImportTeamAlias 0 duplicates...
Deleting GoggleCupStandard 0 duplicates...
Deleting GoggleCup 0 duplicates...
Deleting Passage 0 duplicates...
Deleting TeamAffiliation 1 duplicates...
Deleting Team 1 duplicates...
