	*****************************
	     Team Merge Report
	*****************************

Merging 'AMICI DEL NUOTO FIR' (id: 214) => 'MASTER AMICI DEL NUOTO' (id: 43)...


-          TeamAffiliation: duplicate rows = 1,     non-duplicate rows = 0.
    Duplicates:
    - id:409) AMICI DEL NUOTO FIR

-                    Badge:duplicate rows = 15,     non-duplicate rows = 0.
    Duplicates:
    - id:6899) ? (KILBOURN MEGAN)
    - id:6901) ? (DEGLI AGOSTINI BARBARA)
    - id:6913) ? (MACCHIONI FIORELLA)
    - id:6920) ? (CHIOSI EMANUELE)
    - id:6961) ? (RUMOR ALESSANDRO)
    - id:7219) ? (FREDUCCI CINZIA)
    - id:7237) ? (FERRARI MARTINA)
    - id:7238) ? (CESERI NICCOLO`)
    - id:7253) ? (ATTUCCI MIRKO)
    - id:7267) ? (PAGANO ANDREA)
    - id:7315) ? (FOLINI FRANCESCO)
    - id:7370) ? (CALLEA ELISABETTA)
    - id:7371) ? (COLZI NICOLETTA)
    - id:7378) ? (BOANINI MARCO)
    - id:7379) ? (DI LUCCIA COSTABILE)

-      DataImportTeamAlias: duplicate rows = 0,     non-duplicate rows = 1.

-                GoggleCup: duplicate rows = 0,     non-duplicate rows = 0.

-  MeetingIndividualResult: duplicate rows = 0,    non-duplicate rows = 37.

-       MeetingRelayResult: duplicate rows = 0,     non-duplicate rows = 3.
    Non-duplicates:
    - id:1342) 2013-11-10, 4x50 MX (Mix.Rel.): 2) AMICI DEL NUOTO FIR, 2'31"95
    - id:1345) 2013-11-10, 4x50 MX (Mix.Rel.): 2) AMICI DEL NUOTO FIR, 2'10"03
    - id:1356) 2013-11-10, 4x50 MX (Mix.Rel.): 2) AMICI DEL NUOTO FIR, 2'46"82

-         MeetingTeamScore: duplicate rows = 0,     non-duplicate rows = 1.

-      MeetingRelaySwimmer: duplicate rows = 0,     non-duplicate rows = 0.

-                  Passage: duplicate rows = 0,     non-duplicate rows = 0.

-        GoggleCupStandard: duplicate rows = 0,     non-duplicate rows = 0.

-             MeetingEntry: duplicate rows = 0,     non-duplicate rows = 0.

-              TeamManager: duplicate rows = 0,     non-duplicate rows = 0.

-      TeamPassageTemplate: duplicate rows = 0,     non-duplicate rows = 0.

-    ComputedSeasonRanking: duplicate rows = 0,     non-duplicate rows = 0.

-         IndividualRecord: duplicate rows = 0,     non-duplicate rows = 0.

Updating MeetingIndividualResult...
Updating MeetingRelaySwimmer...
Updating MeetingRelayResult...
Updating MeetingTeamScore...
Updating MeetingEntry...
Updating TeamManager...
Updating TeamPassageTemplate...
Updating ComputedSeasonRanking...
Updating IndividualRecord...
Updating Badge...
Updating DataImportTeamAlias...
Updating Passage...
Updating GoggleCupStandard...
Updating GoggleCup...
Updating TeamAffiliation...
Deleting MeetingIndividualResult 0 duplicates...
Deleting MeetingRelaySwimmer 0 duplicates...
Deleting MeetingRelayResult 0 duplicates...
Deleting MeetingTeamScore 0 duplicates...
Deleting MeetingEntry 0 duplicates...
Deleting TeamManager 0 duplicates...
Deleting TeamPassageTemplate 0 duplicates...
Deleting ComputedSeasonRanking 0 duplicates...
Deleting IndividualRecord 0 duplicates...
Deleting Badge 15 duplicates...
Deleting DataImportTeamAlias 0 duplicates...
Deleting GoggleCupStandard 0 duplicates...
Deleting GoggleCup 0 duplicates...
Deleting Passage 0 duplicates...
Deleting TeamAffiliation 1 duplicates...
Deleting Team 1 duplicates...
